<?xml version="1.0" encoding="UTF-8"?>
<robot generator="Robot 6.0.2 (Python 3.10.6 on linux)" generated="20230801 13:50:31.998" rpa="false" schemaversion="3">
<suite id="s1" name="Web-Version" source="/home/user/Documents/EnigmaCamp/SQA/talent-connect-automation/Tests/web-version">
<suite id="s1-s1" name="1-Admin Test Case" source="/home/user/Documents/EnigmaCamp/SQA/talent-connect-automation/Tests/web-version/1-admin_test_case.robot">
<test id="s1-s1-t1" name="As Admin I can login as Admin Role on Talent Connect" line="9">
<kw name="Login Into TalentConnect" library="web_resources">
<arg>url=${url}</arg>
<arg>email=${email_admin}</arg>
<arg>password=${password}</arg>
<arg>assertion_text=Admin</arg>
<kw name="Open Target Browser" library="web_resources">
<arg>url=${url}</arg>
<kw name="Open Browser" library="SeleniumLibrary">
<arg>${url}</arg>
<arg>Chrome</arg>
<doc>Opens a new browser instance to the optional ``url``.</doc>
<msg timestamp="20230801 13:50:32.166" level="INFO">Opening browser 'Chrome' to base url 'http://167.172.84.203.nip.io/'.</msg>
<msg timestamp="20230801 13:50:32.166" level="INFO">Applicable driver not found; attempting to install with Selenium Manager (Beta)</msg>
<status status="PASS" starttime="20230801 13:50:32.165" endtime="20230801 13:50:33.569"/>
</kw>
<kw name="Maximize Browser Window" library="SeleniumLibrary">
<doc>Maximizes current browser window.</doc>
<status status="PASS" starttime="20230801 13:50:33.569" endtime="20230801 13:50:33.710"/>
</kw>
<status status="PASS" starttime="20230801 13:50:32.165" endtime="20230801 13:50:33.710"/>
</kw>
<kw name="Input Email Credential" library="web_resources">
<arg>email=${email}</arg>
<kw name="Input Text" library="SeleniumLibrary">
<arg>${email_field}</arg>
<arg>${email}</arg>
<doc>Types the given ``text`` into the text field identified by ``locator``.</doc>
<msg timestamp="20230801 13:50:33.713" level="INFO">Typing text 'admin@gmail.com' into text field '//input[@id='Email']'.</msg>
<status status="PASS" starttime="20230801 13:50:33.712" endtime="20230801 13:50:33.921"/>
</kw>
<status status="PASS" starttime="20230801 13:50:33.711" endtime="20230801 13:50:33.921"/>
</kw>
<kw name="Input Password Credential" library="web_resources">
<arg>password=${password}</arg>
<kw name="Input Password" library="SeleniumLibrary">
<arg>${password_field}</arg>
<arg>${password}</arg>
<doc>Types the given password into the text field identified by ``locator``.</doc>
<msg timestamp="20230801 13:50:33.923" level="INFO">Typing password into text field '//input[@id='password']'.</msg>
<msg timestamp="20230801 13:50:33.969" level="INFO">Temporally setting log level to: NONE</msg>
<msg timestamp="20230801 13:50:34.062" level="INFO">Log level changed from NONE to INFO.</msg>
<status status="PASS" starttime="20230801 13:50:33.922" endtime="20230801 13:50:34.062"/>
</kw>
<status status="PASS" starttime="20230801 13:50:33.921" endtime="20230801 13:50:34.062"/>
</kw>
<kw name="Click Login Button" library="web_resources">
<kw name="Click Button" library="SeleniumLibrary">
<arg>locator=${sign_in_button}</arg>
<doc>Clicks the button identified by ``locator``.</doc>
<msg timestamp="20230801 13:50:34.063" level="INFO">Clicking button '//button[@type='submit']'.</msg>
<status status="PASS" starttime="20230801 13:50:34.063" endtime="20230801 13:50:34.164"/>
</kw>
<status status="PASS" starttime="20230801 13:50:34.062" endtime="20230801 13:50:34.164"/>
</kw>
<kw name="Wait Until Page Contains" library="SeleniumLibrary">
<arg>text=${assertion_text}</arg>
<doc>Waits until ``text`` appears on the current page.</doc>
<status status="PASS" starttime="20230801 13:50:34.165" endtime="20230801 13:50:34.411"/>
</kw>
<status status="PASS" starttime="20230801 13:50:32.164" endtime="20230801 13:50:34.411"/>
</kw>
<status status="PASS" starttime="20230801 13:50:32.163" endtime="20230801 13:50:34.411"/>
</test>
<test id="s1-s1-t2" name="As Admin I can find program on search bar" line="12">
<kw name="Search bar on Program Page" library="web_resources">
<arg>target_text=ITDP 3</arg>
<arg>exclude_text=Joging</arg>
<kw name="Wait Until Element Is Visible" library="SeleniumLibrary">
<arg>locator=${search_program_field}</arg>
<doc>Waits until the element ``locator`` is visible.</doc>
<status status="PASS" starttime="20230801 13:50:34.415" endtime="20230801 13:50:34.442"/>
</kw>
<kw name="Input Text" library="SeleniumLibrary">
<arg>locator=${search_program_field}</arg>
<arg>text=${target_text}</arg>
<doc>Types the given ``text`` into the text field identified by ``locator``.</doc>
<msg timestamp="20230801 13:50:34.443" level="INFO">Typing text 'ITDP 3' into text field '//input[@placeholder='Search Program']'.</msg>
<status status="PASS" starttime="20230801 13:50:34.442" endtime="20230801 13:50:34.533"/>
</kw>
<kw name="Wait Until Page Does Not Contain" library="SeleniumLibrary">
<arg>text=${exclude_text}</arg>
<doc>Waits until ``text`` disappears from the current page.</doc>
<status status="PASS" starttime="20230801 13:50:34.533" endtime="20230801 13:50:35.598"/>
</kw>
<status status="PASS" starttime="20230801 13:50:34.414" endtime="20230801 13:50:35.599"/>
</kw>
<status status="PASS" starttime="20230801 13:50:34.412" endtime="20230801 13:50:35.599"/>
</test>
<test id="s1-s1-t3" name="As Admin I can add new program" line="15">
<kw name="Add New TalentConnect Program" library="web_resources">
<arg>title=Automation Title</arg>
<arg>start_date=07/01/2023</arg>
<arg>end_date=08/01/2023</arg>
<kw name="Click Element" library="SeleniumLibrary">
<arg>locator=${add_program_button}</arg>
<doc>Click the element identified by ``locator``.</doc>
<msg timestamp="20230801 13:50:35.601" level="INFO">Clicking element '//button[normalize-space()='+ Add Program']'.</msg>
<status status="PASS" starttime="20230801 13:50:35.601" endtime="20230801 13:50:35.674"/>
</kw>
<kw name="Input Text" library="SeleniumLibrary">
<arg>locator=${add_program_title}</arg>
<arg>text=${title}</arg>
<doc>Types the given ``text`` into the text field identified by ``locator``.</doc>
<msg timestamp="20230801 13:50:35.675" level="INFO">Typing text 'Automation Title' into text field '//input[@id='programTitle']'.</msg>
<status status="PASS" starttime="20230801 13:50:35.674" endtime="20230801 13:50:35.792"/>
</kw>
<kw name="Input Text" library="SeleniumLibrary">
<arg>locator=${add_program_startdate}</arg>
<arg>text=${start_date}</arg>
<doc>Types the given ``text`` into the text field identified by ``locator``.</doc>
<msg timestamp="20230801 13:50:35.793" level="INFO">Typing text '07/01/2023' into text field '//input[@id='startDate']'.</msg>
<status status="PASS" starttime="20230801 13:50:35.792" endtime="20230801 13:50:35.899"/>
</kw>
<kw name="Input Text" library="SeleniumLibrary">
<arg>locator=${add_program_enddate}</arg>
<arg>text=${end_date}</arg>
<doc>Types the given ``text`` into the text field identified by ``locator``.</doc>
<msg timestamp="20230801 13:50:35.900" level="INFO">Typing text '08/01/2023' into text field '//input[@id='endDate']'.</msg>
<status status="PASS" starttime="20230801 13:50:35.899" endtime="20230801 13:50:35.990"/>
</kw>
<kw name="Click Element" library="SeleniumLibrary">
<arg>locator=${confirm_add_program}</arg>
<doc>Click the element identified by ``locator``.</doc>
<msg timestamp="20230801 13:50:35.991" level="INFO">Clicking element '//button[normalize-space()='Add Program']'.</msg>
<status status="PASS" starttime="20230801 13:50:35.990" endtime="20230801 13:50:36.039"/>
</kw>
<kw name="Wait Until Page Contains" library="SeleniumLibrary">
<arg>text=${title}</arg>
<doc>Waits until ``text`` appears on the current page.</doc>
<status status="PASS" starttime="20230801 13:50:36.039" endtime="20230801 13:50:36.263"/>
</kw>
<status status="PASS" starttime="20230801 13:50:35.600" endtime="20230801 13:50:36.263"/>
</kw>
<status status="PASS" starttime="20230801 13:50:35.599" endtime="20230801 13:50:36.263"/>
</test>
<test id="s1-s1-t4" name="As Admin I can add new participant on target program" line="18">
<kw name="Add New Participant on Program" library="web_resources">
<arg>program_title=Automation Title</arg>
<arg>participant_name=Mentee</arg>
<kw name="Move to Program Page" library="web_resources">
<kw name="Click Element" library="SeleniumLibrary">
<arg>locator=${program_button}</arg>
<doc>Click the element identified by ``locator``.</doc>
<msg timestamp="20230801 13:50:36.266" level="INFO">Clicking element '//img[@alt='Program Icon']'.</msg>
<status status="PASS" starttime="20230801 13:50:36.265" endtime="20230801 13:50:36.339"/>
</kw>
<kw name="Sleep" library="BuiltIn">
<arg>1s</arg>
<doc>Pauses the test executed for the given time.</doc>
<msg timestamp="20230801 13:50:37.340" level="INFO">Slept 1 second</msg>
<status status="PASS" starttime="20230801 13:50:36.339" endtime="20230801 13:50:37.340"/>
</kw>
<status status="PASS" starttime="20230801 13:50:36.265" endtime="20230801 13:50:37.340"/>
</kw>
<kw name="Search bar on Program Page" library="web_resources">
<arg>target_text=Automation Title</arg>
<arg>exclude_text=Joging</arg>
<kw name="Wait Until Element Is Visible" library="SeleniumLibrary">
<arg>locator=${search_program_field}</arg>
<doc>Waits until the element ``locator`` is visible.</doc>
<status status="PASS" starttime="20230801 13:50:37.340" endtime="20230801 13:50:37.362"/>
</kw>
<kw name="Input Text" library="SeleniumLibrary">
<arg>locator=${search_program_field}</arg>
<arg>text=${target_text}</arg>
<doc>Types the given ``text`` into the text field identified by ``locator``.</doc>
<msg timestamp="20230801 13:50:37.364" level="INFO">Typing text 'Automation Title' into text field '//input[@placeholder='Search Program']'.</msg>
<status status="PASS" starttime="20230801 13:50:37.363" endtime="20230801 13:50:37.463"/>
</kw>
<kw name="Wait Until Page Does Not Contain" library="SeleniumLibrary">
<arg>text=${exclude_text}</arg>
<doc>Waits until ``text`` disappears from the current page.</doc>
<status status="PASS" starttime="20230801 13:50:37.463" endtime="20230801 13:50:38.524"/>
</kw>
<status status="PASS" starttime="20230801 13:50:37.340" endtime="20230801 13:50:38.525"/>
</kw>
<kw name="Click Element" library="SeleniumLibrary">
<arg>locator=${target_program}</arg>
<doc>Click the element identified by ``locator``.</doc>
<msg timestamp="20230801 13:50:38.525" level="INFO">Clicking element '//h5[contains(text(),'Automation Title')]'.</msg>
<status status="PASS" starttime="20230801 13:50:38.525" endtime="20230801 13:50:38.638"/>
</kw>
<kw name="Sleep" library="BuiltIn">
<arg>2s</arg>
<doc>Pauses the test executed for the given time.</doc>
<msg timestamp="20230801 13:50:40.638" level="INFO">Slept 2 seconds</msg>
<status status="PASS" starttime="20230801 13:50:38.638" endtime="20230801 13:50:40.638"/>
</kw>
<kw name="Click Element" library="SeleniumLibrary">
<arg>locator=${participant_tab}</arg>
<doc>Click the element identified by ``locator``.</doc>
<msg timestamp="20230801 13:50:40.639" level="INFO">Clicking element '//div[@id='rc-tabs-0-tab-2']'.</msg>
<status status="PASS" starttime="20230801 13:50:40.638" endtime="20230801 13:50:40.691"/>
</kw>
<kw name="Wait Until Page Contains" library="SeleniumLibrary">
<arg>text=Mentees</arg>
<doc>Waits until ``text`` appears on the current page.</doc>
<status status="PASS" starttime="20230801 13:50:40.691" endtime="20230801 13:50:40.707"/>
</kw>
<kw name="Sleep" library="BuiltIn">
<arg>1s</arg>
<doc>Pauses the test executed for the given time.</doc>
<msg timestamp="20230801 13:50:41.708" level="INFO">Slept 1 second</msg>
<status status="PASS" starttime="20230801 13:50:40.707" endtime="20230801 13:50:41.708"/>
</kw>
<kw name="Click Element" library="SeleniumLibrary">
<arg>locator=${add_new_participant}</arg>
<doc>Click the element identified by ``locator``.</doc>
<msg timestamp="20230801 13:50:41.708" level="INFO">Clicking element '//button[normalize-space()='+ Add Mentee']'.</msg>
<status status="PASS" starttime="20230801 13:50:41.708" endtime="20230801 13:50:41.759"/>
</kw>
<kw name="Sleep" library="BuiltIn">
<arg>1s</arg>
<doc>Pauses the test executed for the given time.</doc>
<msg timestamp="20230801 13:50:42.759" level="INFO">Slept 1 second</msg>
<status status="PASS" starttime="20230801 13:50:41.759" endtime="20230801 13:50:42.759"/>
</kw>
<kw name="Click Element" library="SeleniumLibrary">
<arg>locator=${show_participant_list}</arg>
<doc>Click the element identified by ``locator``.</doc>
<msg timestamp="20230801 13:50:42.760" level="INFO">Clicking element '//div[@class=' css-19bb58m']'.</msg>
<status status="PASS" starttime="20230801 13:50:42.759" endtime="20230801 13:50:42.823"/>
</kw>
<kw name="Sleep" library="BuiltIn">
<arg>1s</arg>
<doc>Pauses the test executed for the given time.</doc>
<msg timestamp="20230801 13:50:43.824" level="INFO">Slept 1 second</msg>
<status status="PASS" starttime="20230801 13:50:42.824" endtime="20230801 13:50:43.824"/>
</kw>
<kw name="Press Keys" library="SeleniumLibrary">
<arg>None</arg>
<arg>${participant_name}</arg>
<doc>Simulates the user pressing key(s) to an element or on the active browser.</doc>
<msg timestamp="20230801 13:50:43.825" level="INFO">Sending key(s) ('Mentee',) to page.</msg>
<msg timestamp="20230801 13:50:43.825" level="INFO">Sending keys Mentee</msg>
<status status="PASS" starttime="20230801 13:50:43.824" endtime="20230801 13:50:43.894"/>
</kw>
<kw name="Sleep" library="BuiltIn">
<arg>1s</arg>
<doc>Pauses the test executed for the given time.</doc>
<msg timestamp="20230801 13:50:44.895" level="INFO">Slept 1 second</msg>
<status status="PASS" starttime="20230801 13:50:43.895" endtime="20230801 13:50:44.896"/>
</kw>
<kw name="Press Keys" library="SeleniumLibrary">
<arg>None</arg>
<arg>RETURN</arg>
<doc>Simulates the user pressing key(s) to an element or on the active browser.</doc>
<msg timestamp="20230801 13:50:44.896" level="INFO">Sending key(s) ('RETURN',) to page.</msg>
<msg timestamp="20230801 13:50:44.896" level="INFO">Pressing special key RETURN to browser.</msg>
<msg timestamp="20230801 13:50:44.896" level="INFO">Releasing special key RETURN.</msg>
<status status="PASS" starttime="20230801 13:50:44.896" endtime="20230801 13:50:44.915"/>
</kw>
<kw name="Sleep" library="BuiltIn">
<arg>1s</arg>
<doc>Pauses the test executed for the given time.</doc>
<msg timestamp="20230801 13:50:45.916" level="INFO">Slept 1 second</msg>
<status status="PASS" starttime="20230801 13:50:44.915" endtime="20230801 13:50:45.916"/>
</kw>
<kw name="Click Element" library="SeleniumLibrary">
<arg>locator=${confirm_add_participant}</arg>
<doc>Click the element identified by ``locator``.</doc>
<msg timestamp="20230801 13:50:45.917" level="INFO">Clicking element '//button[normalize-space()='Confirm']'.</msg>
<status status="PASS" starttime="20230801 13:50:45.916" endtime="20230801 13:50:45.972"/>
</kw>
<status status="PASS" starttime="20230801 13:50:36.264" endtime="20230801 13:50:45.972"/>
</kw>
<status status="PASS" starttime="20230801 13:50:36.264" endtime="20230801 13:50:45.973"/>
</test>
<test id="s1-s1-t5" name="As Admin I can add new activity" line="21">
<kw name="Add New Activity on Program" library="web_resources">
<arg>role=Admin</arg>
<arg>participant_name=all</arg>
<kw name="Set Variable If" library="BuiltIn">
<var>${day_addition}</var>
<arg>'${role}'=='Mentor'</arg>
<arg>0</arg>
<arg>8</arg>
<doc>Sets variable based on the given condition.</doc>
<msg timestamp="20230801 13:50:45.975" level="INFO">${day_addition} = 8</msg>
<status status="PASS" starttime="20230801 13:50:45.975" endtime="20230801 13:50:45.975"/>
</kw>
<kw name="Set Variable If" library="BuiltIn">
<var>${time}</var>
<arg>'${role}'=='Mentor'</arg>
<arg>00</arg>
<arg>11</arg>
<doc>Sets variable based on the given condition.</doc>
<msg timestamp="20230801 13:50:45.975" level="INFO">${time} = 11</msg>
<status status="PASS" starttime="20230801 13:50:45.975" endtime="20230801 13:50:45.975"/>
</kw>
<kw name="Get Current Date" library="DateTime">
<var>${date}</var>
<arg>UTC</arg>
<doc>Returns current local or UTC time with an optional increment.</doc>
<msg timestamp="20230801 13:50:45.976" level="INFO">${date} = 2023-08-01 06:50:45.976</msg>
<status status="PASS" starttime="20230801 13:50:45.975" endtime="20230801 13:50:45.976"/>
</kw>
<kw name="Add Time To Date" library="DateTime">
<var>${future_date}</var>
<arg>${date}</arg>
<arg>${day_addition} days</arg>
<doc>Adds time to date and returns the resulting date.</doc>
<msg timestamp="20230801 13:50:45.978" level="INFO">${future_date} = 2023-08-09 06:50:45.976</msg>
<status status="PASS" starttime="20230801 13:50:45.976" endtime="20230801 13:50:45.978"/>
</kw>
<kw name="Convert Date" library="DateTime">
<var>${activity_date}</var>
<arg>${future_date}</arg>
<arg>result_format=%m-%d-%Y</arg>
<doc>Converts between supported `date formats`.</doc>
<msg timestamp="20230801 13:50:45.980" level="INFO">${activity_date} = 08-09-2023</msg>
<status status="PASS" starttime="20230801 13:50:45.979" endtime="20230801 13:50:45.980"/>
</kw>
<kw name="Sleep" library="BuiltIn">
<arg>1s</arg>
<doc>Pauses the test executed for the given time.</doc>
<msg timestamp="20230801 13:50:46.981" level="INFO">Slept 1 second</msg>
<status status="PASS" starttime="20230801 13:50:45.980" endtime="20230801 13:50:46.981"/>
</kw>
<kw name="Move to Program Page" library="web_resources">
<kw name="Click Element" library="SeleniumLibrary">
<arg>locator=${program_button}</arg>
<doc>Click the element identified by ``locator``.</doc>
<msg timestamp="20230801 13:50:46.982" level="INFO">Clicking element '//img[@alt='Program Icon']'.</msg>
<status status="PASS" starttime="20230801 13:50:46.981" endtime="20230801 13:50:47.042"/>
</kw>
<kw name="Sleep" library="BuiltIn">
<arg>1s</arg>
<doc>Pauses the test executed for the given time.</doc>
<msg timestamp="20230801 13:50:48.043" level="INFO">Slept 1 second</msg>
<status status="PASS" starttime="20230801 13:50:47.043" endtime="20230801 13:50:48.043"/>
</kw>
<status status="PASS" starttime="20230801 13:50:46.981" endtime="20230801 13:50:48.043"/>
</kw>
<kw name="Search bar on Program Page" library="web_resources">
<arg>target_text=Automation Title</arg>
<arg>exclude_text=Joging</arg>
<kw name="Wait Until Element Is Visible" library="SeleniumLibrary">
<arg>locator=${search_program_field}</arg>
<doc>Waits until the element ``locator`` is visible.</doc>
<status status="PASS" starttime="20230801 13:50:48.044" endtime="20230801 13:50:48.066"/>
</kw>
<kw name="Input Text" library="SeleniumLibrary">
<arg>locator=${search_program_field}</arg>
<arg>text=${target_text}</arg>
<doc>Types the given ``text`` into the text field identified by ``locator``.</doc>
<msg timestamp="20230801 13:50:48.067" level="INFO">Typing text 'Automation Title' into text field '//input[@placeholder='Search Program']'.</msg>
<status status="PASS" starttime="20230801 13:50:48.066" endtime="20230801 13:50:48.176"/>
</kw>
<kw name="Wait Until Page Does Not Contain" library="SeleniumLibrary">
<arg>text=${exclude_text}</arg>
<doc>Waits until ``text`` disappears from the current page.</doc>
<status status="PASS" starttime="20230801 13:50:48.176" endtime="20230801 13:50:49.244"/>
</kw>
<status status="PASS" starttime="20230801 13:50:48.044" endtime="20230801 13:50:49.245"/>
</kw>
<kw name="Sleep" library="BuiltIn">
<arg>1s</arg>
<doc>Pauses the test executed for the given time.</doc>
<msg timestamp="20230801 13:50:50.245" level="INFO">Slept 1 second</msg>
<status status="PASS" starttime="20230801 13:50:49.245" endtime="20230801 13:50:50.245"/>
</kw>
<kw name="Click Element" library="SeleniumLibrary">
<arg>locator=${target_program}</arg>
<doc>Click the element identified by ``locator``.</doc>
<msg timestamp="20230801 13:50:50.246" level="INFO">Clicking element '//h5[contains(text(),'Automation Title')]'.</msg>
<status status="PASS" starttime="20230801 13:50:50.246" endtime="20230801 13:50:50.347"/>
</kw>
<kw name="Click Element" library="SeleniumLibrary">
<arg>//button[normalize-space()='+ Add Activity']</arg>
<doc>Click the element identified by ``locator``.</doc>
<msg timestamp="20230801 13:50:50.348" level="INFO">Clicking element '//button[normalize-space()='+ Add Activity']'.</msg>
<status status="PASS" starttime="20230801 13:50:50.347" endtime="20230801 13:50:50.481"/>
</kw>
<kw name="Wait Until Page Contains" library="SeleniumLibrary">
<arg>Add Activity</arg>
<doc>Waits until ``text`` appears on the current page.</doc>
<status status="PASS" starttime="20230801 13:50:50.481" endtime="20230801 13:50:50.502"/>
</kw>
<kw name="Input Text" library="SeleniumLibrary">
<arg>//input[@id='activityTitle']</arg>
<arg>${role} Automation Activity</arg>
<doc>Types the given ``text`` into the text field identified by ``locator``.</doc>
<msg timestamp="20230801 13:50:50.503" level="INFO">Typing text 'Admin Automation Activity' into text field '//input[@id='activityTitle']'.</msg>
<status status="PASS" starttime="20230801 13:50:50.502" endtime="20230801 13:50:50.661"/>
</kw>
<kw name="Input Text" library="SeleniumLibrary">
<arg>//input[@id='link']</arg>
<arg>www.automation.com</arg>
<doc>Types the given ``text`` into the text field identified by ``locator``.</doc>
<msg timestamp="20230801 13:50:50.662" level="INFO">Typing text 'www.automation.com' into text field '//input[@id='link']'.</msg>
<status status="PASS" starttime="20230801 13:50:50.662" endtime="20230801 13:50:50.815"/>
</kw>
<kw name="Click Element" library="SeleniumLibrary">
<arg>//input[@id='date']</arg>
<doc>Click the element identified by ``locator``.</doc>
<msg timestamp="20230801 13:50:50.816" level="INFO">Clicking element '//input[@id='date']'.</msg>
<status status="PASS" starttime="20230801 13:50:50.815" endtime="20230801 13:50:50.889"/>
</kw>
<kw name="Input Text" library="SeleniumLibrary">
<arg>//input[@id='date']</arg>
<arg>${activity_date}</arg>
<doc>Types the given ``text`` into the text field identified by ``locator``.</doc>
<msg timestamp="20230801 13:50:50.890" level="INFO">Typing text '08-09-2023' into text field '//input[@id='date']'.</msg>
<status status="PASS" starttime="20230801 13:50:50.889" endtime="20230801 13:50:50.983"/>
</kw>
<kw name="Press Keys" library="SeleniumLibrary">
<arg>None</arg>
<arg>ARROW_RIGHT</arg>
<doc>Simulates the user pressing key(s) to an element or on the active browser.</doc>
<msg timestamp="20230801 13:50:50.984" level="INFO">Sending key(s) ('ARROW_RIGHT',) to page.</msg>
<msg timestamp="20230801 13:50:50.984" level="INFO">Pressing special key ARROW_RIGHT to browser.</msg>
<msg timestamp="20230801 13:50:50.984" level="INFO">Releasing special key ARROW_RIGHT.</msg>
<status status="PASS" starttime="20230801 13:50:50.983" endtime="20230801 13:50:50.990"/>
</kw>
<kw name="Press Keys" library="SeleniumLibrary">
<arg>None</arg>
<arg>${time}:00AM</arg>
<doc>Simulates the user pressing key(s) to an element or on the active browser.</doc>
<msg timestamp="20230801 13:50:50.992" level="INFO">Sending key(s) ('11:00AM',) to page.</msg>
<msg timestamp="20230801 13:50:50.992" level="INFO">Sending keys 11:00AM</msg>
<status status="PASS" starttime="20230801 13:50:50.991" endtime="20230801 13:50:51.015"/>
</kw>
<kw name="Run Keyword If" library="BuiltIn">
<arg>'${role}'=='Mentor'</arg>
<arg>Add Participant when Create Activity</arg>
<arg>participant_name=${participant_name}</arg>
<doc>Runs the given keyword with the given arguments, if ``condition`` is true.</doc>
<status status="PASS" starttime="20230801 13:50:51.015" endtime="20230801 13:50:51.016"/>
</kw>
<kw name="Input Text" library="SeleniumLibrary">
<arg>//textarea[@id='description']</arg>
<arg>${role} Automation Activity Description</arg>
<doc>Types the given ``text`` into the text field identified by ``locator``.</doc>
<msg timestamp="20230801 13:50:51.016" level="INFO">Typing text 'Admin Automation Activity Description' into text field '//textarea[@id='description']'.</msg>
<status status="PASS" starttime="20230801 13:50:51.016" endtime="20230801 13:50:51.176"/>
</kw>
<kw name="Scroll into end of page" library="web_resources">
<kw name="Execute Javascript" library="SeleniumLibrary">
<arg>window.scrollTo(0, document.body.scrollHeight)</arg>
<doc>Executes the given JavaScript code with possible arguments.</doc>
<msg timestamp="20230801 13:50:51.178" level="INFO">Executing JavaScript:
window.scrollTo(0, document.body.scrollHeight)
Without any arguments.</msg>
<status status="PASS" starttime="20230801 13:50:51.177" endtime="20230801 13:50:51.184"/>
</kw>
<kw name="Sleep" library="BuiltIn">
<arg>1s</arg>
<doc>Pauses the test executed for the given time.</doc>
<msg timestamp="20230801 13:50:52.185" level="INFO">Slept 1 second</msg>
<status status="PASS" starttime="20230801 13:50:51.184" endtime="20230801 13:50:52.185"/>
</kw>
<status status="PASS" starttime="20230801 13:50:51.176" endtime="20230801 13:50:52.185"/>
</kw>
<kw name="Click Element" library="SeleniumLibrary">
<arg>//button[normalize-space()='Add Activity']</arg>
<doc>Click the element identified by ``locator``.</doc>
<msg timestamp="20230801 13:50:52.185" level="INFO">Clicking element '//button[normalize-space()='Add Activity']'.</msg>
<status status="PASS" starttime="20230801 13:50:52.185" endtime="20230801 13:50:52.239"/>
</kw>
<kw name="Wait Until Page Contains" library="SeleniumLibrary">
<arg>${role} Automation Activity</arg>
<doc>Waits until ``text`` appears on the current page.</doc>
<status status="PASS" starttime="20230801 13:50:52.239" endtime="20230801 13:50:52.255"/>
</kw>
<status status="PASS" starttime="20230801 13:50:45.974" endtime="20230801 13:50:52.255"/>
</kw>
<status status="PASS" starttime="20230801 13:50:45.973" endtime="20230801 13:50:52.255"/>
</test>
<test id="s1-s1-t6" name="As Admin I Can Move to User Management Page" line="24">
<kw name="Move to User Management Page" library="web_resources">
<kw name="Click Element" library="SeleniumLibrary">
<arg>locator=${user_management_button}</arg>
<doc>Click the element identified by ``locator``.</doc>
<msg timestamp="20230801 13:50:52.258" level="INFO">Clicking element '//img[@alt='User Management Icon']'.</msg>
<status status="PASS" starttime="20230801 13:50:52.257" endtime="20230801 13:50:52.420"/>
</kw>
<kw name="Wait Until Page Contains" library="SeleniumLibrary">
<arg>text=User Management</arg>
<doc>Waits until ``text`` appears on the current page.</doc>
<status status="PASS" starttime="20230801 13:50:52.420" endtime="20230801 13:50:52.438"/>
</kw>
<status status="PASS" starttime="20230801 13:50:52.257" endtime="20230801 13:50:52.439"/>
</kw>
<status status="PASS" starttime="20230801 13:50:52.256" endtime="20230801 13:50:52.439"/>
</test>
<test id="s1-s1-t7" name="As Admin I Can Filter Mentee user" line="27">
<kw name="Filter on User Management Page" library="web_resources">
<arg>role=Mentee</arg>
<kw name="Click Element" library="SeleniumLibrary">
<arg>locator=//*[@id="role"]/div/div[1]/div[2]</arg>
<doc>Click the element identified by ``locator``.</doc>
<msg timestamp="20230801 13:50:52.442" level="INFO">Clicking element '//*[@id="role"]/div/div[1]/div[2]'.</msg>
<status status="PASS" starttime="20230801 13:50:52.441" endtime="20230801 13:50:52.610"/>
</kw>
<kw name="Press Keys" library="SeleniumLibrary">
<arg>None</arg>
<arg>${role}</arg>
<doc>Simulates the user pressing key(s) to an element or on the active browser.</doc>
<msg timestamp="20230801 13:50:52.611" level="INFO">Sending key(s) ('Mentee',) to page.</msg>
<msg timestamp="20230801 13:50:52.611" level="INFO">Sending keys Mentee</msg>
<status status="PASS" starttime="20230801 13:50:52.610" endtime="20230801 13:50:52.686"/>
</kw>
<kw name="Sleep" library="BuiltIn">
<arg>1s</arg>
<doc>Pauses the test executed for the given time.</doc>
<msg timestamp="20230801 13:50:53.687" level="INFO">Slept 1 second</msg>
<status status="PASS" starttime="20230801 13:50:52.686" endtime="20230801 13:50:53.687"/>
</kw>
<kw name="Press Keys" library="SeleniumLibrary">
<arg>None</arg>
<arg>RETURN</arg>
<doc>Simulates the user pressing key(s) to an element or on the active browser.</doc>
<msg timestamp="20230801 13:50:53.688" level="INFO">Sending key(s) ('RETURN',) to page.</msg>
<msg timestamp="20230801 13:50:53.688" level="INFO">Pressing special key RETURN to browser.</msg>
<msg timestamp="20230801 13:50:53.688" level="INFO">Releasing special key RETURN.</msg>
<status status="PASS" starttime="20230801 13:50:53.687" endtime="20230801 13:50:53.703"/>
</kw>
<kw name="Sleep" library="BuiltIn">
<arg>1s</arg>
<doc>Pauses the test executed for the given time.</doc>
<msg timestamp="20230801 13:50:54.704" level="INFO">Slept 1 second</msg>
<status status="PASS" starttime="20230801 13:50:53.703" endtime="20230801 13:50:54.704"/>
</kw>
<status status="PASS" starttime="20230801 13:50:52.440" endtime="20230801 13:50:54.704"/>
</kw>
<status status="PASS" starttime="20230801 13:50:52.439" endtime="20230801 13:50:54.704"/>
</test>
<test id="s1-s1-t8" name="As Admin I Can Filter Mentor user" line="30">
<kw name="Filter on User Management Page" library="web_resources">
<arg>role=Mentor</arg>
<kw name="Click Element" library="SeleniumLibrary">
<arg>locator=//*[@id="role"]/div/div[1]/div[2]</arg>
<doc>Click the element identified by ``locator``.</doc>
<msg timestamp="20230801 13:50:54.708" level="INFO">Clicking element '//*[@id="role"]/div/div[1]/div[2]'.</msg>
<status status="PASS" starttime="20230801 13:50:54.706" endtime="20230801 13:50:54.785"/>
</kw>
<kw name="Press Keys" library="SeleniumLibrary">
<arg>None</arg>
<arg>${role}</arg>
<doc>Simulates the user pressing key(s) to an element or on the active browser.</doc>
<msg timestamp="20230801 13:50:54.786" level="INFO">Sending key(s) ('Mentor',) to page.</msg>
<msg timestamp="20230801 13:50:54.786" level="INFO">Sending keys Mentor</msg>
<status status="PASS" starttime="20230801 13:50:54.785" endtime="20230801 13:50:54.838"/>
</kw>
<kw name="Sleep" library="BuiltIn">
<arg>1s</arg>
<doc>Pauses the test executed for the given time.</doc>
<msg timestamp="20230801 13:50:55.839" level="INFO">Slept 1 second</msg>
<status status="PASS" starttime="20230801 13:50:54.839" endtime="20230801 13:50:55.839"/>
</kw>
<kw name="Press Keys" library="SeleniumLibrary">
<arg>None</arg>
<arg>RETURN</arg>
<doc>Simulates the user pressing key(s) to an element or on the active browser.</doc>
<msg timestamp="20230801 13:50:55.840" level="INFO">Sending key(s) ('RETURN',) to page.</msg>
<msg timestamp="20230801 13:50:55.840" level="INFO">Pressing special key RETURN to browser.</msg>
<msg timestamp="20230801 13:50:55.840" level="INFO">Releasing special key RETURN.</msg>
<status status="PASS" starttime="20230801 13:50:55.839" endtime="20230801 13:50:55.855"/>
</kw>
<kw name="Sleep" library="BuiltIn">
<arg>1s</arg>
<doc>Pauses the test executed for the given time.</doc>
<msg timestamp="20230801 13:50:56.856" level="INFO">Slept 1 second</msg>
<status status="PASS" starttime="20230801 13:50:55.855" endtime="20230801 13:50:56.856"/>
</kw>
<status status="PASS" starttime="20230801 13:50:54.706" endtime="20230801 13:50:56.856"/>
</kw>
<status status="PASS" starttime="20230801 13:50:54.705" endtime="20230801 13:50:56.856"/>
</test>
<test id="s1-s1-t9" name="As Admin I Can Filter Judge user" line="33">
<kw name="Filter on User Management Page" library="web_resources">
<arg>role=Judge</arg>
<kw name="Click Element" library="SeleniumLibrary">
<arg>locator=//*[@id="role"]/div/div[1]/div[2]</arg>
<doc>Click the element identified by ``locator``.</doc>
<msg timestamp="20230801 13:50:56.859" level="INFO">Clicking element '//*[@id="role"]/div/div[1]/div[2]'.</msg>
<status status="PASS" starttime="20230801 13:50:56.858" endtime="20230801 13:50:56.925"/>
</kw>
<kw name="Press Keys" library="SeleniumLibrary">
<arg>None</arg>
<arg>${role}</arg>
<doc>Simulates the user pressing key(s) to an element or on the active browser.</doc>
<msg timestamp="20230801 13:50:56.926" level="INFO">Sending key(s) ('Judge',) to page.</msg>
<msg timestamp="20230801 13:50:56.926" level="INFO">Sending keys Judge</msg>
<status status="PASS" starttime="20230801 13:50:56.925" endtime="20230801 13:50:56.962"/>
</kw>
<kw name="Sleep" library="BuiltIn">
<arg>1s</arg>
<doc>Pauses the test executed for the given time.</doc>
<msg timestamp="20230801 13:50:57.963" level="INFO">Slept 1 second</msg>
<status status="PASS" starttime="20230801 13:50:56.962" endtime="20230801 13:50:57.963"/>
</kw>
<kw name="Press Keys" library="SeleniumLibrary">
<arg>None</arg>
<arg>RETURN</arg>
<doc>Simulates the user pressing key(s) to an element or on the active browser.</doc>
<msg timestamp="20230801 13:50:57.964" level="INFO">Sending key(s) ('RETURN',) to page.</msg>
<msg timestamp="20230801 13:50:57.964" level="INFO">Pressing special key RETURN to browser.</msg>
<msg timestamp="20230801 13:50:57.964" level="INFO">Releasing special key RETURN.</msg>
<status status="PASS" starttime="20230801 13:50:57.963" endtime="20230801 13:50:57.977"/>
</kw>
<kw name="Sleep" library="BuiltIn">
<arg>1s</arg>
<doc>Pauses the test executed for the given time.</doc>
<msg timestamp="20230801 13:50:58.978" level="INFO">Slept 1 second</msg>
<status status="PASS" starttime="20230801 13:50:57.977" endtime="20230801 13:50:58.978"/>
</kw>
<status status="PASS" starttime="20230801 13:50:56.857" endtime="20230801 13:50:58.978"/>
</kw>
<kw name="Reload Page" library="SeleniumLibrary">
<doc>Simulates user reloading page.</doc>
<status status="PASS" starttime="20230801 13:50:58.978" endtime="20230801 13:50:59.186"/>
</kw>
<kw name="Sleep" library="BuiltIn">
<arg>1s</arg>
<doc>Pauses the test executed for the given time.</doc>
<msg timestamp="20230801 13:51:00.187" level="INFO">Slept 1 second</msg>
<status status="PASS" starttime="20230801 13:50:59.187" endtime="20230801 13:51:00.187"/>
</kw>
<status status="PASS" starttime="20230801 13:50:56.857" endtime="20230801 13:51:00.187"/>
</test>
<test id="s1-s1-t10" name="As Admin I can filter active user" line="38">
<kw name="Filter User Activation" library="web_resources">
<arg>status=Active</arg>
<kw name="Click Element" library="SeleniumLibrary">
<arg>locator=//*[@id="status"]/div/div[1]/div[2]</arg>
<doc>Click the element identified by ``locator``.</doc>
<msg timestamp="20230801 13:51:00.190" level="INFO">Clicking element '//*[@id="status"]/div/div[1]/div[2]'.</msg>
<status status="PASS" starttime="20230801 13:51:00.189" endtime="20230801 13:51:00.272"/>
</kw>
<kw name="Press Keys" library="SeleniumLibrary">
<arg>None</arg>
<arg>${status}</arg>
<doc>Simulates the user pressing key(s) to an element or on the active browser.</doc>
<msg timestamp="20230801 13:51:00.273" level="INFO">Sending key(s) ('Active',) to page.</msg>
<msg timestamp="20230801 13:51:00.273" level="INFO">Sending keys Active</msg>
<status status="PASS" starttime="20230801 13:51:00.272" endtime="20230801 13:51:00.339"/>
</kw>
<kw name="Sleep" library="BuiltIn">
<arg>1s</arg>
<doc>Pauses the test executed for the given time.</doc>
<msg timestamp="20230801 13:51:01.339" level="INFO">Slept 1 second</msg>
<status status="PASS" starttime="20230801 13:51:00.339" endtime="20230801 13:51:01.339"/>
</kw>
<kw name="Press Keys" library="SeleniumLibrary">
<arg>None</arg>
<arg>RETURN</arg>
<doc>Simulates the user pressing key(s) to an element or on the active browser.</doc>
<msg timestamp="20230801 13:51:01.340" level="INFO">Sending key(s) ('RETURN',) to page.</msg>
<msg timestamp="20230801 13:51:01.341" level="INFO">Pressing special key RETURN to browser.</msg>
<msg timestamp="20230801 13:51:01.341" level="INFO">Releasing special key RETURN.</msg>
<status status="PASS" starttime="20230801 13:51:01.340" endtime="20230801 13:51:01.395"/>
</kw>
<kw name="Sleep" library="BuiltIn">
<arg>1s</arg>
<doc>Pauses the test executed for the given time.</doc>
<msg timestamp="20230801 13:51:02.395" level="INFO">Slept 1 second</msg>
<status status="PASS" starttime="20230801 13:51:01.395" endtime="20230801 13:51:02.396"/>
</kw>
<status status="PASS" starttime="20230801 13:51:00.189" endtime="20230801 13:51:02.396"/>
</kw>
<status status="PASS" starttime="20230801 13:51:00.188" endtime="20230801 13:51:02.396"/>
</test>
<test id="s1-s1-t11" name="As Admin I can filter inactive user" line="41">
<kw name="Filter User Activation" library="web_resources">
<arg>status=Inactive</arg>
<kw name="Click Element" library="SeleniumLibrary">
<arg>locator=//*[@id="status"]/div/div[1]/div[2]</arg>
<doc>Click the element identified by ``locator``.</doc>
<msg timestamp="20230801 13:51:02.399" level="INFO">Clicking element '//*[@id="status"]/div/div[1]/div[2]'.</msg>
<status status="PASS" starttime="20230801 13:51:02.398" endtime="20230801 13:51:02.454"/>
</kw>
<kw name="Press Keys" library="SeleniumLibrary">
<arg>None</arg>
<arg>${status}</arg>
<doc>Simulates the user pressing key(s) to an element or on the active browser.</doc>
<msg timestamp="20230801 13:51:02.455" level="INFO">Sending key(s) ('Inactive',) to page.</msg>
<msg timestamp="20230801 13:51:02.455" level="INFO">Sending keys Inactive</msg>
<status status="PASS" starttime="20230801 13:51:02.454" endtime="20230801 13:51:02.526"/>
</kw>
<kw name="Sleep" library="BuiltIn">
<arg>1s</arg>
<doc>Pauses the test executed for the given time.</doc>
<msg timestamp="20230801 13:51:03.527" level="INFO">Slept 1 second</msg>
<status status="PASS" starttime="20230801 13:51:02.526" endtime="20230801 13:51:03.527"/>
</kw>
<kw name="Press Keys" library="SeleniumLibrary">
<arg>None</arg>
<arg>RETURN</arg>
<doc>Simulates the user pressing key(s) to an element or on the active browser.</doc>
<msg timestamp="20230801 13:51:03.527" level="INFO">Sending key(s) ('RETURN',) to page.</msg>
<msg timestamp="20230801 13:51:03.527" level="INFO">Pressing special key RETURN to browser.</msg>
<msg timestamp="20230801 13:51:03.527" level="INFO">Releasing special key RETURN.</msg>
<status status="PASS" starttime="20230801 13:51:03.527" endtime="20230801 13:51:03.545"/>
</kw>
<kw name="Sleep" library="BuiltIn">
<arg>1s</arg>
<doc>Pauses the test executed for the given time.</doc>
<msg timestamp="20230801 13:51:04.546" level="INFO">Slept 1 second</msg>
<status status="PASS" starttime="20230801 13:51:03.545" endtime="20230801 13:51:04.546"/>
</kw>
<status status="PASS" starttime="20230801 13:51:02.397" endtime="20230801 13:51:04.546"/>
</kw>
<kw name="Reload Page" library="SeleniumLibrary">
<doc>Simulates user reloading page.</doc>
<status status="PASS" starttime="20230801 13:51:04.546" endtime="20230801 13:51:04.668"/>
</kw>
<kw name="Sleep" library="BuiltIn">
<arg>1s</arg>
<doc>Pauses the test executed for the given time.</doc>
<msg timestamp="20230801 13:51:05.670" level="INFO">Slept 1 second</msg>
<status status="PASS" starttime="20230801 13:51:04.669" endtime="20230801 13:51:05.670"/>
</kw>
<status status="PASS" starttime="20230801 13:51:02.397" endtime="20230801 13:51:05.670"/>
</test>
<test id="s1-s1-t12" name="As Admin I Can Search User by Name" line="46">
<kw name="Search bar on User Management Page" library="web_resources">
<arg>target_text=mentee</arg>
<arg>exclude_text=Mentor</arg>
<kw name="Input Text" library="SeleniumLibrary">
<arg>locator=${search_user_field}</arg>
<arg>text=${target_text}</arg>
<doc>Types the given ``text`` into the text field identified by ``locator``.</doc>
<msg timestamp="20230801 13:51:05.673" level="INFO">Typing text 'mentee' into text field '//input[@placeholder='Search User']'.</msg>
<status status="PASS" starttime="20230801 13:51:05.672" endtime="20230801 13:51:05.768"/>
</kw>
<kw name="Wait Until Page Does Not Contain" library="SeleniumLibrary">
<arg>text=${exclude_text}</arg>
<doc>Waits until ``text`` disappears from the current page.</doc>
<status status="PASS" starttime="20230801 13:51:05.768" endtime="20230801 13:51:06.410"/>
</kw>
<status status="PASS" starttime="20230801 13:51:05.672" endtime="20230801 13:51:06.410"/>
</kw>
<status status="PASS" starttime="20230801 13:51:05.671" endtime="20230801 13:51:06.410"/>
</test>
<test id="s1-s1-t13" name="As Admin I can add new mentee user" line="49">
<kw name="Add New User on TalentConnect" library="web_resources">
<arg>name=Automation User</arg>
<arg>email=automation@gmail.com</arg>
<arg>role=Mentee</arg>
<kw name="Click Element" library="SeleniumLibrary">
<arg>locator=${add_user_button}</arg>
<doc>Click the element identified by ``locator``.</doc>
<msg timestamp="20230801 13:51:06.413" level="INFO">Clicking element '//button[normalize-space()='+ Add User']'.</msg>
<status status="PASS" starttime="20230801 13:51:06.412" endtime="20230801 13:51:06.500"/>
</kw>
<kw name="Input Text" library="SeleniumLibrary">
<arg>locator=//input[@id='name']</arg>
<arg>text=${name}</arg>
<doc>Types the given ``text`` into the text field identified by ``locator``.</doc>
<msg timestamp="20230801 13:51:06.500" level="INFO">Typing text 'Automation User' into text field '//input[@id='name']'.</msg>
<status status="PASS" starttime="20230801 13:51:06.500" endtime="20230801 13:51:06.619"/>
</kw>
<kw name="Input Text" library="SeleniumLibrary">
<arg>locator=//input[@id='email']</arg>
<arg>text=${email}</arg>
<doc>Types the given ``text`` into the text field identified by ``locator``.</doc>
<msg timestamp="20230801 13:51:06.620" level="INFO">Typing text 'automation@gmail.com' into text field '//input[@id='email']'.</msg>
<status status="PASS" starttime="20230801 13:51:06.619" endtime="20230801 13:51:06.763"/>
</kw>
<kw name="Click Element" library="SeleniumLibrary">
<arg>locator=//*[@id="role"]/div/div[1]/div[2]</arg>
<doc>Click the element identified by ``locator``.</doc>
<msg timestamp="20230801 13:51:06.763" level="INFO">Clicking element '//*[@id="role"]/div/div[1]/div[2]'.</msg>
<status status="PASS" starttime="20230801 13:51:06.763" endtime="20230801 13:51:06.821"/>
</kw>
<kw name="Press Keys" library="SeleniumLibrary">
<arg>None</arg>
<arg>${role}</arg>
<doc>Simulates the user pressing key(s) to an element or on the active browser.</doc>
<msg timestamp="20230801 13:51:06.823" level="INFO">Sending key(s) ('Mentee',) to page.</msg>
<msg timestamp="20230801 13:51:06.823" level="INFO">Sending keys Mentee</msg>
<status status="PASS" starttime="20230801 13:51:06.822" endtime="20230801 13:51:06.895"/>
</kw>
<kw name="Sleep" library="BuiltIn">
<arg>1s</arg>
<doc>Pauses the test executed for the given time.</doc>
<msg timestamp="20230801 13:51:07.896" level="INFO">Slept 1 second</msg>
<status status="PASS" starttime="20230801 13:51:06.896" endtime="20230801 13:51:07.896"/>
</kw>
<kw name="Press Keys" library="SeleniumLibrary">
<arg>None</arg>
<arg>RETURN</arg>
<doc>Simulates the user pressing key(s) to an element or on the active browser.</doc>
<msg timestamp="20230801 13:51:07.897" level="INFO">Sending key(s) ('RETURN',) to page.</msg>
<msg timestamp="20230801 13:51:07.897" level="INFO">Pressing special key RETURN to browser.</msg>
<msg timestamp="20230801 13:51:07.897" level="INFO">Releasing special key RETURN.</msg>
<status status="PASS" starttime="20230801 13:51:07.896" endtime="20230801 13:51:07.905"/>
</kw>
<kw name="Wait Until Element Is Visible" library="SeleniumLibrary">
<arg>locator=//button[normalize-space()='Cancel']</arg>
<doc>Waits until the element ``locator`` is visible.</doc>
<status status="PASS" starttime="20230801 13:51:07.905" endtime="20230801 13:51:07.927"/>
</kw>
<kw name="Click Element" library="SeleniumLibrary">
<arg>locator=//button[normalize-space()='Cancel']</arg>
<doc>Click the element identified by ``locator``.</doc>
<msg timestamp="20230801 13:51:07.928" level="INFO">Clicking element '//button[normalize-space()='Cancel']'.</msg>
<status status="PASS" starttime="20230801 13:51:07.927" endtime="20230801 13:51:07.999"/>
</kw>
<kw name="Sleep" library="BuiltIn">
<arg>1s</arg>
<doc>Pauses the test executed for the given time.</doc>
<msg timestamp="20230801 13:51:09.001" level="INFO">Slept 1 second</msg>
<status status="PASS" starttime="20230801 13:51:08.000" endtime="20230801 13:51:09.001"/>
</kw>
<status status="PASS" starttime="20230801 13:51:06.412" endtime="20230801 13:51:09.001"/>
</kw>
<status status="PASS" starttime="20230801 13:51:06.411" endtime="20230801 13:51:09.001"/>
</test>
<test id="s1-s1-t14" name="As Admin I can assign mentee to mentor" line="52">
<kw name="Assign Mentee to Mentor" library="web_resources">
<kw name="Reload Page" library="SeleniumLibrary">
<doc>Simulates user reloading page.</doc>
<status status="PASS" starttime="20230801 13:51:09.003" endtime="20230801 13:51:09.168"/>
</kw>
<kw name="Search bar on User Management Page" library="web_resources">
<arg>target_text=mentor</arg>
<arg>exclude_text=Mentee</arg>
<kw name="Input Text" library="SeleniumLibrary">
<arg>locator=${search_user_field}</arg>
<arg>text=${target_text}</arg>
<doc>Types the given ``text`` into the text field identified by ``locator``.</doc>
<msg timestamp="20230801 13:51:09.171" level="INFO">Typing text 'mentor' into text field '//input[@placeholder='Search User']'.</msg>
<status status="PASS" starttime="20230801 13:51:09.170" endtime="20230801 13:51:09.356"/>
</kw>
<kw name="Wait Until Page Does Not Contain" library="SeleniumLibrary">
<arg>text=${exclude_text}</arg>
<doc>Waits until ``text`` disappears from the current page.</doc>
<status status="PASS" starttime="20230801 13:51:09.356" endtime="20230801 13:51:10.012"/>
</kw>
<status status="PASS" starttime="20230801 13:51:09.169" endtime="20230801 13:51:10.012"/>
</kw>
<kw name="Wait Until Element Is Visible" library="SeleniumLibrary">
<arg>//div[3]//div[5]//div[1]//label[1]//*[name()='svg']</arg>
<doc>Waits until the element ``locator`` is visible.</doc>
<status status="PASS" starttime="20230801 13:51:10.012" endtime="20230801 13:51:10.031"/>
</kw>
<kw name="Click Element" library="SeleniumLibrary">
<arg>//div[3]//div[5]//div[1]//label[1]//*[name()='svg']</arg>
<doc>Click the element identified by ``locator``.</doc>
<msg timestamp="20230801 13:51:10.032" level="INFO">Clicking element '//div[3]//div[5]//div[1]//label[1]//*[name()='svg']'.</msg>
<status status="PASS" starttime="20230801 13:51:10.031" endtime="20230801 13:51:10.078"/>
</kw>
<kw name="Wait Until Element Is Visible" library="SeleniumLibrary">
<arg>//button[normalize-space()='Assign Mentee to Mentor']</arg>
<doc>Waits until the element ``locator`` is visible.</doc>
<status status="PASS" starttime="20230801 13:51:10.079" endtime="20230801 13:51:10.103"/>
</kw>
<kw name="Click Element" library="SeleniumLibrary">
<arg>//button[normalize-space()='Assign Mentee to Mentor']</arg>
<doc>Click the element identified by ``locator``.</doc>
<msg timestamp="20230801 13:51:10.104" level="INFO">Clicking element '//button[normalize-space()='Assign Mentee to Mentor']'.</msg>
<status status="PASS" starttime="20230801 13:51:10.103" endtime="20230801 13:51:10.153"/>
</kw>
<kw name="Sleep" library="BuiltIn">
<arg>1s</arg>
<doc>Pauses the test executed for the given time.</doc>
<msg timestamp="20230801 13:51:11.153" level="INFO">Slept 1 second</msg>
<status status="PASS" starttime="20230801 13:51:10.153" endtime="20230801 13:51:11.154"/>
</kw>
<kw name="Scroll into end of page" library="web_resources">
<kw name="Execute Javascript" library="SeleniumLibrary">
<arg>window.scrollTo(0, document.body.scrollHeight)</arg>
<doc>Executes the given JavaScript code with possible arguments.</doc>
<msg timestamp="20230801 13:51:11.155" level="INFO">Executing JavaScript:
window.scrollTo(0, document.body.scrollHeight)
Without any arguments.</msg>
<status status="PASS" starttime="20230801 13:51:11.154" endtime="20230801 13:51:11.159"/>
</kw>
<kw name="Sleep" library="BuiltIn">
<arg>1s</arg>
<doc>Pauses the test executed for the given time.</doc>
<msg timestamp="20230801 13:51:12.160" level="INFO">Slept 1 second</msg>
<status status="PASS" starttime="20230801 13:51:11.159" endtime="20230801 13:51:12.160"/>
</kw>
<status status="PASS" starttime="20230801 13:51:11.154" endtime="20230801 13:51:12.160"/>
</kw>
<kw name="Wait Until Element Is Visible" library="SeleniumLibrary">
<arg>//h5[normalize-space()='Automation Title']</arg>
<doc>Waits until the element ``locator`` is visible.</doc>
<status status="PASS" starttime="20230801 13:51:12.160" endtime="20230801 13:51:12.182"/>
</kw>
<kw name="Click Element" library="SeleniumLibrary">
<arg>//h5[normalize-space()='Automation Title']</arg>
<doc>Click the element identified by ``locator``.</doc>
<msg timestamp="20230801 13:51:12.183" level="INFO">Clicking element '//h5[normalize-space()='Automation Title']'.</msg>
<status status="PASS" starttime="20230801 13:51:12.182" endtime="20230801 13:51:12.234"/>
</kw>
<kw name="Sleep" library="BuiltIn">
<arg>1s</arg>
<doc>Pauses the test executed for the given time.</doc>
<msg timestamp="20230801 13:51:13.235" level="INFO">Slept 1 second</msg>
<status status="PASS" starttime="20230801 13:51:12.235" endtime="20230801 13:51:13.235"/>
</kw>
<kw name="Click Element" library="SeleniumLibrary">
<arg>//button[normalize-space()='+ Add Mentee']</arg>
<doc>Click the element identified by ``locator``.</doc>
<msg timestamp="20230801 13:51:13.236" level="INFO">Clicking element '//button[normalize-space()='+ Add Mentee']'.</msg>
<status status="PASS" starttime="20230801 13:51:13.235" endtime="20230801 13:51:13.283"/>
</kw>
<kw name="Sleep" library="BuiltIn">
<arg>1s</arg>
<doc>Pauses the test executed for the given time.</doc>
<msg timestamp="20230801 13:51:14.284" level="INFO">Slept 1 second</msg>
<status status="PASS" starttime="20230801 13:51:13.283" endtime="20230801 13:51:14.284"/>
</kw>
<kw name="Click Element" library="SeleniumLibrary">
<arg>//*[@id="root"]/div[1]/div/div/div[2]/div[2]/div/div/div[1]/div/div/div/div/div[1]/div[2]</arg>
<doc>Click the element identified by ``locator``.</doc>
<msg timestamp="20230801 13:51:14.284" level="INFO">Clicking element '//*[@id="root"]/div[1]/div/div/div[2]/div[2]/div/div/div[1]/div/div/div/div/div[1]/div[2]'.</msg>
<status status="PASS" starttime="20230801 13:51:14.284" endtime="20230801 13:51:14.337"/>
</kw>
<kw name="Sleep" library="BuiltIn">
<arg>1s</arg>
<doc>Pauses the test executed for the given time.</doc>
<msg timestamp="20230801 13:51:15.338" level="INFO">Slept 1 second</msg>
<status status="PASS" starttime="20230801 13:51:14.337" endtime="20230801 13:51:15.338"/>
</kw>
<kw name="Press Keys" library="SeleniumLibrary">
<arg>None</arg>
<arg>Mentee</arg>
<doc>Simulates the user pressing key(s) to an element or on the active browser.</doc>
<msg timestamp="20230801 13:51:15.339" level="INFO">Sending key(s) ('Mentee',) to page.</msg>
<msg timestamp="20230801 13:51:15.339" level="INFO">Sending keys Mentee</msg>
<status status="PASS" starttime="20230801 13:51:15.338" endtime="20230801 13:51:15.386"/>
</kw>
<kw name="Sleep" library="BuiltIn">
<arg>1s</arg>
<doc>Pauses the test executed for the given time.</doc>
<msg timestamp="20230801 13:51:16.386" level="INFO">Slept 1 second</msg>
<status status="PASS" starttime="20230801 13:51:15.386" endtime="20230801 13:51:16.386"/>
</kw>
<kw name="Press Keys" library="SeleniumLibrary">
<arg>None</arg>
<arg>RETURN</arg>
<doc>Simulates the user pressing key(s) to an element or on the active browser.</doc>
<msg timestamp="20230801 13:51:16.387" level="INFO">Sending key(s) ('RETURN',) to page.</msg>
<msg timestamp="20230801 13:51:16.387" level="INFO">Pressing special key RETURN to browser.</msg>
<msg timestamp="20230801 13:51:16.387" level="INFO">Releasing special key RETURN.</msg>
<status status="PASS" starttime="20230801 13:51:16.386" endtime="20230801 13:51:16.398"/>
</kw>
<kw name="Wait Until Element Is Visible" library="SeleniumLibrary">
<arg>//*[@id="root"]/div[1]/div/div/div[2]/div[2]/div/div/div[2]/button[2]</arg>
<doc>Waits until the element ``locator`` is visible.</doc>
<status status="PASS" starttime="20230801 13:51:16.398" endtime="20230801 13:51:16.430"/>
</kw>
<kw name="Click Element" library="SeleniumLibrary">
<arg>//*[@id="root"]/div[1]/div/div/div[2]/div[2]/div/div/div[2]/button[2]</arg>
<doc>Click the element identified by ``locator``.</doc>
<msg timestamp="20230801 13:51:16.430" level="INFO">Clicking element '//*[@id="root"]/div[1]/div/div/div[2]/div[2]/div/div/div[2]/button[2]'.</msg>
<status status="PASS" starttime="20230801 13:51:16.430" endtime="20230801 13:51:16.480"/>
</kw>
<kw name="Sleep" library="BuiltIn">
<arg>1s</arg>
<doc>Pauses the test executed for the given time.</doc>
<msg timestamp="20230801 13:51:17.481" level="INFO">Slept 1 second</msg>
<status status="PASS" starttime="20230801 13:51:16.480" endtime="20230801 13:51:17.481"/>
</kw>
<status status="PASS" starttime="20230801 13:51:09.003" endtime="20230801 13:51:17.481"/>
</kw>
<status status="PASS" starttime="20230801 13:51:09.002" endtime="20230801 13:51:17.481"/>
</test>
<test id="s1-s1-t15" name="As Admin I can assign mentee to judges" line="55">
<kw name="Assign Mentee to Judge" library="web_resources">
<kw name="Move to User Management Page" library="web_resources">
<kw name="Click Element" library="SeleniumLibrary">
<arg>locator=${user_management_button}</arg>
<doc>Click the element identified by ``locator``.</doc>
<msg timestamp="20230801 13:51:17.485" level="INFO">Clicking element '//img[@alt='User Management Icon']'.</msg>
<status status="PASS" starttime="20230801 13:51:17.484" endtime="20230801 13:51:17.561"/>
</kw>
<kw name="Wait Until Page Contains" library="SeleniumLibrary">
<arg>text=User Management</arg>
<doc>Waits until ``text`` appears on the current page.</doc>
<status status="PASS" starttime="20230801 13:51:17.561" endtime="20230801 13:51:17.573"/>
</kw>
<status status="PASS" starttime="20230801 13:51:17.484" endtime="20230801 13:51:17.573"/>
</kw>
<kw name="Reload Page" library="SeleniumLibrary">
<doc>Simulates user reloading page.</doc>
<status status="PASS" starttime="20230801 13:51:17.573" endtime="20230801 13:51:17.687"/>
</kw>
<kw name="Search bar on User Management Page" library="web_resources">
<arg>target_text=judges</arg>
<arg>exclude_text=Mentee</arg>
<kw name="Input Text" library="SeleniumLibrary">
<arg>locator=${search_user_field}</arg>
<arg>text=${target_text}</arg>
<doc>Types the given ``text`` into the text field identified by ``locator``.</doc>
<msg timestamp="20230801 13:51:17.690" level="INFO">Typing text 'judges' into text field '//input[@placeholder='Search User']'.</msg>
<status status="PASS" starttime="20230801 13:51:17.688" endtime="20230801 13:51:17.897"/>
</kw>
<kw name="Wait Until Page Does Not Contain" library="SeleniumLibrary">
<arg>text=${exclude_text}</arg>
<doc>Waits until ``text`` disappears from the current page.</doc>
<status status="PASS" starttime="20230801 13:51:17.897" endtime="20230801 13:51:18.543"/>
</kw>
<status status="PASS" starttime="20230801 13:51:17.688" endtime="20230801 13:51:18.543"/>
</kw>
<kw name="Sleep" library="BuiltIn">
<arg>1s</arg>
<doc>Pauses the test executed for the given time.</doc>
<msg timestamp="20230801 13:51:19.544" level="INFO">Slept 1 second</msg>
<status status="PASS" starttime="20230801 13:51:18.543" endtime="20230801 13:51:19.544"/>
</kw>
<kw name="Click Element" library="SeleniumLibrary">
<arg>//div[3]//div[5]//div[1]//label[1]//*[name()='svg']</arg>
<doc>Click the element identified by ``locator``.</doc>
<msg timestamp="20230801 13:51:19.545" level="INFO">Clicking element '//div[3]//div[5]//div[1]//label[1]//*[name()='svg']'.</msg>
<status status="PASS" starttime="20230801 13:51:19.544" endtime="20230801 13:51:19.588"/>
</kw>
<kw name="Sleep" library="BuiltIn">
<arg>2s</arg>
<doc>Pauses the test executed for the given time.</doc>
<msg timestamp="20230801 13:51:21.588" level="INFO">Slept 2 seconds</msg>
<status status="PASS" starttime="20230801 13:51:19.588" endtime="20230801 13:51:21.589"/>
</kw>
<kw name="Click Element" library="SeleniumLibrary">
<arg>//button[normalize-space()='Assign Mentee to Judge']</arg>
<doc>Click the element identified by ``locator``.</doc>
<msg timestamp="20230801 13:51:21.589" level="INFO">Clicking element '//button[normalize-space()='Assign Mentee to Judge']'.</msg>
<status status="PASS" starttime="20230801 13:51:21.589" endtime="20230801 13:51:21.639"/>
</kw>
<kw name="Sleep" library="BuiltIn">
<arg>1s</arg>
<doc>Pauses the test executed for the given time.</doc>
<msg timestamp="20230801 13:51:22.640" level="INFO">Slept 1 second</msg>
<status status="PASS" starttime="20230801 13:51:21.639" endtime="20230801 13:51:22.640"/>
</kw>
<kw name="Scroll into end of page" library="web_resources">
<kw name="Execute Javascript" library="SeleniumLibrary">
<arg>window.scrollTo(0, document.body.scrollHeight)</arg>
<doc>Executes the given JavaScript code with possible arguments.</doc>
<msg timestamp="20230801 13:51:22.641" level="INFO">Executing JavaScript:
window.scrollTo(0, document.body.scrollHeight)
Without any arguments.</msg>
<status status="PASS" starttime="20230801 13:51:22.640" endtime="20230801 13:51:22.645"/>
</kw>
<kw name="Sleep" library="BuiltIn">
<arg>1s</arg>
<doc>Pauses the test executed for the given time.</doc>
<msg timestamp="20230801 13:51:23.646" level="INFO">Slept 1 second</msg>
<status status="PASS" starttime="20230801 13:51:22.645" endtime="20230801 13:51:23.646"/>
</kw>
<status status="PASS" starttime="20230801 13:51:22.640" endtime="20230801 13:51:23.646"/>
</kw>
<kw name="Click Element" library="SeleniumLibrary">
<arg>//h5[normalize-space()='Automation Title']</arg>
<doc>Click the element identified by ``locator``.</doc>
<msg timestamp="20230801 13:51:23.647" level="INFO">Clicking element '//h5[normalize-space()='Automation Title']'.</msg>
<status status="PASS" starttime="20230801 13:51:23.646" endtime="20230801 13:51:23.700"/>
</kw>
<kw name="Sleep" library="BuiltIn">
<arg>1s</arg>
<doc>Pauses the test executed for the given time.</doc>
<msg timestamp="20230801 13:51:24.700" level="INFO">Slept 1 second</msg>
<status status="PASS" starttime="20230801 13:51:23.700" endtime="20230801 13:51:24.700"/>
</kw>
<kw name="Click Element" library="SeleniumLibrary">
<arg>//button[normalize-space()='+ Add Panelist']</arg>
<doc>Click the element identified by ``locator``.</doc>
<msg timestamp="20230801 13:51:24.701" level="INFO">Clicking element '//button[normalize-space()='+ Add Panelist']'.</msg>
<status status="PASS" starttime="20230801 13:51:24.700" endtime="20230801 13:51:24.749"/>
</kw>
<kw name="Sleep" library="BuiltIn">
<arg>2s</arg>
<doc>Pauses the test executed for the given time.</doc>
<msg timestamp="20230801 13:51:26.750" level="INFO">Slept 2 seconds</msg>
<status status="PASS" starttime="20230801 13:51:24.749" endtime="20230801 13:51:26.750"/>
</kw>
<kw name="Click Element" library="SeleniumLibrary">
<arg>//*[@id="root"]/div[1]/div/div/div[2]/div[2]/div/div/div[1]/div/div/div/div/div[1]/div[2]</arg>
<doc>Click the element identified by ``locator``.</doc>
<msg timestamp="20230801 13:51:26.751" level="INFO">Clicking element '//*[@id="root"]/div[1]/div/div/div[2]/div[2]/div/div/div[1]/div/div/div/div/div[1]/div[2]'.</msg>
<status status="PASS" starttime="20230801 13:51:26.750" endtime="20230801 13:51:26.805"/>
</kw>
<kw name="Sleep" library="BuiltIn">
<arg>2s</arg>
<doc>Pauses the test executed for the given time.</doc>
<msg timestamp="20230801 13:51:28.806" level="INFO">Slept 2 seconds</msg>
<status status="PASS" starttime="20230801 13:51:26.805" endtime="20230801 13:51:28.806"/>
</kw>
<kw name="Press Keys" library="SeleniumLibrary">
<arg>None</arg>
<arg>Mentee</arg>
<doc>Simulates the user pressing key(s) to an element or on the active browser.</doc>
<msg timestamp="20230801 13:51:28.807" level="INFO">Sending key(s) ('Mentee',) to page.</msg>
<msg timestamp="20230801 13:51:28.807" level="INFO">Sending keys Mentee</msg>
<status status="PASS" starttime="20230801 13:51:28.806" endtime="20230801 13:51:28.857"/>
</kw>
<kw name="Sleep" library="BuiltIn">
<arg>1s</arg>
<doc>Pauses the test executed for the given time.</doc>
<msg timestamp="20230801 13:51:29.858" level="INFO">Slept 1 second</msg>
<status status="PASS" starttime="20230801 13:51:28.858" endtime="20230801 13:51:29.858"/>
</kw>
<kw name="Press Keys" library="SeleniumLibrary">
<arg>None</arg>
<arg>RETURN</arg>
<doc>Simulates the user pressing key(s) to an element or on the active browser.</doc>
<msg timestamp="20230801 13:51:29.859" level="INFO">Sending key(s) ('RETURN',) to page.</msg>
<msg timestamp="20230801 13:51:29.859" level="INFO">Pressing special key RETURN to browser.</msg>
<msg timestamp="20230801 13:51:29.859" level="INFO">Releasing special key RETURN.</msg>
<status status="PASS" starttime="20230801 13:51:29.858" endtime="20230801 13:51:29.870"/>
</kw>
<kw name="Sleep" library="BuiltIn">
<arg>1s</arg>
<doc>Pauses the test executed for the given time.</doc>
<msg timestamp="20230801 13:51:30.870" level="INFO">Slept 1 second</msg>
<status status="PASS" starttime="20230801 13:51:29.870" endtime="20230801 13:51:30.870"/>
</kw>
<kw name="Click Element" library="SeleniumLibrary">
<arg>//*[@id="root"]/div[1]/div/div/div[2]/div[2]/div/div/div[2]/button[2]</arg>
<doc>Click the element identified by ``locator``.</doc>
<msg timestamp="20230801 13:51:30.871" level="INFO">Clicking element '//*[@id="root"]/div[1]/div/div/div[2]/div[2]/div/div/div[2]/button[2]'.</msg>
<status status="PASS" starttime="20230801 13:51:30.871" endtime="20230801 13:51:30.913"/>
</kw>
<kw name="Sleep" library="BuiltIn">
<arg>1s</arg>
<doc>Pauses the test executed for the given time.</doc>
<msg timestamp="20230801 13:51:31.914" level="INFO">Slept 1 second</msg>
<status status="PASS" starttime="20230801 13:51:30.914" endtime="20230801 13:51:31.915"/>
</kw>
<status status="PASS" starttime="20230801 13:51:17.483" endtime="20230801 13:51:31.915"/>
</kw>
<status status="PASS" starttime="20230801 13:51:17.482" endtime="20230801 13:51:31.915"/>
</test>
<test id="s1-s1-t16" name="As Admin I can create evaluation aspect" line="58">
<kw name="Create new Evaluation Aspect" library="web_resources">
<arg>title_aspect=Automation Aspect</arg>
<arg>description_aspect=Automation Description</arg>
<kw name="Move to Evaluation Scoring Page" library="web_resources">
<kw name="Click Element" library="SeleniumLibrary">
<arg>locator=${evaluation_scoring_button}</arg>
<doc>Click the element identified by ``locator``.</doc>
<msg timestamp="20230801 13:51:31.918" level="INFO">Clicking element '//img[@alt='Evaluation Scoring Icon']'.</msg>
<status status="PASS" starttime="20230801 13:51:31.917" endtime="20230801 13:51:32.020"/>
</kw>
<kw name="Wait Until Page Contains" library="SeleniumLibrary">
<arg>text=Evaluation Aspects</arg>
<doc>Waits until ``text`` appears on the current page.</doc>
<status status="PASS" starttime="20230801 13:51:32.020" endtime="20230801 13:51:32.040"/>
</kw>
<status status="PASS" starttime="20230801 13:51:31.917" endtime="20230801 13:51:32.040"/>
</kw>
<kw name="Click Element" library="SeleniumLibrary">
<arg>//button[normalize-space()='+ Add Evaluation Aspect']</arg>
<doc>Click the element identified by ``locator``.</doc>
<msg timestamp="20230801 13:51:32.041" level="INFO">Clicking element '//button[normalize-space()='+ Add Evaluation Aspect']'.</msg>
<status status="PASS" starttime="20230801 13:51:32.040" endtime="20230801 13:51:32.124"/>
</kw>
<kw name="Wait Until Page Contains" library="SeleniumLibrary">
<arg>Add Evaluation Aspect</arg>
<doc>Waits until ``text`` appears on the current page.</doc>
<status status="PASS" starttime="20230801 13:51:32.124" endtime="20230801 13:51:32.137"/>
</kw>
<kw name="Input Text" library="SeleniumLibrary">
<arg>//input[@id='evaluationAspectTitle']</arg>
<arg>${title_aspect}</arg>
<doc>Types the given ``text`` into the text field identified by ``locator``.</doc>
<msg timestamp="20230801 13:51:32.138" level="INFO">Typing text 'Automation Aspect' into text field '//input[@id='evaluationAspectTitle']'.</msg>
<status status="PASS" starttime="20230801 13:51:32.137" endtime="20230801 13:51:32.284"/>
</kw>
<kw name="Click Element" library="SeleniumLibrary">
<arg>//*[@id="option"]/div/div[1]/div[2]</arg>
<doc>Click the element identified by ``locator``.</doc>
<msg timestamp="20230801 13:51:32.285" level="INFO">Clicking element '//*[@id="option"]/div/div[1]/div[2]'.</msg>
<status status="PASS" starttime="20230801 13:51:32.284" endtime="20230801 13:51:32.342"/>
</kw>
<kw name="Sleep" library="BuiltIn">
<arg>1s</arg>
<doc>Pauses the test executed for the given time.</doc>
<msg timestamp="20230801 13:51:33.343" level="INFO">Slept 1 second</msg>
<status status="PASS" starttime="20230801 13:51:32.343" endtime="20230801 13:51:33.343"/>
</kw>
<kw name="Press Keys" library="SeleniumLibrary">
<arg>None</arg>
<arg>5</arg>
<doc>Simulates the user pressing key(s) to an element or on the active browser.</doc>
<msg timestamp="20230801 13:51:33.344" level="INFO">Sending key(s) ('5',) to page.</msg>
<msg timestamp="20230801 13:51:33.344" level="INFO">Sending key 5</msg>
<status status="PASS" starttime="20230801 13:51:33.343" endtime="20230801 13:51:33.357"/>
</kw>
<kw name="Sleep" library="BuiltIn">
<arg>1s</arg>
<doc>Pauses the test executed for the given time.</doc>
<msg timestamp="20230801 13:51:34.357" level="INFO">Slept 1 second</msg>
<status status="PASS" starttime="20230801 13:51:33.357" endtime="20230801 13:51:34.357"/>
</kw>
<kw name="Press Keys" library="SeleniumLibrary">
<arg>None</arg>
<arg>RETURN</arg>
<doc>Simulates the user pressing key(s) to an element or on the active browser.</doc>
<msg timestamp="20230801 13:51:34.358" level="INFO">Sending key(s) ('RETURN',) to page.</msg>
<msg timestamp="20230801 13:51:34.358" level="INFO">Pressing special key RETURN to browser.</msg>
<msg timestamp="20230801 13:51:34.358" level="INFO">Releasing special key RETURN.</msg>
<status status="PASS" starttime="20230801 13:51:34.358" endtime="20230801 13:51:34.368"/>
</kw>
<kw name="Sleep" library="BuiltIn">
<arg>1s</arg>
<doc>Pauses the test executed for the given time.</doc>
<msg timestamp="20230801 13:51:35.369" level="INFO">Slept 1 second</msg>
<status status="PASS" starttime="20230801 13:51:34.368" endtime="20230801 13:51:35.369"/>
</kw>
<kw name="Input Text" library="SeleniumLibrary">
<arg>//textarea[@id='description']</arg>
<arg>${description_aspect}</arg>
<doc>Types the given ``text`` into the text field identified by ``locator``.</doc>
<msg timestamp="20230801 13:51:35.370" level="INFO">Typing text 'Automation Description' into text field '//textarea[@id='description']'.</msg>
<status status="PASS" starttime="20230801 13:51:35.369" endtime="20230801 13:51:35.526"/>
</kw>
<kw name="Scroll into end of page" library="web_resources">
<kw name="Execute Javascript" library="SeleniumLibrary">
<arg>window.scrollTo(0, document.body.scrollHeight)</arg>
<doc>Executes the given JavaScript code with possible arguments.</doc>
<msg timestamp="20230801 13:51:35.527" level="INFO">Executing JavaScript:
window.scrollTo(0, document.body.scrollHeight)
Without any arguments.</msg>
<status status="PASS" starttime="20230801 13:51:35.526" endtime="20230801 13:51:35.539"/>
</kw>
<kw name="Sleep" library="BuiltIn">
<arg>1s</arg>
<doc>Pauses the test executed for the given time.</doc>
<msg timestamp="20230801 13:51:36.540" level="INFO">Slept 1 second</msg>
<status status="PASS" starttime="20230801 13:51:35.539" endtime="20230801 13:51:36.540"/>
</kw>
<status status="PASS" starttime="20230801 13:51:35.526" endtime="20230801 13:51:36.540"/>
</kw>
<kw name="Click Element" library="SeleniumLibrary">
<arg>//button[normalize-space()='Add Evaluation Aspect']</arg>
<doc>Click the element identified by ``locator``.</doc>
<msg timestamp="20230801 13:51:36.541" level="INFO">Clicking element '//button[normalize-space()='Add Evaluation Aspect']'.</msg>
<status status="PASS" starttime="20230801 13:51:36.540" endtime="20230801 13:51:36.595"/>
</kw>
<kw name="Sleep" library="BuiltIn">
<arg>1s</arg>
<doc>Pauses the test executed for the given time.</doc>
<msg timestamp="20230801 13:51:37.596" level="INFO">Slept 1 second</msg>
<status status="PASS" starttime="20230801 13:51:36.596" endtime="20230801 13:51:37.596"/>
</kw>
<status status="PASS" starttime="20230801 13:51:31.916" endtime="20230801 13:51:37.596"/>
</kw>
<status status="PASS" starttime="20230801 13:51:31.915" endtime="20230801 13:51:37.597"/>
</test>
<test id="s1-s1-t17" name="As Admin I can create evaluation category" line="61">
<kw name="Create new Evaluation Category" library="web_resources">
<arg>title_aspect=Automation Aspect</arg>
<arg>title_category=Automation Category</arg>
<kw name="Scroll into end of page" library="web_resources">
<kw name="Execute Javascript" library="SeleniumLibrary">
<arg>window.scrollTo(0, document.body.scrollHeight)</arg>
<doc>Executes the given JavaScript code with possible arguments.</doc>
<msg timestamp="20230801 13:51:37.600" level="INFO">Executing JavaScript:
window.scrollTo(0, document.body.scrollHeight)
Without any arguments.</msg>
<status status="PASS" starttime="20230801 13:51:37.600" endtime="20230801 13:51:37.605"/>
</kw>
<kw name="Sleep" library="BuiltIn">
<arg>1s</arg>
<doc>Pauses the test executed for the given time.</doc>
<msg timestamp="20230801 13:51:38.605" level="INFO">Slept 1 second</msg>
<status status="PASS" starttime="20230801 13:51:37.605" endtime="20230801 13:51:38.606"/>
</kw>
<status status="PASS" starttime="20230801 13:51:37.599" endtime="20230801 13:51:38.606"/>
</kw>
<kw name="Sleep" library="BuiltIn">
<arg>1s</arg>
<doc>Pauses the test executed for the given time.</doc>
<msg timestamp="20230801 13:51:39.606" level="INFO">Slept 1 second</msg>
<status status="PASS" starttime="20230801 13:51:38.606" endtime="20230801 13:51:39.606"/>
</kw>
<kw name="Click Element" library="SeleniumLibrary">
<arg>//button[normalize-space()='+ Add Evaluation Category']</arg>
<doc>Click the element identified by ``locator``.</doc>
<msg timestamp="20230801 13:51:39.607" level="INFO">Clicking element '//button[normalize-space()='+ Add Evaluation Category']'.</msg>
<status status="PASS" starttime="20230801 13:51:39.607" endtime="20230801 13:51:39.662"/>
</kw>
<kw name="Wait Until Page Contains" library="SeleniumLibrary">
<arg>Add Evaluation Category</arg>
<doc>Waits until ``text`` appears on the current page.</doc>
<status status="PASS" starttime="20230801 13:51:39.663" endtime="20230801 13:51:39.676"/>
</kw>
<kw name="Input Text" library="SeleniumLibrary">
<arg>//input[@id='evaluationAspectTitle']</arg>
<arg>${title_category}</arg>
<doc>Types the given ``text`` into the text field identified by ``locator``.</doc>
<msg timestamp="20230801 13:51:39.677" level="INFO">Typing text 'Automation Category' into text field '//input[@id='evaluationAspectTitle']'.</msg>
<status status="PASS" starttime="20230801 13:51:39.676" endtime="20230801 13:51:39.798"/>
</kw>
<kw name="Click Element" library="SeleniumLibrary">
<arg>//button[normalize-space()='+']</arg>
<doc>Click the element identified by ``locator``.</doc>
<msg timestamp="20230801 13:51:39.799" level="INFO">Clicking element '//button[normalize-space()='+']'.</msg>
<status status="PASS" starttime="20230801 13:51:39.799" endtime="20230801 13:51:39.857"/>
</kw>
<kw name="Sleep" library="BuiltIn">
<arg>1s</arg>
<doc>Pauses the test executed for the given time.</doc>
<msg timestamp="20230801 13:51:40.858" level="INFO">Slept 1 second</msg>
<status status="PASS" starttime="20230801 13:51:39.857" endtime="20230801 13:51:40.858"/>
</kw>
<kw name="Click Element" library="SeleniumLibrary">
<arg>//label[normalize-space()='${title_aspect}']//input[@type='checkbox']</arg>
<doc>Click the element identified by ``locator``.</doc>
<msg timestamp="20230801 13:51:40.859" level="INFO">Clicking element '//label[normalize-space()='Automation Aspect']//input[@type='checkbox']'.</msg>
<status status="PASS" starttime="20230801 13:51:40.858" endtime="20230801 13:51:40.913"/>
</kw>
<kw name="Sleep" library="BuiltIn">
<arg>1s</arg>
<doc>Pauses the test executed for the given time.</doc>
<msg timestamp="20230801 13:51:41.914" level="INFO">Slept 1 second</msg>
<status status="PASS" starttime="20230801 13:51:40.913" endtime="20230801 13:51:41.914"/>
</kw>
<kw name="Click Element" library="SeleniumLibrary">
<arg>//*[@id="root"]/div[1]/div/div/div[2]/div[2]/div/div/div[3]/button[2]</arg>
<doc>Click the element identified by ``locator``.</doc>
<msg timestamp="20230801 13:51:41.915" level="INFO">Clicking element '//*[@id="root"]/div[1]/div/div/div[2]/div[2]/div/div/div[3]/button[2]'.</msg>
<status status="PASS" starttime="20230801 13:51:41.914" endtime="20230801 13:51:41.964"/>
</kw>
<kw name="Sleep" library="BuiltIn">
<arg>1s</arg>
<doc>Pauses the test executed for the given time.</doc>
<msg timestamp="20230801 13:51:42.965" level="INFO">Slept 1 second</msg>
<status status="PASS" starttime="20230801 13:51:41.965" endtime="20230801 13:51:42.965"/>
</kw>
<kw name="Click Element" library="SeleniumLibrary">
<arg>//*[@id="root"]/div[1]/div/div/div[2]/div[1]/form/button[1]</arg>
<doc>Click the element identified by ``locator``.</doc>
<msg timestamp="20230801 13:51:42.966" level="INFO">Clicking element '//*[@id="root"]/div[1]/div/div/div[2]/div[1]/form/button[1]'.</msg>
<status status="PASS" starttime="20230801 13:51:42.965" endtime="20230801 13:51:43.012"/>
</kw>
<kw name="Sleep" library="BuiltIn">
<arg>1s</arg>
<doc>Pauses the test executed for the given time.</doc>
<msg timestamp="20230801 13:51:44.012" level="INFO">Slept 1 second</msg>
<status status="PASS" starttime="20230801 13:51:43.012" endtime="20230801 13:51:44.013"/>
</kw>
<kw name="Reload Page" library="SeleniumLibrary">
<doc>Simulates user reloading page.</doc>
<status status="PASS" starttime="20230801 13:51:44.013" endtime="20230801 13:51:44.128"/>
</kw>
<status status="PASS" starttime="20230801 13:51:37.598" endtime="20230801 13:51:44.128"/>
</kw>
<status status="PASS" starttime="20230801 13:51:37.597" endtime="20230801 13:51:44.128"/>
</test>
<test id="s1-s1-t18" name="As Admin I can assign evaluation category to Program" line="64">
<kw name="Assign Evaluation Category into Program" library="web_resources">
<arg>category_name=Automation Category</arg>
<kw name="Sleep" library="BuiltIn">
<arg>2s</arg>
<doc>Pauses the test executed for the given time.</doc>
<msg timestamp="20230801 13:51:46.133" level="INFO">Slept 2 seconds</msg>
<status status="PASS" starttime="20230801 13:51:44.133" endtime="20230801 13:51:46.133"/>
</kw>
<kw name="Click Element" library="SeleniumLibrary">
<arg>//div[@id='rc-tabs-0-tab-2']</arg>
<doc>Click the element identified by ``locator``.</doc>
<msg timestamp="20230801 13:51:46.134" level="INFO">Clicking element '//div[@id='rc-tabs-0-tab-2']'.</msg>
<status status="PASS" starttime="20230801 13:51:46.134" endtime="20230801 13:51:46.201"/>
</kw>
<kw name="Sleep" library="BuiltIn">
<arg>1s</arg>
<doc>Pauses the test executed for the given time.</doc>
<msg timestamp="20230801 13:51:47.202" level="INFO">Slept 1 second</msg>
<status status="PASS" starttime="20230801 13:51:46.202" endtime="20230801 13:51:47.202"/>
</kw>
<kw name="Scroll into end of page" library="web_resources">
<kw name="Execute Javascript" library="SeleniumLibrary">
<arg>window.scrollTo(0, document.body.scrollHeight)</arg>
<doc>Executes the given JavaScript code with possible arguments.</doc>
<msg timestamp="20230801 13:51:47.203" level="INFO">Executing JavaScript:
window.scrollTo(0, document.body.scrollHeight)
Without any arguments.</msg>
<status status="PASS" starttime="20230801 13:51:47.203" endtime="20230801 13:51:47.208"/>
</kw>
<kw name="Sleep" library="BuiltIn">
<arg>1s</arg>
<doc>Pauses the test executed for the given time.</doc>
<msg timestamp="20230801 13:51:48.208" level="INFO">Slept 1 second</msg>
<status status="PASS" starttime="20230801 13:51:47.208" endtime="20230801 13:51:48.208"/>
</kw>
<status status="PASS" starttime="20230801 13:51:47.203" endtime="20230801 13:51:48.209"/>
</kw>
<kw name="Sleep" library="BuiltIn">
<arg>1s</arg>
<doc>Pauses the test executed for the given time.</doc>
<msg timestamp="20230801 13:51:49.209" level="INFO">Slept 1 second</msg>
<status status="PASS" starttime="20230801 13:51:48.209" endtime="20230801 13:51:49.209"/>
</kw>
<kw name="Click Element" library="SeleniumLibrary">
<arg>//span[normalize-space()='Automation Title']</arg>
<doc>Click the element identified by ``locator``.</doc>
<msg timestamp="20230801 13:51:49.210" level="INFO">Clicking element '//span[normalize-space()='Automation Title']'.</msg>
<status status="PASS" starttime="20230801 13:51:49.210" endtime="20230801 13:51:49.274"/>
</kw>
<kw name="Sleep" library="BuiltIn">
<arg>1s</arg>
<doc>Pauses the test executed for the given time.</doc>
<msg timestamp="20230801 13:51:50.275" level="INFO">Slept 1 second</msg>
<status status="PASS" starttime="20230801 13:51:49.275" endtime="20230801 13:51:50.275"/>
</kw>
<kw name="Scroll into top of page" library="web_resources">
<kw name="Execute Javascript" library="SeleniumLibrary">
<arg>window.scrollTo(0, 0)</arg>
<doc>Executes the given JavaScript code with possible arguments.</doc>
<msg timestamp="20230801 13:51:50.276" level="INFO">Executing JavaScript:
window.scrollTo(0, 0)
Without any arguments.</msg>
<status status="PASS" starttime="20230801 13:51:50.276" endtime="20230801 13:51:50.281"/>
</kw>
<kw name="Sleep" library="BuiltIn">
<arg>1s</arg>
<doc>Pauses the test executed for the given time.</doc>
<msg timestamp="20230801 13:51:51.282" level="INFO">Slept 1 second</msg>
<status status="PASS" starttime="20230801 13:51:50.281" endtime="20230801 13:51:51.282"/>
</kw>
<status status="PASS" starttime="20230801 13:51:50.275" endtime="20230801 13:51:51.282"/>
</kw>
<kw name="Sleep" library="BuiltIn">
<arg>1s</arg>
<doc>Pauses the test executed for the given time.</doc>
<msg timestamp="20230801 13:51:52.283" level="INFO">Slept 1 second</msg>
<status status="PASS" starttime="20230801 13:51:51.282" endtime="20230801 13:51:52.283"/>
</kw>
<kw name="Wait Until Page Contains" library="SeleniumLibrary">
<arg>Add Category</arg>
<doc>Waits until ``text`` appears on the current page.</doc>
<status status="PASS" starttime="20230801 13:51:52.283" endtime="20230801 13:51:52.296"/>
</kw>
<kw name="Click Element" library="SeleniumLibrary">
<arg>//div[@class='d-flex align-items-center gap-2']</arg>
<doc>Click the element identified by ``locator``.</doc>
<msg timestamp="20230801 13:51:52.297" level="INFO">Clicking element '//div[@class='d-flex align-items-center gap-2']'.</msg>
<status status="PASS" starttime="20230801 13:51:52.296" endtime="20230801 13:51:52.352"/>
</kw>
<kw name="Sleep" library="BuiltIn">
<arg>1s</arg>
<doc>Pauses the test executed for the given time.</doc>
<msg timestamp="20230801 13:51:53.353" level="INFO">Slept 1 second</msg>
<status status="PASS" starttime="20230801 13:51:52.352" endtime="20230801 13:51:53.353"/>
</kw>
<kw name="Click Element" library="SeleniumLibrary">
<arg>//*[@id="type"]/div/div[1]/div[2]</arg>
<doc>Click the element identified by ``locator``.</doc>
<msg timestamp="20230801 13:51:53.353" level="INFO">Clicking element '//*[@id="type"]/div/div[1]/div[2]'.</msg>
<status status="PASS" starttime="20230801 13:51:53.353" endtime="20230801 13:51:53.407"/>
</kw>
<kw name="Sleep" library="BuiltIn">
<arg>1s</arg>
<doc>Pauses the test executed for the given time.</doc>
<msg timestamp="20230801 13:51:54.408" level="INFO">Slept 1 second</msg>
<status status="PASS" starttime="20230801 13:51:53.407" endtime="20230801 13:51:54.408"/>
</kw>
<kw name="Press Keys" library="SeleniumLibrary">
<arg>None</arg>
<arg>${category_name}</arg>
<doc>Simulates the user pressing key(s) to an element or on the active browser.</doc>
<msg timestamp="20230801 13:51:54.409" level="INFO">Sending key(s) ('Automation Category',) to page.</msg>
<msg timestamp="20230801 13:51:54.409" level="INFO">Sending keys Automation Category</msg>
<status status="PASS" starttime="20230801 13:51:54.408" endtime="20230801 13:51:54.609"/>
</kw>
<kw name="Sleep" library="BuiltIn">
<arg>1s</arg>
<doc>Pauses the test executed for the given time.</doc>
[...]
<status status="PASS" starttime="20230801 13:53:17.344" endtime="20230801 13:53:18.726"/>
</kw>
<kw name="Maximize Browser Window" library="SeleniumLibrary">
<doc>Maximizes current browser window.</doc>
<status status="PASS" starttime="20230801 13:53:18.726" endtime="20230801 13:53:18.870"/>
</kw>
<status status="PASS" starttime="20230801 13:53:17.343" endtime="20230801 13:53:18.871"/>
</kw>
<kw name="Input Email Credential" library="web_resources">
<arg>email=${email}</arg>
<kw name="Input Text" library="SeleniumLibrary">
<arg>${email_field}</arg>
<arg>${email}</arg>
<doc>Types the given ``text`` into the text field identified by ``locator``.</doc>
<msg timestamp="20230801 13:53:18.873" level="INFO">Typing text 'admin@gmail.com' into text field '//input[@id='Email']'.</msg>
<status status="PASS" starttime="20230801 13:53:18.872" endtime="20230801 13:53:19.055"/>
</kw>
<status status="PASS" starttime="20230801 13:53:18.871" endtime="20230801 13:53:19.056"/>
</kw>
<kw name="Input Password Credential" library="web_resources">
<arg>password=${password}</arg>
<kw name="Input Password" library="SeleniumLibrary">
<arg>${password_field}</arg>
<arg>${password}</arg>
<doc>Types the given password into the text field identified by ``locator``.</doc>
<msg timestamp="20230801 13:53:19.058" level="INFO">Typing password into text field '//input[@id='password']'.</msg>
<msg timestamp="20230801 13:53:19.109" level="INFO">Temporally setting log level to: NONE</msg>
<msg timestamp="20230801 13:53:19.216" level="INFO">Log level changed from NONE to INFO.</msg>
<status status="PASS" starttime="20230801 13:53:19.057" endtime="20230801 13:53:19.216"/>
</kw>
<status status="PASS" starttime="20230801 13:53:19.056" endtime="20230801 13:53:19.216"/>
</kw>
<kw name="Click Login Button" library="web_resources">
<kw name="Click Button" library="SeleniumLibrary">
<arg>locator=${sign_in_button}</arg>
<doc>Clicks the button identified by ``locator``.</doc>
<msg timestamp="20230801 13:53:19.218" level="INFO">Clicking button '//button[@type='submit']'.</msg>
<status status="PASS" starttime="20230801 13:53:19.217" endtime="20230801 13:53:19.317"/>
</kw>
<status status="PASS" starttime="20230801 13:53:19.216" endtime="20230801 13:53:19.317"/>
</kw>
<kw name="Wait Until Page Contains" library="SeleniumLibrary">
<arg>text=${assertion_text}</arg>
<doc>Waits until ``text`` appears on the current page.</doc>
<status status="PASS" starttime="20230801 13:53:19.318" endtime="20230801 13:53:19.544"/>
</kw>
<status status="PASS" starttime="20230801 13:53:17.341" endtime="20230801 13:53:19.545"/>
</kw>
<status status="PASS" starttime="20230801 13:53:17.339" endtime="20230801 13:53:19.545"/>
</test>
<test id="s1-s5-t2" name="As Admin I can view final result of Program" line="11">
<kw name="Admin VIew Final Result of Program" library="web_resources">
<kw name="Search bar on Program Page" library="web_resources">
<arg>target_text=Automation Title</arg>
<arg>exclude_text=Joging</arg>
<kw name="Wait Until Element Is Visible" library="SeleniumLibrary">
<arg>locator=${search_program_field}</arg>
<doc>Waits until the element ``locator`` is visible.</doc>
<status status="PASS" starttime="20230801 13:53:19.548" endtime="20230801 13:53:19.579"/>
</kw>
<kw name="Input Text" library="SeleniumLibrary">
<arg>locator=${search_program_field}</arg>
<arg>text=${target_text}</arg>
<doc>Types the given ``text`` into the text field identified by ``locator``.</doc>
<msg timestamp="20230801 13:53:19.580" level="INFO">Typing text 'Automation Title' into text field '//input[@placeholder='Search Program']'.</msg>
<status status="PASS" starttime="20230801 13:53:19.579" endtime="20230801 13:53:19.681"/>
</kw>
<kw name="Wait Until Page Does Not Contain" library="SeleniumLibrary">
<arg>text=${exclude_text}</arg>
<doc>Waits until ``text`` disappears from the current page.</doc>
<status status="PASS" starttime="20230801 13:53:19.681" endtime="20230801 13:53:20.745"/>
</kw>
<status status="PASS" starttime="20230801 13:53:19.547" endtime="20230801 13:53:20.746"/>
</kw>
<kw name="Click Element" library="SeleniumLibrary">
<arg>locator=${target_program}</arg>
<doc>Click the element identified by ``locator``.</doc>
<msg timestamp="20230801 13:53:20.746" level="INFO">Clicking element '//h5[contains(text(),'Automation Title')]'.</msg>
<status status="PASS" starttime="20230801 13:53:20.746" endtime="20230801 13:53:20.857"/>
</kw>
<kw name="Sleep" library="BuiltIn">
<arg>2s</arg>
<doc>Pauses the test executed for the given time.</doc>
<msg timestamp="20230801 13:53:22.858" level="INFO">Slept 2 seconds</msg>
<status status="PASS" starttime="20230801 13:53:20.857" endtime="20230801 13:53:22.858"/>
</kw>
<kw name="Click Element" library="SeleniumLibrary">
<arg>locator=//div[@id='rc-tabs-0-tab-3']</arg>
<doc>Click the element identified by ``locator``.</doc>
<msg timestamp="20230801 13:53:22.858" level="INFO">Clicking element '//div[@id='rc-tabs-0-tab-3']'.</msg>
<status status="PASS" starttime="20230801 13:53:22.858" endtime="20230801 13:53:23.009"/>
</kw>
<kw name="Wait Until Page Contains" library="SeleniumLibrary">
<arg>Evaluation Progress</arg>
<doc>Waits until ``text`` appears on the current page.</doc>
<status status="PASS" starttime="20230801 13:53:23.009" endtime="20230801 13:53:23.063"/>
</kw>
<status status="PASS" starttime="20230801 13:53:19.546" endtime="20230801 13:53:23.064"/>
</kw>
<status status="PASS" starttime="20230801 13:53:19.545" endtime="20230801 13:53:23.065"/>
</test>
<test id="s1-s5-t3" name="As Admin I can remove target program" line="14">
<kw name="Remove Program TalentConnect" library="web_resources">
<arg>program_title=Automation Title</arg>
<arg>exclude_program_title=Joging</arg>
<kw name="Move to Program Page" library="web_resources">
<kw name="Click Element" library="SeleniumLibrary">
<arg>locator=${program_button}</arg>
<doc>Click the element identified by ``locator``.</doc>
<msg timestamp="20230801 13:53:23.069" level="INFO">Clicking element '//img[@alt='Program Icon']'.</msg>
<status status="PASS" starttime="20230801 13:53:23.068" endtime="20230801 13:53:23.152"/>
</kw>
<kw name="Sleep" library="BuiltIn">
<arg>1s</arg>
<doc>Pauses the test executed for the given time.</doc>
<msg timestamp="20230801 13:53:24.153" level="INFO">Slept 1 second</msg>
<status status="PASS" starttime="20230801 13:53:23.152" endtime="20230801 13:53:24.153"/>
</kw>
<status status="PASS" starttime="20230801 13:53:23.067" endtime="20230801 13:53:24.153"/>
</kw>
<kw name="Search bar on Program Page" library="web_resources">
<arg>target_text=${program_title}</arg>
<arg>exclude_text=${exclude_program_title}</arg>
<kw name="Wait Until Element Is Visible" library="SeleniumLibrary">
<arg>locator=${search_program_field}</arg>
<doc>Waits until the element ``locator`` is visible.</doc>
<status status="PASS" starttime="20230801 13:53:24.153" endtime="20230801 13:53:24.172"/>
</kw>
<kw name="Input Text" library="SeleniumLibrary">
<arg>locator=${search_program_field}</arg>
<arg>text=${target_text}</arg>
<doc>Types the given ``text`` into the text field identified by ``locator``.</doc>
<msg timestamp="20230801 13:53:24.173" level="INFO">Typing text 'Automation Title' into text field '//input[@placeholder='Search Program']'.</msg>
<status status="PASS" starttime="20230801 13:53:24.172" endtime="20230801 13:53:24.267"/>
</kw>
<kw name="Wait Until Page Does Not Contain" library="SeleniumLibrary">
<arg>text=${exclude_text}</arg>
<doc>Waits until ``text`` disappears from the current page.</doc>
<status status="PASS" starttime="20230801 13:53:24.267" endtime="20230801 13:53:25.328"/>
</kw>
<status status="PASS" starttime="20230801 13:53:24.153" endtime="20230801 13:53:25.329"/>
</kw>
<kw name="Click Element" library="SeleniumLibrary">
<arg>locator=//*[name()='path' and contains(@d,'M96 184c39')]</arg>
<doc>Click the element identified by ``locator``.</doc>
<msg timestamp="20230801 13:53:25.329" level="INFO">Clicking element '//*[name()='path' and contains(@d,'M96 184c39')]'.</msg>
<status status="PASS" starttime="20230801 13:53:25.329" endtime="20230801 13:53:25.378"/>
</kw>
<kw name="Click Element" library="SeleniumLibrary">
<arg>locator=//button[normalize-space()='Delete Program']</arg>
<doc>Click the element identified by ``locator``.</doc>
<msg timestamp="20230801 13:53:25.378" level="INFO">Clicking element '//button[normalize-space()='Delete Program']'.</msg>
<status status="PASS" starttime="20230801 13:53:25.378" endtime="20230801 13:53:25.432"/>
</kw>
<kw name="Wait Until Element Is Visible" library="SeleniumLibrary">
<arg>locator=//*[@id="root"]/div[1]/div/div/div[2]/div[1]/div[4]/div/div/div[2]/button[2]</arg>
<doc>Waits until the element ``locator`` is visible.</doc>
<status status="PASS" starttime="20230801 13:53:25.432" endtime="20230801 13:53:25.673"/>
</kw>
<kw name="Click Element" library="SeleniumLibrary">
<arg>locator=//*[@id="root"]/div[1]/div/div/div[2]/div[1]/div[4]/div/div/div[2]/button[2]</arg>
<doc>Click the element identified by ``locator``.</doc>
<msg timestamp="20230801 13:53:25.673" level="INFO">Clicking element '//*[@id="root"]/div[1]/div/div/div[2]/div[1]/div[4]/div/div/div[2]/button[2]'.</msg>
<status status="PASS" starttime="20230801 13:53:25.673" endtime="20230801 13:53:25.847"/>
</kw>
<status status="PASS" starttime="20230801 13:53:23.066" endtime="20230801 13:53:25.847"/>
</kw>
<status status="PASS" starttime="20230801 13:53:23.065" endtime="20230801 13:53:25.848"/>
</test>
<test id="s1-s5-t4" name="As Admin I can remove evaluation aspect" line="17">
<kw name="Remove Evaluation Aspect" library="web_resources">
<kw name="Move to Evaluation Scoring Page" library="web_resources">
<kw name="Click Element" library="SeleniumLibrary">
<arg>locator=${evaluation_scoring_button}</arg>
<doc>Click the element identified by ``locator``.</doc>
<msg timestamp="20230801 13:53:25.853" level="INFO">Clicking element '//img[@alt='Evaluation Scoring Icon']'.</msg>
<status status="PASS" starttime="20230801 13:53:25.851" endtime="20230801 13:53:25.982"/>
</kw>
<kw name="Wait Until Page Contains" library="SeleniumLibrary">
<arg>text=Evaluation Aspects</arg>
<doc>Waits until ``text`` appears on the current page.</doc>
<status status="PASS" starttime="20230801 13:53:25.982" endtime="20230801 13:53:26.010"/>
</kw>
<status status="PASS" starttime="20230801 13:53:25.851" endtime="20230801 13:53:26.010"/>
</kw>
<kw name="Execute Javascript" library="SeleniumLibrary">
<arg>window.scrollBy(0, 200)</arg>
<doc>Executes the given JavaScript code with possible arguments.</doc>
<msg timestamp="20230801 13:53:26.011" level="INFO">Executing JavaScript:
window.scrollBy(0, 200)
Without any arguments.</msg>
<status status="PASS" starttime="20230801 13:53:26.010" endtime="20230801 13:53:26.026"/>
</kw>
<kw name="Sleep" library="BuiltIn">
<arg>1s</arg>
<doc>Pauses the test executed for the given time.</doc>
<msg timestamp="20230801 13:53:27.027" level="INFO">Slept 1 second</msg>
<status status="PASS" starttime="20230801 13:53:26.026" endtime="20230801 13:53:27.027"/>
</kw>
<kw name="Click Element" library="SeleniumLibrary">
<arg>//div[6]//div[1]//div[5]//div[1]//label[1]//*[name()='svg']</arg>
<doc>Click the element identified by ``locator``.</doc>
<msg timestamp="20230801 13:53:27.027" level="INFO">Clicking element '//div[6]//div[1]//div[5]//div[1]//label[1]//*[name()='svg']'.</msg>
<status status="PASS" starttime="20230801 13:53:27.027" endtime="20230801 13:53:27.074"/>
</kw>
<kw name="Sleep" library="BuiltIn">
<arg>1s</arg>
<doc>Pauses the test executed for the given time.</doc>
<msg timestamp="20230801 13:53:28.075" level="INFO">Slept 1 second</msg>
<status status="PASS" starttime="20230801 13:53:27.074" endtime="20230801 13:53:28.075"/>
</kw>
<kw name="Click Element" library="SeleniumLibrary">
<arg>//button[normalize-space()='Delete Evaluation Aspect']</arg>
<doc>Click the element identified by ``locator``.</doc>
<msg timestamp="20230801 13:53:28.076" level="INFO">Clicking element '//button[normalize-space()='Delete Evaluation Aspect']'.</msg>
<status status="PASS" starttime="20230801 13:53:28.075" endtime="20230801 13:53:28.121"/>
</kw>
<kw name="Sleep" library="BuiltIn">
<arg>1s</arg>
<doc>Pauses the test executed for the given time.</doc>
<msg timestamp="20230801 13:53:29.122" level="INFO">Slept 1 second</msg>
<status status="PASS" starttime="20230801 13:53:28.121" endtime="20230801 13:53:29.122"/>
</kw>
<kw name="Click Element" library="SeleniumLibrary">
<arg>//*[@id="rc-tabs-0-panel-1"]/div/div/div[1]/div/div[6]/div/div[5]/div[2]/div/div/div[2]/button[2]</arg>
<doc>Click the element identified by ``locator``.</doc>
<msg timestamp="20230801 13:53:29.123" level="INFO">Clicking element '//*[@id="rc-tabs-0-panel-1"]/div/div/div[1]/div/div[6]/div/div[5]/div[2]/div/div/div[2]/button[2]'.</msg>
<status status="PASS" starttime="20230801 13:53:29.122" endtime="20230801 13:53:29.273"/>
</kw>
<kw name="Sleep" library="BuiltIn">
<arg>1s</arg>
<doc>Pauses the test executed for the given time.</doc>
<msg timestamp="20230801 13:53:30.273" level="INFO">Slept 1 second</msg>
<status status="PASS" starttime="20230801 13:53:29.273" endtime="20230801 13:53:30.274"/>
</kw>
<status status="PASS" starttime="20230801 13:53:25.851" endtime="20230801 13:53:30.274"/>
</kw>
<status status="PASS" starttime="20230801 13:53:25.850" endtime="20230801 13:53:30.274"/>
</test>
<test id="s1-s5-t5" name="As Admin I can remove evaluation category" line="20">
<kw name="Move to Evaluation Scoring Page" library="web_resources">
<kw name="Click Element" library="SeleniumLibrary">
<arg>locator=${evaluation_scoring_button}</arg>
<doc>Click the element identified by ``locator``.</doc>
<msg timestamp="20230801 13:53:30.276" level="INFO">Clicking element '//img[@alt='Evaluation Scoring Icon']'.</msg>
<status status="PASS" starttime="20230801 13:53:30.276" endtime="20230801 13:53:30.332"/>
</kw>
<kw name="Wait Until Page Contains" library="SeleniumLibrary">
<arg>text=Evaluation Aspects</arg>
<doc>Waits until ``text`` appears on the current page.</doc>
<status status="PASS" starttime="20230801 13:53:30.332" endtime="20230801 13:53:30.345"/>
</kw>
<status status="PASS" starttime="20230801 13:53:30.275" endtime="20230801 13:53:30.345"/>
</kw>
<kw name="Sleep" library="BuiltIn">
<arg>1s</arg>
<doc>Pauses the test executed for the given time.</doc>
<msg timestamp="20230801 13:53:31.346" level="INFO">Slept 1 second</msg>
<status status="PASS" starttime="20230801 13:53:30.345" endtime="20230801 13:53:31.346"/>
</kw>
<kw name="Remove Evaluation Category" library="web_resources">
<kw name="Scroll into end of page" library="web_resources">
<kw name="Execute Javascript" library="SeleniumLibrary">
<arg>window.scrollTo(0, document.body.scrollHeight)</arg>
<doc>Executes the given JavaScript code with possible arguments.</doc>
<msg timestamp="20230801 13:53:31.348" level="INFO">Executing JavaScript:
window.scrollTo(0, document.body.scrollHeight)
Without any arguments.</msg>
<status status="PASS" starttime="20230801 13:53:31.347" endtime="20230801 13:53:31.355"/>
</kw>
<kw name="Sleep" library="BuiltIn">
<arg>1s</arg>
<doc>Pauses the test executed for the given time.</doc>
<msg timestamp="20230801 13:53:32.355" level="INFO">Slept 1 second</msg>
<status status="PASS" starttime="20230801 13:53:31.355" endtime="20230801 13:53:32.355"/>
</kw>
<status status="PASS" starttime="20230801 13:53:31.347" endtime="20230801 13:53:32.356"/>
</kw>
<kw name="Click Element" library="SeleniumLibrary">
<arg>//div[5]//div[1]//div[2]//div[1]//label[1]//*[name()='svg']</arg>
<doc>Click the element identified by ``locator``.</doc>
<msg timestamp="20230801 13:53:32.356" level="INFO">Clicking element '//div[5]//div[1]//div[2]//div[1]//label[1]//*[name()='svg']'.</msg>
<status status="PASS" starttime="20230801 13:53:32.356" endtime="20230801 13:53:32.398"/>
</kw>
<kw name="Sleep" library="BuiltIn">
<arg>1s</arg>
<doc>Pauses the test executed for the given time.</doc>
<msg timestamp="20230801 13:53:33.399" level="INFO">Slept 1 second</msg>
<status status="PASS" starttime="20230801 13:53:32.398" endtime="20230801 13:53:33.399"/>
</kw>
<kw name="Click Element" library="SeleniumLibrary">
<arg>//button[normalize-space()='Delete Evaluation Category']</arg>
<doc>Click the element identified by ``locator``.</doc>
<msg timestamp="20230801 13:53:33.400" level="INFO">Clicking element '//button[normalize-space()='Delete Evaluation Category']'.</msg>
<status status="PASS" starttime="20230801 13:53:33.399" endtime="20230801 13:53:33.447"/>
</kw>
<kw name="Sleep" library="BuiltIn">
<arg>1s</arg>
<doc>Pauses the test executed for the given time.</doc>
<msg timestamp="20230801 13:53:34.448" level="INFO">Slept 1 second</msg>
<status status="PASS" starttime="20230801 13:53:33.447" endtime="20230801 13:53:34.448"/>
</kw>
<kw name="Click Element" library="SeleniumLibrary">
<arg>//div[@class='modal fade show']//button[@type='submit'][normalize-space()='Confirm']</arg>
<doc>Click the element identified by ``locator``.</doc>
<msg timestamp="20230801 13:53:34.449" level="INFO">Clicking element '//div[@class='modal fade show']//button[@type='submit'][normalize-space()='Confirm']'.</msg>
<status status="PASS" starttime="20230801 13:53:34.448" endtime="20230801 13:53:34.602"/>
</kw>
<kw name="Sleep" library="BuiltIn">
<arg>1s</arg>
<doc>Pauses the test executed for the given time.</doc>
<msg timestamp="20230801 13:53:35.603" level="INFO">Slept 1 second</msg>
<status status="PASS" starttime="20230801 13:53:34.603" endtime="20230801 13:53:35.603"/>
</kw>
<status status="PASS" starttime="20230801 13:53:31.346" endtime="20230801 13:53:35.603"/>
</kw>
<status status="PASS" starttime="20230801 13:53:30.275" endtime="20230801 13:53:35.604"/>
</test>
<test id="s1-s5-t6" name="As Admin I can perform Logout" line="25">
<kw name="Click Logout Button" library="web_resources">
<kw name="Click Element" library="SeleniumLibrary">
<arg>locator=${logout_button}</arg>
<doc>Click the element identified by ``locator``.</doc>
<msg timestamp="20230801 13:53:35.606" level="INFO">Clicking element '//img[@alt='Profile Icon']'.</msg>
<status status="PASS" starttime="20230801 13:53:35.605" endtime="20230801 13:53:35.690"/>
</kw>
<kw name="Sleep" library="BuiltIn">
<arg>1s</arg>
<doc>Pauses the test executed for the given time.</doc>
<msg timestamp="20230801 13:53:36.691" level="INFO">Slept 1 second</msg>
<status status="PASS" starttime="20230801 13:53:35.691" endtime="20230801 13:53:36.691"/>
</kw>
<kw name="Close Browser" library="SeleniumLibrary">
<doc>Closes the current browser.</doc>
<status status="PASS" starttime="20230801 13:53:36.691" endtime="20230801 13:53:36.789"/>
</kw>
<status status="PASS" starttime="20230801 13:53:35.605" endtime="20230801 13:53:36.790"/>
</kw>
<status status="PASS" starttime="20230801 13:53:35.604" endtime="20230801 13:53:36.791"/>
</test>
<status status="PASS" starttime="20230801 13:53:17.327" endtime="20230801 13:53:36.795"/>
</suite>
<status status="PASS" starttime="20230801 13:50:31.999" endtime="20230801 13:53:36.807"/>
</suite>
<statistics>
<total>
<stat pass="49" fail="0" skip="0">All Tests</stat>
</total>
<tag>
</tag>
<suite>
<stat pass="49" fail="0" skip="0" id="s1" name="Web-Version">Web-Version</stat>
<stat pass="19" fail="0" skip="0" id="s1-s1" name="1-Admin Test Case">Web-Version.1-Admin Test Case</stat>
<stat pass="6" fail="0" skip="0" id="s1-s2" name="2-Mentor Test Case">Web-Version.2-Mentor Test Case</stat>
<stat pass="8" fail="0" skip="0" id="s1-s3" name="3-Judges Test Case">Web-Version.3-Judges Test Case</stat>
<stat pass="10" fail="0" skip="0" id="s1-s4" name="4-Mentee Test Case">Web-Version.4-Mentee Test Case</stat>
<stat pass="6" fail="0" skip="0" id="s1-s5" name="5-Cleaner Test Case">Web-Version.5-Cleaner Test Case</stat>
</suite>
</statistics>
<errors>
</errors>
</robot>
