<?xml version="1.0" encoding="UTF-8"?>
<robot generator="Robot 6.0.2 (Python 3.10.6 on linux)" generated="20230801 10:09:38.630" rpa="false" schemaversion="3">
<suite id="s1" name="Web-Version" source="/home/user/Documents/EnigmaCamp/SQA/talent-connect-automation/Tests/web-version">
<suite id="s1-s1" name="1-Admin Test Case" source="/home/user/Documents/EnigmaCamp/SQA/talent-connect-automation/Tests/web-version/1-admin_test_case.robot">
<test id="s1-s1-t1" name="As Admin I can login as Admin Role on Talent Connect" line="9">
<kw name="Login Into TalentConnect" library="web_resources">
<arg>url=${url}</arg>
<arg>email=${email_admin}</arg>
<arg>password=${password}</arg>
<arg>assertion_text=Admin</arg>
<kw name="Open Target Browser" library="web_resources">
<arg>url=${url}</arg>
<kw name="Evaluate" library="BuiltIn">
<var>${chrome options}</var>
<arg>selenium.webdriver.ChromeOptions()</arg>
<arg>modules=selenium, selenium.webdriver</arg>
<doc>Evaluates the given expression in Python and returns the result.</doc>
<msg timestamp="20230801 10:09:38.800" level="INFO">${chrome options} = &lt;selenium.webdriver.chrome.options.Options object at 0x7f4adce29f60&gt;</msg>
<status status="PASS" starttime="20230801 10:09:38.800" endtime="20230801 10:09:38.800"/>
</kw>
<kw name="Call Method" library="BuiltIn">
<arg>${chrome_options}</arg>
<arg>add_argument</arg>
<arg>headless</arg>
<doc>Calls the named method of the given object with the provided arguments.</doc>
<status status="PASS" starttime="20230801 10:09:38.800" endtime="20230801 10:09:38.801"/>
</kw>
<kw name="Call Method" library="BuiltIn">
<arg>${chrome_options}</arg>
<arg>add_argument</arg>
<arg>--no-sandbox</arg>
<doc>Calls the named method of the given object with the provided arguments.</doc>
<status status="PASS" starttime="20230801 10:09:38.801" endtime="20230801 10:09:38.801"/>
</kw>
<kw name="Call Method" library="BuiltIn">
<arg>${chrome_options}</arg>
<arg>add_argument</arg>
<arg>disable-gpu</arg>
<doc>Calls the named method of the given object with the provided arguments.</doc>
<status status="PASS" starttime="20230801 10:09:38.801" endtime="20230801 10:09:38.801"/>
</kw>
<kw name="Call Method" library="BuiltIn">
<arg>${chrome_options}</arg>
<arg>add_argument</arg>
<arg>--ignore-certificate-errors</arg>
<doc>Calls the named method of the given object with the provided arguments.</doc>
<status status="PASS" starttime="20230801 10:09:38.801" endtime="20230801 10:09:38.801"/>
</kw>
<kw name="Call Method" library="BuiltIn">
<arg>${chrome_options}</arg>
<arg>add_argument</arg>
<arg>${window_size}</arg>
<doc>Calls the named method of the given object with the provided arguments.</doc>
<status status="PASS" starttime="20230801 10:09:38.801" endtime="20230801 10:09:38.801"/>
</kw>
<kw name="Call Method" library="BuiltIn">
<var>${var}</var>
<arg>${chrome_options}</arg>
<arg>to_capabilities</arg>
<doc>Calls the named method of the given object with the provided arguments.</doc>
<msg timestamp="20230801 10:09:38.802" level="INFO">${var} = {'browserName': 'chrome', 'pageLoadStrategy': 'normal', 'goog:chromeOptions': {'extensions': [], 'args': ['headless', '--no-sandbox', 'disable-gpu', '--ignore-certificate-errors', '--window-size=1920,...</msg>
<status status="PASS" starttime="20230801 10:09:38.802" endtime="20230801 10:09:38.802"/>
</kw>
<kw name="Create Webdriver" library="SeleniumLibrary">
<arg>driver_name=Chrome</arg>
<arg>alias=google</arg>
<arg>chrome_options=${chrome_options}</arg>
<doc>Creates an instance of Selenium WebDriver.</doc>
<msg timestamp="20230801 10:09:38.802" level="INFO">Creating an instance of the Chrome WebDriver.</msg>
<msg timestamp="20230801 10:09:38.802" level="INFO">Applicable driver not found; attempting to install with Selenium Manager (Beta)</msg>
<status status="PASS" starttime="20230801 10:09:38.802" endtime="20230801 10:09:39.463"/>
</kw>
<kw name="Go To" library="SeleniumLibrary">
<arg>${url}</arg>
<doc>Navigates the current browser window to the provided ``url``.</doc>
<msg timestamp="20230801 10:09:39.463" level="INFO">Opening url 'http://167.172.84.203.nip.io/'</msg>
<status status="PASS" starttime="20230801 10:09:39.463" endtime="20230801 10:09:40.288"/>
</kw>
<kw name="Maximize Browser Window" library="SeleniumLibrary">
<doc>Maximizes current browser window.</doc>
<status status="PASS" starttime="20230801 10:09:40.289" endtime="20230801 10:09:40.427"/>
</kw>
<status status="PASS" starttime="20230801 10:09:38.800" endtime="20230801 10:09:40.427"/>
</kw>
<kw name="Input Email Credential" library="web_resources">
<arg>email=${email}</arg>
<kw name="Input Text" library="SeleniumLibrary">
<arg>${email_field}</arg>
<arg>${email}</arg>
<doc>Types the given ``text`` into the text field identified by ``locator``.</doc>
<msg timestamp="20230801 10:09:40.428" level="INFO">Typing text 'admin@gmail.com' into text field '//input[@id='Email']'.</msg>
<status status="PASS" starttime="20230801 10:09:40.427" endtime="20230801 10:09:40.566"/>
</kw>
<status status="PASS" starttime="20230801 10:09:40.427" endtime="20230801 10:09:40.566"/>
</kw>
<kw name="Input Password Credential" library="web_resources">
<arg>password=${password}</arg>
<kw name="Input Password" library="SeleniumLibrary">
<arg>${password_field}</arg>
<arg>${password}</arg>
<doc>Types the given password into the text field identified by ``locator``.</doc>
<msg timestamp="20230801 10:09:40.567" level="INFO">Typing password into text field '//input[@id='password']'.</msg>
<msg timestamp="20230801 10:09:40.601" level="INFO">Temporally setting log level to: NONE</msg>
<msg timestamp="20230801 10:09:40.657" level="INFO">Log level changed from NONE to INFO.</msg>
<status status="PASS" starttime="20230801 10:09:40.567" endtime="20230801 10:09:40.657"/>
</kw>
<status status="PASS" starttime="20230801 10:09:40.566" endtime="20230801 10:09:40.657"/>
</kw>
<kw name="Click Login Button" library="web_resources">
<kw name="Click Button" library="SeleniumLibrary">
<arg>locator=${sign_in_button}</arg>
<doc>Clicks the button identified by ``locator``.</doc>
<msg timestamp="20230801 10:09:40.658" level="INFO">Clicking button '//button[@type='submit']'.</msg>
<status status="PASS" starttime="20230801 10:09:40.657" endtime="20230801 10:09:40.723"/>
</kw>
<status status="PASS" starttime="20230801 10:09:40.657" endtime="20230801 10:09:40.724"/>
</kw>
<kw name="Wait Until Page Contains" library="SeleniumLibrary">
<arg>text=${assertion_text}</arg>
<doc>Waits until ``text`` appears on the current page.</doc>
<status status="PASS" starttime="20230801 10:09:40.724" endtime="20230801 10:09:40.947"/>
</kw>
<status status="PASS" starttime="20230801 10:09:38.799" endtime="20230801 10:09:40.947"/>
</kw>
<status status="PASS" starttime="20230801 10:09:38.798" endtime="20230801 10:09:40.947"/>
</test>
<test id="s1-s1-t2" name="As Admin I can find program on search bar" line="12">
<kw name="Search bar on Program Page" library="web_resources">
<arg>target_text=ITDP 3</arg>
<arg>exclude_text=Joging</arg>
<kw name="Wait Until Element Is Visible" library="SeleniumLibrary">
<arg>locator=${search_program_field}</arg>
<doc>Waits until the element ``locator`` is visible.</doc>
<status status="PASS" starttime="20230801 10:09:40.949" endtime="20230801 10:09:40.975"/>
</kw>
<kw name="Input Text" library="SeleniumLibrary">
<arg>locator=${search_program_field}</arg>
<arg>text=${target_text}</arg>
<doc>Types the given ``text`` into the text field identified by ``locator``.</doc>
<msg timestamp="20230801 10:09:40.976" level="INFO">Typing text 'ITDP 3' into text field '//input[@placeholder='Search Program']'.</msg>
<status status="PASS" starttime="20230801 10:09:40.975" endtime="20230801 10:09:41.056"/>
</kw>
<kw name="Wait Until Page Does Not Contain" library="SeleniumLibrary">
<arg>text=${exclude_text}</arg>
<doc>Waits until ``text`` disappears from the current page.</doc>
<status status="PASS" starttime="20230801 10:09:41.057" endtime="20230801 10:09:42.120"/>
</kw>
<status status="PASS" starttime="20230801 10:09:40.949" endtime="20230801 10:09:42.120"/>
</kw>
<status status="PASS" starttime="20230801 10:09:40.948" endtime="20230801 10:09:42.120"/>
</test>
<test id="s1-s1-t3" name="As Admin I can add new program" line="15">
<kw name="Add New TalentConnect Program" library="web_resources">
<arg>title=Automation Title</arg>
<arg>start_date=07/01/2023</arg>
<arg>end_date=08/01/2023</arg>
<kw name="Click Element" library="SeleniumLibrary">
<arg>locator=${add_program_button}</arg>
<doc>Click the element identified by ``locator``.</doc>
<msg timestamp="20230801 10:09:42.122" level="INFO">Clicking element '//button[normalize-space()='+ Add Program']'.</msg>
<status status="PASS" starttime="20230801 10:09:42.122" endtime="20230801 10:09:42.179"/>
</kw>
<kw name="Input Text" library="SeleniumLibrary">
<arg>locator=${add_program_title}</arg>
<arg>text=${title}</arg>
<doc>Types the given ``text`` into the text field identified by ``locator``.</doc>
<msg timestamp="20230801 10:09:42.180" level="INFO">Typing text 'Automation Title' into text field '//input[@id='programTitle']'.</msg>
<status status="PASS" starttime="20230801 10:09:42.180" endtime="20230801 10:09:42.277"/>
</kw>
<kw name="Input Text" library="SeleniumLibrary">
<arg>locator=${add_program_startdate}</arg>
<arg>text=${start_date}</arg>
<doc>Types the given ``text`` into the text field identified by ``locator``.</doc>
<msg timestamp="20230801 10:09:42.278" level="INFO">Typing text '07/01/2023' into text field '//input[@id='startDate']'.</msg>
<status status="PASS" starttime="20230801 10:09:42.278" endtime="20230801 10:09:42.361"/>
</kw>
<kw name="Input Text" library="SeleniumLibrary">
<arg>locator=${add_program_enddate}</arg>
<arg>text=${end_date}</arg>
<doc>Types the given ``text`` into the text field identified by ``locator``.</doc>
<msg timestamp="20230801 10:09:42.362" level="INFO">Typing text '08/01/2023' into text field '//input[@id='endDate']'.</msg>
<status status="PASS" starttime="20230801 10:09:42.361" endtime="20230801 10:09:42.438"/>
</kw>
<kw name="Click Element" library="SeleniumLibrary">
<arg>locator=${confirm_add_program}</arg>
<doc>Click the element identified by ``locator``.</doc>
<msg timestamp="20230801 10:09:42.439" level="INFO">Clicking element '//button[normalize-space()='Add Program']'.</msg>
<status status="PASS" starttime="20230801 10:09:42.438" endtime="20230801 10:09:42.482"/>
</kw>
<kw name="Wait Until Page Contains" library="SeleniumLibrary">
<arg>text=${title}</arg>
<doc>Waits until ``text`` appears on the current page.</doc>
<status status="PASS" starttime="20230801 10:09:42.482" endtime="20230801 10:09:42.702"/>
</kw>
<status status="PASS" starttime="20230801 10:09:42.121" endtime="20230801 10:09:42.703"/>
</kw>
<status status="PASS" starttime="20230801 10:09:42.120" endtime="20230801 10:09:42.703"/>
</test>
<test id="s1-s1-t4" name="As Admin I can add new participant on target program" line="18">
<kw name="Add New Participant on Program" library="web_resources">
<arg>program_title=Automation Title</arg>
<arg>participant_name=Mentee</arg>
<kw name="Move to Program Page" library="web_resources">
<kw name="Click Element" library="SeleniumLibrary">
<arg>locator=${program_button}</arg>
<doc>Click the element identified by ``locator``.</doc>
<msg timestamp="20230801 10:09:42.705" level="INFO">Clicking element '//img[@alt='Program Icon']'.</msg>
<status status="PASS" starttime="20230801 10:09:42.705" endtime="20230801 10:09:42.758"/>
</kw>
<kw name="Sleep" library="BuiltIn">
<arg>1s</arg>
<doc>Pauses the test executed for the given time.</doc>
<msg timestamp="20230801 10:09:43.759" level="INFO">Slept 1 second</msg>
<status status="PASS" starttime="20230801 10:09:42.758" endtime="20230801 10:09:43.759"/>
</kw>
<status status="PASS" starttime="20230801 10:09:42.705" endtime="20230801 10:09:43.759"/>
</kw>
<kw name="Search bar on Program Page" library="web_resources">
<arg>target_text=Automation Title</arg>
<arg>exclude_text=Joging</arg>
<kw name="Wait Until Element Is Visible" library="SeleniumLibrary">
<arg>locator=${search_program_field}</arg>
<doc>Waits until the element ``locator`` is visible.</doc>
<status status="PASS" starttime="20230801 10:09:43.760" endtime="20230801 10:09:43.779"/>
</kw>
<kw name="Input Text" library="SeleniumLibrary">
<arg>locator=${search_program_field}</arg>
<arg>text=${target_text}</arg>
<doc>Types the given ``text`` into the text field identified by ``locator``.</doc>
<msg timestamp="20230801 10:09:43.780" level="INFO">Typing text 'Automation Title' into text field '//input[@placeholder='Search Program']'.</msg>
<status status="PASS" starttime="20230801 10:09:43.779" endtime="20230801 10:09:43.864"/>
</kw>
<kw name="Wait Until Page Does Not Contain" library="SeleniumLibrary">
<arg>text=${exclude_text}</arg>
<doc>Waits until ``text`` disappears from the current page.</doc>
<status status="PASS" starttime="20230801 10:09:43.864" endtime="20230801 10:09:44.922"/>
</kw>
<status status="PASS" starttime="20230801 10:09:43.759" endtime="20230801 10:09:44.923"/>
</kw>
<kw name="Click Element" library="SeleniumLibrary">
<arg>locator=${target_program}</arg>
<doc>Click the element identified by ``locator``.</doc>
<msg timestamp="20230801 10:09:44.924" level="INFO">Clicking element '//h5[contains(text(),'Automation Title')]'.</msg>
<status status="PASS" starttime="20230801 10:09:44.923" endtime="20230801 10:09:45.008"/>
</kw>
<kw name="Sleep" library="BuiltIn">
<arg>2s</arg>
<doc>Pauses the test executed for the given time.</doc>
<msg timestamp="20230801 10:09:47.009" level="INFO">Slept 2 seconds</msg>
<status status="PASS" starttime="20230801 10:09:45.008" endtime="20230801 10:09:47.009"/>
</kw>
<kw name="Click Element" library="SeleniumLibrary">
<arg>locator=${participant_tab}</arg>
<doc>Click the element identified by ``locator``.</doc>
<msg timestamp="20230801 10:09:47.010" level="INFO">Clicking element '//div[@id='rc-tabs-0-tab-2']'.</msg>
<status status="PASS" starttime="20230801 10:09:47.009" endtime="20230801 10:09:47.055"/>
</kw>
<kw name="Wait Until Page Contains" library="SeleniumLibrary">
<arg>text=Mentees</arg>
<doc>Waits until ``text`` appears on the current page.</doc>
<status status="PASS" starttime="20230801 10:09:47.055" endtime="20230801 10:09:47.068"/>
</kw>
<kw name="Sleep" library="BuiltIn">
<arg>1s</arg>
<doc>Pauses the test executed for the given time.</doc>
<msg timestamp="20230801 10:09:48.068" level="INFO">Slept 1 second</msg>
<status status="PASS" starttime="20230801 10:09:47.068" endtime="20230801 10:09:48.068"/>
</kw>
<kw name="Click Element" library="SeleniumLibrary">
<arg>locator=${add_new_participant}</arg>
<doc>Click the element identified by ``locator``.</doc>
<msg timestamp="20230801 10:09:48.069" level="INFO">Clicking element '//button[normalize-space()='+ Add Mentee']'.</msg>
<status status="PASS" starttime="20230801 10:09:48.068" endtime="20230801 10:09:48.116"/>
</kw>
<kw name="Sleep" library="BuiltIn">
<arg>1s</arg>
<doc>Pauses the test executed for the given time.</doc>
<msg timestamp="20230801 10:09:49.116" level="INFO">Slept 1 second</msg>
<status status="PASS" starttime="20230801 10:09:48.116" endtime="20230801 10:09:49.117"/>
</kw>
<kw name="Click Element" library="SeleniumLibrary">
<arg>locator=${show_participant_list}</arg>
<doc>Click the element identified by ``locator``.</doc>
<msg timestamp="20230801 10:09:49.117" level="INFO">Clicking element '//div[@class=' css-19bb58m']'.</msg>
<status status="PASS" starttime="20230801 10:09:49.117" endtime="20230801 10:09:49.168"/>
</kw>
<kw name="Sleep" library="BuiltIn">
<arg>1s</arg>
<doc>Pauses the test executed for the given time.</doc>
<msg timestamp="20230801 10:09:50.169" level="INFO">Slept 1 second</msg>
<status status="PASS" starttime="20230801 10:09:49.168" endtime="20230801 10:09:50.169"/>
</kw>
<kw name="Press Keys" library="SeleniumLibrary">
<arg>None</arg>
<arg>${participant_name}</arg>
<doc>Simulates the user pressing key(s) to an element or on the active browser.</doc>
<msg timestamp="20230801 10:09:50.169" level="INFO">Sending key(s) ('Mentee',) to page.</msg>
<msg timestamp="20230801 10:09:50.170" level="INFO">Sending keys Mentee</msg>
<status status="PASS" starttime="20230801 10:09:50.169" endtime="20230801 10:09:50.213"/>
</kw>
<kw name="Sleep" library="BuiltIn">
<arg>1s</arg>
<doc>Pauses the test executed for the given time.</doc>
<msg timestamp="20230801 10:09:51.214" level="INFO">Slept 1 second</msg>
<status status="PASS" starttime="20230801 10:09:50.214" endtime="20230801 10:09:51.214"/>
</kw>
<kw name="Press Keys" library="SeleniumLibrary">
<arg>None</arg>
<arg>RETURN</arg>
<doc>Simulates the user pressing key(s) to an element or on the active browser.</doc>
<msg timestamp="20230801 10:09:51.215" level="INFO">Sending key(s) ('RETURN',) to page.</msg>
<msg timestamp="20230801 10:09:51.215" level="INFO">Pressing special key RETURN to browser.</msg>
<msg timestamp="20230801 10:09:51.215" level="INFO">Releasing special key RETURN.</msg>
<status status="PASS" starttime="20230801 10:09:51.214" endtime="20230801 10:09:51.228"/>
</kw>
<kw name="Sleep" library="BuiltIn">
<arg>1s</arg>
<doc>Pauses the test executed for the given time.</doc>
<msg timestamp="20230801 10:09:52.229" level="INFO">Slept 1 second</msg>
<status status="PASS" starttime="20230801 10:09:51.228" endtime="20230801 10:09:52.229"/>
</kw>
<kw name="Click Element" library="SeleniumLibrary">
<arg>locator=${confirm_add_participant}</arg>
<doc>Click the element identified by ``locator``.</doc>
<msg timestamp="20230801 10:09:52.230" level="INFO">Clicking element '//button[normalize-space()='Confirm']'.</msg>
<status status="PASS" starttime="20230801 10:09:52.229" endtime="20230801 10:09:52.274"/>
</kw>
<status status="PASS" starttime="20230801 10:09:42.704" endtime="20230801 10:09:52.274"/>
</kw>
<status status="PASS" starttime="20230801 10:09:42.703" endtime="20230801 10:09:52.275"/>
</test>
<test id="s1-s1-t5" name="As Admin I can add new activity" line="21">
<kw name="Add New Activity on Program" library="web_resources">
<arg>role=Admin</arg>
<arg>participant_name=all</arg>
<kw name="Set Variable If" library="BuiltIn">
<var>${day_addition}</var>
<arg>'${role}'=='Mentor'</arg>
<arg>0</arg>
<arg>8</arg>
<doc>Sets variable based on the given condition.</doc>
<msg timestamp="20230801 10:09:52.277" level="INFO">${day_addition} = 8</msg>
<status status="PASS" starttime="20230801 10:09:52.277" endtime="20230801 10:09:52.277"/>
</kw>
<kw name="Set Variable If" library="BuiltIn">
<var>${time}</var>
<arg>'${role}'=='Mentor'</arg>
<arg>00</arg>
<arg>11</arg>
<doc>Sets variable based on the given condition.</doc>
<msg timestamp="20230801 10:09:52.278" level="INFO">${time} = 11</msg>
<status status="PASS" starttime="20230801 10:09:52.277" endtime="20230801 10:09:52.278"/>
</kw>
<kw name="Get Current Date" library="DateTime">
<var>${date}</var>
<arg>UTC</arg>
<doc>Returns current local or UTC time with an optional increment.</doc>
<msg timestamp="20230801 10:09:52.278" level="INFO">${date} = 2023-08-01 03:09:52.278</msg>
<status status="PASS" starttime="20230801 10:09:52.278" endtime="20230801 10:09:52.278"/>
</kw>
<kw name="Add Time To Date" library="DateTime">
<var>${future_date}</var>
<arg>${date}</arg>
<arg>${day_addition} days</arg>
<doc>Adds time to date and returns the resulting date.</doc>
<msg timestamp="20230801 10:09:52.281" level="INFO">${future_date} = 2023-08-09 03:09:52.278</msg>
<status status="PASS" starttime="20230801 10:09:52.278" endtime="20230801 10:09:52.281"/>
</kw>
<kw name="Convert Date" library="DateTime">
<var>${activity_date}</var>
<arg>${future_date}</arg>
<arg>result_format=%m-%d-%Y</arg>
<doc>Converts between supported `date formats`.</doc>
<msg timestamp="20230801 10:09:52.281" level="INFO">${activity_date} = 08-09-2023</msg>
<status status="PASS" starttime="20230801 10:09:52.281" endtime="20230801 10:09:52.281"/>
</kw>
<kw name="Sleep" library="BuiltIn">
<arg>1s</arg>
<doc>Pauses the test executed for the given time.</doc>
<msg timestamp="20230801 10:09:53.282" level="INFO">Slept 1 second</msg>
<status status="PASS" starttime="20230801 10:09:52.282" endtime="20230801 10:09:53.282"/>
</kw>
<kw name="Move to Program Page" library="web_resources">
<kw name="Click Element" library="SeleniumLibrary">
<arg>locator=${program_button}</arg>
<doc>Click the element identified by ``locator``.</doc>
<msg timestamp="20230801 10:09:53.283" level="INFO">Clicking element '//img[@alt='Program Icon']'.</msg>
<status status="PASS" starttime="20230801 10:09:53.282" endtime="20230801 10:09:53.329"/>
</kw>
<kw name="Sleep" library="BuiltIn">
<arg>1s</arg>
<doc>Pauses the test executed for the given time.</doc>
<msg timestamp="20230801 10:09:54.330" level="INFO">Slept 1 second</msg>
<status status="PASS" starttime="20230801 10:09:53.329" endtime="20230801 10:09:54.330"/>
</kw>
<status status="PASS" starttime="20230801 10:09:53.282" endtime="20230801 10:09:54.330"/>
</kw>
<kw name="Search bar on Program Page" library="web_resources">
<arg>target_text=Automation Title</arg>
<arg>exclude_text=Joging</arg>
<kw name="Wait Until Element Is Visible" library="SeleniumLibrary">
<arg>locator=${search_program_field}</arg>
<doc>Waits until the element ``locator`` is visible.</doc>
<status status="PASS" starttime="20230801 10:09:54.331" endtime="20230801 10:09:54.348"/>
</kw>
<kw name="Input Text" library="SeleniumLibrary">
<arg>locator=${search_program_field}</arg>
<arg>text=${target_text}</arg>
<doc>Types the given ``text`` into the text field identified by ``locator``.</doc>
<msg timestamp="20230801 10:09:54.349" level="INFO">Typing text 'Automation Title' into text field '//input[@placeholder='Search Program']'.</msg>
<status status="PASS" starttime="20230801 10:09:54.348" endtime="20230801 10:09:54.435"/>
</kw>
<kw name="Wait Until Page Does Not Contain" library="SeleniumLibrary">
<arg>text=${exclude_text}</arg>
<doc>Waits until ``text`` disappears from the current page.</doc>
<status status="PASS" starttime="20230801 10:09:54.435" endtime="20230801 10:09:55.498"/>
</kw>
<status status="PASS" starttime="20230801 10:09:54.330" endtime="20230801 10:09:55.498"/>
</kw>
<kw name="Sleep" library="BuiltIn">
<arg>1s</arg>
<doc>Pauses the test executed for the given time.</doc>
<msg timestamp="20230801 10:09:56.499" level="INFO">Slept 1 second</msg>
<status status="PASS" starttime="20230801 10:09:55.499" endtime="20230801 10:09:56.499"/>
</kw>
<kw name="Click Element" library="SeleniumLibrary">
<arg>locator=${target_program}</arg>
<doc>Click the element identified by ``locator``.</doc>
<msg timestamp="20230801 10:09:56.500" level="INFO">Clicking element '//h5[contains(text(),'Automation Title')]'.</msg>
<status status="PASS" starttime="20230801 10:09:56.499" endtime="20230801 10:09:56.563"/>
</kw>
<kw name="Click Element" library="SeleniumLibrary">
<arg>//button[normalize-space()='+ Add Activity']</arg>
<doc>Click the element identified by ``locator``.</doc>
<msg timestamp="20230801 10:09:56.563" level="INFO">Clicking element '//button[normalize-space()='+ Add Activity']'.</msg>
<status status="PASS" starttime="20230801 10:09:56.563" endtime="20230801 10:09:56.621"/>
</kw>
<kw name="Wait Until Page Contains" library="SeleniumLibrary">
<arg>Add Activity</arg>
<doc>Waits until ``text`` appears on the current page.</doc>
<status status="PASS" starttime="20230801 10:09:56.621" endtime="20230801 10:09:56.633"/>
</kw>
<kw name="Input Text" library="SeleniumLibrary">
<arg>//input[@id='activityTitle']</arg>
<arg>${role} Automation Activity</arg>
<doc>Types the given ``text`` into the text field identified by ``locator``.</doc>
<msg timestamp="20230801 10:09:56.634" level="INFO">Typing text 'Admin Automation Activity' into text field '//input[@id='activityTitle']'.</msg>
<status status="PASS" starttime="20230801 10:09:56.633" endtime="20230801 10:09:56.750"/>
</kw>
<kw name="Input Text" library="SeleniumLibrary">
<arg>//input[@id='link']</arg>
<arg>www.automation.com</arg>
<doc>Types the given ``text`` into the text field identified by ``locator``.</doc>
<msg timestamp="20230801 10:09:56.750" level="INFO">Typing text 'www.automation.com' into text field '//input[@id='link']'.</msg>
<status status="PASS" starttime="20230801 10:09:56.750" endtime="20230801 10:09:56.850"/>
</kw>
<kw name="Click Element" library="SeleniumLibrary">
<arg>//input[@id='date']</arg>
<doc>Click the element identified by ``locator``.</doc>
<msg timestamp="20230801 10:09:56.851" level="INFO">Clicking element '//input[@id='date']'.</msg>
<status status="PASS" starttime="20230801 10:09:56.850" endtime="20230801 10:09:56.898"/>
</kw>
<kw name="Input Text" library="SeleniumLibrary">
<arg>//input[@id='date']</arg>
<arg>${activity_date}</arg>
<doc>Types the given ``text`` into the text field identified by ``locator``.</doc>
<msg timestamp="20230801 10:09:56.899" level="INFO">Typing text '08-09-2023' into text field '//input[@id='date']'.</msg>
<status status="PASS" starttime="20230801 10:09:56.898" endtime="20230801 10:09:56.973"/>
</kw>
<kw name="Press Keys" library="SeleniumLibrary">
<arg>None</arg>
<arg>ARROW_RIGHT</arg>
<doc>Simulates the user pressing key(s) to an element or on the active browser.</doc>
<msg timestamp="20230801 10:09:56.974" level="INFO">Sending key(s) ('ARROW_RIGHT',) to page.</msg>
<msg timestamp="20230801 10:09:56.974" level="INFO">Pressing special key ARROW_RIGHT to browser.</msg>
<msg timestamp="20230801 10:09:56.974" level="INFO">Releasing special key ARROW_RIGHT.</msg>
<status status="PASS" starttime="20230801 10:09:56.973" endtime="20230801 10:09:56.981"/>
</kw>
<kw name="Press Keys" library="SeleniumLibrary">
<arg>None</arg>
<arg>${time}:00AM</arg>
<doc>Simulates the user pressing key(s) to an element or on the active browser.</doc>
<msg timestamp="20230801 10:09:56.982" level="INFO">Sending key(s) ('11:00AM',) to page.</msg>
<msg timestamp="20230801 10:09:56.982" level="INFO">Sending keys 11:00AM</msg>
<status status="PASS" starttime="20230801 10:09:56.981" endtime="20230801 10:09:56.998"/>
</kw>
<kw name="Run Keyword If" library="BuiltIn">
<arg>'${role}'=='Mentor'</arg>
<arg>Add Participant when Create Activity</arg>
<arg>participant_name=${participant_name}</arg>
<doc>Runs the given keyword with the given arguments, if ``condition`` is true.</doc>
<status status="PASS" starttime="20230801 10:09:56.998" endtime="20230801 10:09:56.999"/>
</kw>
<kw name="Input Text" library="SeleniumLibrary">
<arg>//textarea[@id='description']</arg>
<arg>${role} Automation Activity Description</arg>
<doc>Types the given ``text`` into the text field identified by ``locator``.</doc>
<msg timestamp="20230801 10:09:56.999" level="INFO">Typing text 'Admin Automation Activity Description' into text field '//textarea[@id='description']'.</msg>
<status status="PASS" starttime="20230801 10:09:56.999" endtime="20230801 10:09:57.119"/>
</kw>
<kw name="Scroll into end of page" library="web_resources">
<kw name="Execute Javascript" library="SeleniumLibrary">
<arg>window.scrollTo(0, document.body.scrollHeight)</arg>
<doc>Executes the given JavaScript code with possible arguments.</doc>
<msg timestamp="20230801 10:09:57.120" level="INFO">Executing JavaScript:
window.scrollTo(0, document.body.scrollHeight)
Without any arguments.</msg>
<status status="PASS" starttime="20230801 10:09:57.120" endtime="20230801 10:09:57.129"/>
</kw>
<kw name="Sleep" library="BuiltIn">
<arg>1s</arg>
<doc>Pauses the test executed for the given time.</doc>
<msg timestamp="20230801 10:09:58.130" level="INFO">Slept 1 second</msg>
<status status="PASS" starttime="20230801 10:09:57.129" endtime="20230801 10:09:58.130"/>
</kw>
<status status="PASS" starttime="20230801 10:09:57.119" endtime="20230801 10:09:58.130"/>
</kw>
<kw name="Click Element" library="SeleniumLibrary">
<arg>//button[normalize-space()='Add Activity']</arg>
<doc>Click the element identified by ``locator``.</doc>
<msg timestamp="20230801 10:09:58.131" level="INFO">Clicking element '//button[normalize-space()='Add Activity']'.</msg>
<status status="PASS" starttime="20230801 10:09:58.130" endtime="20230801 10:09:58.174"/>
</kw>
<kw name="Wait Until Page Contains" library="SeleniumLibrary">
<arg>${role} Automation Activity</arg>
<doc>Waits until ``text`` appears on the current page.</doc>
<status status="PASS" starttime="20230801 10:09:58.174" endtime="20230801 10:09:58.187"/>
</kw>
<status status="PASS" starttime="20230801 10:09:52.276" endtime="20230801 10:09:58.187"/>
</kw>
<status status="PASS" starttime="20230801 10:09:52.275" endtime="20230801 10:09:58.187"/>
</test>
<test id="s1-s1-t6" name="As Admin I Can Move to User Management Page" line="24">
<kw name="Move to User Management Page" library="web_resources">
<kw name="Click Element" library="SeleniumLibrary">
<arg>locator=${user_management_button}</arg>
<doc>Click the element identified by ``locator``.</doc>
<msg timestamp="20230801 10:09:58.190" level="INFO">Clicking element '//img[@alt='User Management Icon']'.</msg>
<status status="PASS" starttime="20230801 10:09:58.189" endtime="20230801 10:09:58.283"/>
</kw>
<kw name="Wait Until Page Contains" library="SeleniumLibrary">
<arg>text=User Management</arg>
<doc>Waits until ``text`` appears on the current page.</doc>
<status status="PASS" starttime="20230801 10:09:58.283" endtime="20230801 10:09:58.297"/>
</kw>
<status status="PASS" starttime="20230801 10:09:58.189" endtime="20230801 10:09:58.297"/>
</kw>
<status status="PASS" starttime="20230801 10:09:58.188" endtime="20230801 10:09:58.298"/>
</test>
<test id="s1-s1-t7" name="As Admin I Can Filter Mentee user" line="27">
<kw name="Filter on User Management Page" library="web_resources">
<arg>role=Mentee</arg>
<kw name="Click Element" library="SeleniumLibrary">
<arg>locator=//*[@id="role"]/div/div[1]/div[2]</arg>
<doc>Click the element identified by ``locator``.</doc>
<msg timestamp="20230801 10:09:58.301" level="INFO">Clicking element '//*[@id="role"]/div/div[1]/div[2]'.</msg>
<status status="PASS" starttime="20230801 10:09:58.300" endtime="20230801 10:09:58.403"/>
</kw>
<kw name="Press Keys" library="SeleniumLibrary">
<arg>None</arg>
<arg>${role}</arg>
<doc>Simulates the user pressing key(s) to an element or on the active browser.</doc>
<msg timestamp="20230801 10:09:58.404" level="INFO">Sending key(s) ('Mentee',) to page.</msg>
<msg timestamp="20230801 10:09:58.404" level="INFO">Sending keys Mentee</msg>
<status status="PASS" starttime="20230801 10:09:58.403" endtime="20230801 10:09:58.439"/>
</kw>
<kw name="Sleep" library="BuiltIn">
<arg>1s</arg>
<doc>Pauses the test executed for the given time.</doc>
<msg timestamp="20230801 10:09:59.440" level="INFO">Slept 1 second</msg>
<status status="PASS" starttime="20230801 10:09:58.440" endtime="20230801 10:09:59.440"/>
</kw>
<kw name="Press Keys" library="SeleniumLibrary">
<arg>None</arg>
<arg>RETURN</arg>
<doc>Simulates the user pressing key(s) to an element or on the active browser.</doc>
<msg timestamp="20230801 10:09:59.441" level="INFO">Sending key(s) ('RETURN',) to page.</msg>
<msg timestamp="20230801 10:09:59.441" level="INFO">Pressing special key RETURN to browser.</msg>
<msg timestamp="20230801 10:09:59.441" level="INFO">Releasing special key RETURN.</msg>
<status status="PASS" starttime="20230801 10:09:59.440" endtime="20230801 10:09:59.453"/>
</kw>
<kw name="Sleep" library="BuiltIn">
<arg>1s</arg>
<doc>Pauses the test executed for the given time.</doc>
<msg timestamp="20230801 10:10:00.454" level="INFO">Slept 1 second</msg>
<status status="PASS" starttime="20230801 10:09:59.453" endtime="20230801 10:10:00.454"/>
</kw>
<status status="PASS" starttime="20230801 10:09:58.299" endtime="20230801 10:10:00.454"/>
</kw>
<status status="PASS" starttime="20230801 10:09:58.298" endtime="20230801 10:10:00.454"/>
</test>
<test id="s1-s1-t8" name="As Admin I Can Filter Mentor user" line="30">
<kw name="Filter on User Management Page" library="web_resources">
<arg>role=Mentor</arg>
<kw name="Click Element" library="SeleniumLibrary">
<arg>locator=//*[@id="role"]/div/div[1]/div[2]</arg>
<doc>Click the element identified by ``locator``.</doc>
<msg timestamp="20230801 10:10:00.457" level="INFO">Clicking element '//*[@id="role"]/div/div[1]/div[2]'.</msg>
<status status="PASS" starttime="20230801 10:10:00.456" endtime="20230801 10:10:00.515"/>
</kw>
<kw name="Press Keys" library="SeleniumLibrary">
<arg>None</arg>
<arg>${role}</arg>
<doc>Simulates the user pressing key(s) to an element or on the active browser.</doc>
<msg timestamp="20230801 10:10:00.516" level="INFO">Sending key(s) ('Mentor',) to page.</msg>
<msg timestamp="20230801 10:10:00.516" level="INFO">Sending keys Mentor</msg>
<status status="PASS" starttime="20230801 10:10:00.515" endtime="20230801 10:10:00.547"/>
</kw>
<kw name="Sleep" library="BuiltIn">
<arg>1s</arg>
<doc>Pauses the test executed for the given time.</doc>
<msg timestamp="20230801 10:10:01.547" level="INFO">Slept 1 second</msg>
<status status="PASS" starttime="20230801 10:10:00.547" endtime="20230801 10:10:01.548"/>
</kw>
<kw name="Press Keys" library="SeleniumLibrary">
<arg>None</arg>
<arg>RETURN</arg>
<doc>Simulates the user pressing key(s) to an element or on the active browser.</doc>
<msg timestamp="20230801 10:10:01.548" level="INFO">Sending key(s) ('RETURN',) to page.</msg>
<msg timestamp="20230801 10:10:01.548" level="INFO">Pressing special key RETURN to browser.</msg>
<msg timestamp="20230801 10:10:01.548" level="INFO">Releasing special key RETURN.</msg>
<status status="PASS" starttime="20230801 10:10:01.548" endtime="20230801 10:10:01.564"/>
</kw>
<kw name="Sleep" library="BuiltIn">
<arg>1s</arg>
<doc>Pauses the test executed for the given time.</doc>
<msg timestamp="20230801 10:10:02.564" level="INFO">Slept 1 second</msg>
<status status="PASS" starttime="20230801 10:10:01.564" endtime="20230801 10:10:02.564"/>
</kw>
<status status="PASS" starttime="20230801 10:10:00.456" endtime="20230801 10:10:02.565"/>
</kw>
<status status="PASS" starttime="20230801 10:10:00.455" endtime="20230801 10:10:02.565"/>
</test>
<test id="s1-s1-t9" name="As Admin I Can Filter Judge user" line="33">
<kw name="Filter on User Management Page" library="web_resources">
<arg>role=Judge</arg>
<kw name="Click Element" library="SeleniumLibrary">
<arg>locator=//*[@id="role"]/div/div[1]/div[2]</arg>
<doc>Click the element identified by ``locator``.</doc>
<msg timestamp="20230801 10:10:02.567" level="INFO">Clicking element '//*[@id="role"]/div/div[1]/div[2]'.</msg>
<status status="PASS" starttime="20230801 10:10:02.567" endtime="20230801 10:10:02.627"/>
</kw>
<kw name="Press Keys" library="SeleniumLibrary">
<arg>None</arg>
<arg>${role}</arg>
<doc>Simulates the user pressing key(s) to an element or on the active browser.</doc>
<msg timestamp="20230801 10:10:02.628" level="INFO">Sending key(s) ('Judge',) to page.</msg>
<msg timestamp="20230801 10:10:02.628" level="INFO">Sending keys Judge</msg>
<status status="PASS" starttime="20230801 10:10:02.627" endtime="20230801 10:10:02.664"/>
</kw>
<kw name="Sleep" library="BuiltIn">
<arg>1s</arg>
<doc>Pauses the test executed for the given time.</doc>
<msg timestamp="20230801 10:10:03.665" level="INFO">Slept 1 second</msg>
<status status="PASS" starttime="20230801 10:10:02.664" endtime="20230801 10:10:03.665"/>
</kw>
<kw name="Press Keys" library="SeleniumLibrary">
<arg>None</arg>
<arg>RETURN</arg>
<doc>Simulates the user pressing key(s) to an element or on the active browser.</doc>
<msg timestamp="20230801 10:10:03.665" level="INFO">Sending key(s) ('RETURN',) to page.</msg>
<msg timestamp="20230801 10:10:03.666" level="INFO">Pressing special key RETURN to browser.</msg>
<msg timestamp="20230801 10:10:03.666" level="INFO">Releasing special key RETURN.</msg>
<status status="PASS" starttime="20230801 10:10:03.665" endtime="20230801 10:10:03.677"/>
</kw>
<kw name="Sleep" library="BuiltIn">
<arg>1s</arg>
<doc>Pauses the test executed for the given time.</doc>
<msg timestamp="20230801 10:10:04.681" level="INFO">Slept 1 second</msg>
<status status="PASS" starttime="20230801 10:10:03.677" endtime="20230801 10:10:04.681"/>
</kw>
<status status="PASS" starttime="20230801 10:10:02.566" endtime="20230801 10:10:04.681"/>
</kw>
<kw name="Reload Page" library="SeleniumLibrary">
<doc>Simulates user reloading page.</doc>
<status status="PASS" starttime="20230801 10:10:04.681" endtime="20230801 10:10:04.790"/>
</kw>
<kw name="Sleep" library="BuiltIn">
<arg>1s</arg>
<doc>Pauses the test executed for the given time.</doc>
<msg timestamp="20230801 10:10:05.792" level="INFO">Slept 1 second</msg>
<status status="PASS" starttime="20230801 10:10:04.791" endtime="20230801 10:10:05.792"/>
</kw>
<status status="PASS" starttime="20230801 10:10:02.566" endtime="20230801 10:10:05.792"/>
</test>
<test id="s1-s1-t10" name="As Admin I can filter active user" line="38">
<kw name="Filter User Activation" library="web_resources">
<arg>status=Active</arg>
<kw name="Click Element" library="SeleniumLibrary">
<arg>locator=//*[@id="status"]/div/div[1]/div[2]</arg>
<doc>Click the element identified by ``locator``.</doc>
<msg timestamp="20230801 10:10:05.795" level="INFO">Clicking element '//*[@id="status"]/div/div[1]/div[2]'.</msg>
<status status="PASS" starttime="20230801 10:10:05.794" endtime="20230801 10:10:05.868"/>
</kw>
<kw name="Press Keys" library="SeleniumLibrary">
<arg>None</arg>
<arg>${status}</arg>
<doc>Simulates the user pressing key(s) to an element or on the active browser.</doc>
<msg timestamp="20230801 10:10:05.869" level="INFO">Sending key(s) ('Active',) to page.</msg>
<msg timestamp="20230801 10:10:05.869" level="INFO">Sending keys Active</msg>
<status status="PASS" starttime="20230801 10:10:05.868" endtime="20230801 10:10:05.903"/>
</kw>
<kw name="Sleep" library="BuiltIn">
<arg>1s</arg>
<doc>Pauses the test executed for the given time.</doc>
<msg timestamp="20230801 10:10:06.904" level="INFO">Slept 1 second</msg>
<status status="PASS" starttime="20230801 10:10:05.903" endtime="20230801 10:10:06.904"/>
</kw>
<kw name="Press Keys" library="SeleniumLibrary">
<arg>None</arg>
<arg>RETURN</arg>
<doc>Simulates the user pressing key(s) to an element or on the active browser.</doc>
<msg timestamp="20230801 10:10:06.905" level="INFO">Sending key(s) ('RETURN',) to page.</msg>
<msg timestamp="20230801 10:10:06.905" level="INFO">Pressing special key RETURN to browser.</msg>
<msg timestamp="20230801 10:10:06.905" level="INFO">Releasing special key RETURN.</msg>
<status status="PASS" starttime="20230801 10:10:06.904" endtime="20230801 10:10:06.933"/>
</kw>
<kw name="Sleep" library="BuiltIn">
<arg>1s</arg>
<doc>Pauses the test executed for the given time.</doc>
<msg timestamp="20230801 10:10:07.934" level="INFO">Slept 1 second</msg>
<status status="PASS" starttime="20230801 10:10:06.933" endtime="20230801 10:10:07.934"/>
</kw>
<status status="PASS" starttime="20230801 10:10:05.794" endtime="20230801 10:10:07.934"/>
</kw>
<status status="PASS" starttime="20230801 10:10:05.793" endtime="20230801 10:10:07.934"/>
</test>
<test id="s1-s1-t11" name="As Admin I can filter inactive user" line="41">
<kw name="Filter User Activation" library="web_resources">
<arg>status=Inactive</arg>
<kw name="Click Element" library="SeleniumLibrary">
<arg>locator=//*[@id="status"]/div/div[1]/div[2]</arg>
<doc>Click the element identified by ``locator``.</doc>
<msg timestamp="20230801 10:10:07.937" level="INFO">Clicking element '//*[@id="status"]/div/div[1]/div[2]'.</msg>
<status status="PASS" starttime="20230801 10:10:07.936" endtime="20230801 10:10:07.993"/>
</kw>
<kw name="Press Keys" library="SeleniumLibrary">
<arg>None</arg>
<arg>${status}</arg>
<doc>Simulates the user pressing key(s) to an element or on the active browser.</doc>
<msg timestamp="20230801 10:10:07.994" level="INFO">Sending key(s) ('Inactive',) to page.</msg>
<msg timestamp="20230801 10:10:07.994" level="INFO">Sending keys Inactive</msg>
<status status="PASS" starttime="20230801 10:10:07.993" endtime="20230801 10:10:08.039"/>
</kw>
<kw name="Sleep" library="BuiltIn">
<arg>1s</arg>
<doc>Pauses the test executed for the given time.</doc>
<msg timestamp="20230801 10:10:09.040" level="INFO">Slept 1 second</msg>
<status status="PASS" starttime="20230801 10:10:08.039" endtime="20230801 10:10:09.040"/>
</kw>
<kw name="Press Keys" library="SeleniumLibrary">
<arg>None</arg>
<arg>RETURN</arg>
<doc>Simulates the user pressing key(s) to an element or on the active browser.</doc>
<msg timestamp="20230801 10:10:09.040" level="INFO">Sending key(s) ('RETURN',) to page.</msg>
<msg timestamp="20230801 10:10:09.040" level="INFO">Pressing special key RETURN to browser.</msg>
<msg timestamp="20230801 10:10:09.041" level="INFO">Releasing special key RETURN.</msg>
<status status="PASS" starttime="20230801 10:10:09.040" endtime="20230801 10:10:09.055"/>
</kw>
<kw name="Sleep" library="BuiltIn">
<arg>1s</arg>
<doc>Pauses the test executed for the given time.</doc>
<msg timestamp="20230801 10:10:10.056" level="INFO">Slept 1 second</msg>
<status status="PASS" starttime="20230801 10:10:09.056" endtime="20230801 10:10:10.056"/>
</kw>
<status status="PASS" starttime="20230801 10:10:07.936" endtime="20230801 10:10:10.056"/>
</kw>
<kw name="Reload Page" library="SeleniumLibrary">
<doc>Simulates user reloading page.</doc>
<status status="PASS" starttime="20230801 10:10:10.057" endtime="20230801 10:10:10.138"/>
</kw>
<kw name="Sleep" library="BuiltIn">
<arg>1s</arg>
<doc>Pauses the test executed for the given time.</doc>
<msg timestamp="20230801 10:10:11.139" level="INFO">Slept 1 second</msg>
<status status="PASS" starttime="20230801 10:10:10.138" endtime="20230801 10:10:11.139"/>
</kw>
<status status="PASS" starttime="20230801 10:10:07.935" endtime="20230801 10:10:11.139"/>
</test>
<test id="s1-s1-t12" name="As Admin I Can Search User by Name" line="46">
<kw name="Search bar on User Management Page" library="web_resources">
<arg>target_text=mentee</arg>
<arg>exclude_text=Mentor</arg>
<kw name="Input Text" library="SeleniumLibrary">
<arg>locator=${search_user_field}</arg>
<arg>text=${target_text}</arg>
<doc>Types the given ``text`` into the text field identified by ``locator``.</doc>
<msg timestamp="20230801 10:10:11.142" level="INFO">Typing text 'mentee' into text field '//input[@placeholder='Search User']'.</msg>
<status status="PASS" starttime="20230801 10:10:11.141" endtime="20230801 10:10:11.231"/>
</kw>
<kw name="Wait Until Page Does Not Contain" library="SeleniumLibrary">
<arg>text=${exclude_text}</arg>
<doc>Waits until ``text`` disappears from the current page.</doc>
<status status="PASS" starttime="20230801 10:10:11.232" endtime="20230801 10:10:11.876"/>
</kw>
<status status="PASS" starttime="20230801 10:10:11.141" endtime="20230801 10:10:11.877"/>
</kw>
<status status="PASS" starttime="20230801 10:10:11.140" endtime="20230801 10:10:11.877"/>
</test>
<test id="s1-s1-t13" name="As Admin I can add new mentee user" line="49">
<kw name="Add New User on TalentConnect" library="web_resources">
<arg>name=Automation User</arg>
<arg>email=automation@gmail.com</arg>
<arg>role=Mentee</arg>
<kw name="Click Element" library="SeleniumLibrary">
<arg>locator=${add_user_button}</arg>
<doc>Click the element identified by ``locator``.</doc>
<msg timestamp="20230801 10:10:11.879" level="INFO">Clicking element '//button[normalize-space()='+ Add User']'.</msg>
<status status="PASS" starttime="20230801 10:10:11.879" endtime="20230801 10:10:11.945"/>
</kw>
<kw name="Input Text" library="SeleniumLibrary">
<arg>locator=//input[@id='name']</arg>
<arg>text=${name}</arg>
<doc>Types the given ``text`` into the text field identified by ``locator``.</doc>
<msg timestamp="20230801 10:10:11.946" level="INFO">Typing text 'Automation User' into text field '//input[@id='name']'.</msg>
<status status="PASS" starttime="20230801 10:10:11.945" endtime="20230801 10:10:12.054"/>
</kw>
<kw name="Input Text" library="SeleniumLibrary">
<arg>locator=//input[@id='email']</arg>
<arg>text=${email}</arg>
<doc>Types the given ``text`` into the text field identified by ``locator``.</doc>
<msg timestamp="20230801 10:10:12.055" level="INFO">Typing text 'automation@gmail.com' into text field '//input[@id='email']'.</msg>
<status status="PASS" starttime="20230801 10:10:12.054" endtime="20230801 10:10:12.169"/>
</kw>
<kw name="Click Element" library="SeleniumLibrary">
<arg>locator=//*[@id="role"]/div/div[1]/div[2]</arg>
<doc>Click the element identified by ``locator``.</doc>
<msg timestamp="20230801 10:10:12.170" level="INFO">Clicking element '//*[@id="role"]/div/div[1]/div[2]'.</msg>
<status status="PASS" starttime="20230801 10:10:12.170" endtime="20230801 10:10:12.216"/>
</kw>
<kw name="Press Keys" library="SeleniumLibrary">
<arg>None</arg>
<arg>${role}</arg>
<doc>Simulates the user pressing key(s) to an element or on the active browser.</doc>
<msg timestamp="20230801 10:10:12.217" level="INFO">Sending key(s) ('Mentee',) to page.</msg>
<msg timestamp="20230801 10:10:12.218" level="INFO">Sending keys Mentee</msg>
<status status="PASS" starttime="20230801 10:10:12.217" endtime="20230801 10:10:12.248"/>
</kw>
<kw name="Sleep" library="BuiltIn">
<arg>1s</arg>
<doc>Pauses the test executed for the given time.</doc>
<msg timestamp="20230801 10:10:13.249" level="INFO">Slept 1 second</msg>
<status status="PASS" starttime="20230801 10:10:12.248" endtime="20230801 10:10:13.249"/>
</kw>
<kw name="Press Keys" library="SeleniumLibrary">
<arg>None</arg>
<arg>RETURN</arg>
<doc>Simulates the user pressing key(s) to an element or on the active browser.</doc>
<msg timestamp="20230801 10:10:13.250" level="INFO">Sending key(s) ('RETURN',) to page.</msg>
<msg timestamp="20230801 10:10:13.250" level="INFO">Pressing special key RETURN to browser.</msg>
<msg timestamp="20230801 10:10:13.250" level="INFO">Releasing special key RETURN.</msg>
<status status="PASS" starttime="20230801 10:10:13.249" endtime="20230801 10:10:13.257"/>
</kw>
<kw name="Wait Until Element Is Visible" library="SeleniumLibrary">
<arg>locator=//button[normalize-space()='Cancel']</arg>
<doc>Waits until the element ``locator`` is visible.</doc>
<status status="PASS" starttime="20230801 10:10:13.258" endtime="20230801 10:10:13.278"/>
</kw>
<kw name="Click Element" library="SeleniumLibrary">
<arg>locator=//button[normalize-space()='Cancel']</arg>
<doc>Click the element identified by ``locator``.</doc>
<msg timestamp="20230801 10:10:13.278" level="INFO">Clicking element '//button[normalize-space()='Cancel']'.</msg>
<status status="PASS" starttime="20230801 10:10:13.278" endtime="20230801 10:10:13.334"/>
</kw>
<kw name="Sleep" library="BuiltIn">
<arg>1s</arg>
<doc>Pauses the test executed for the given time.</doc>
<msg timestamp="20230801 10:10:14.335" level="INFO">Slept 1 second</msg>
<status status="PASS" starttime="20230801 10:10:13.335" endtime="20230801 10:10:14.335"/>
</kw>
<status status="PASS" starttime="20230801 10:10:11.878" endtime="20230801 10:10:14.335"/>
</kw>
<status status="PASS" starttime="20230801 10:10:11.877" endtime="20230801 10:10:14.336"/>
</test>
<test id="s1-s1-t14" name="As Admin I can assign mentee to mentor" line="52">
<kw name="Assign Mentee to Mentor" library="web_resources">
<kw name="Reload Page" library="SeleniumLibrary">
<doc>Simulates user reloading page.</doc>
<status status="PASS" starttime="20230801 10:10:14.337" endtime="20230801 10:10:14.424"/>
</kw>
<kw name="Search bar on User Management Page" library="web_resources">
<arg>target_text=mentor</arg>
<arg>exclude_text=Mentee</arg>
<kw name="Input Text" library="SeleniumLibrary">
<arg>locator=${search_user_field}</arg>
<arg>text=${target_text}</arg>
<doc>Types the given ``text`` into the text field identified by ``locator``.</doc>
<msg timestamp="20230801 10:10:14.426" level="INFO">Typing text 'mentor' into text field '//input[@placeholder='Search User']'.</msg>
<status status="PASS" starttime="20230801 10:10:14.425" endtime="20230801 10:10:14.562"/>
</kw>
<kw name="Wait Until Page Does Not Contain" library="SeleniumLibrary">
<arg>text=${exclude_text}</arg>
<doc>Waits until ``text`` disappears from the current page.</doc>
<status status="PASS" starttime="20230801 10:10:14.563" endtime="20230801 10:10:15.206"/>
</kw>
<status status="PASS" starttime="20230801 10:10:14.425" endtime="20230801 10:10:15.206"/>
</kw>
<kw name="Wait Until Element Is Visible" library="SeleniumLibrary">
<arg>//div[3]//div[5]//div[1]//label[1]//*[name()='svg']</arg>
<doc>Waits until the element ``locator`` is visible.</doc>
<status status="PASS" starttime="20230801 10:10:15.206" endtime="20230801 10:10:15.226"/>
</kw>
<kw name="Click Element" library="SeleniumLibrary">
<arg>//div[3]//div[5]//div[1]//label[1]//*[name()='svg']</arg>
<doc>Click the element identified by ``locator``.</doc>
<msg timestamp="20230801 10:10:15.227" level="INFO">Clicking element '//div[3]//div[5]//div[1]//label[1]//*[name()='svg']'.</msg>
<status status="PASS" starttime="20230801 10:10:15.226" endtime="20230801 10:10:15.269"/>
</kw>
<kw name="Wait Until Element Is Visible" library="SeleniumLibrary">
<arg>//button[normalize-space()='Assign Mentee to Mentor']</arg>
<doc>Waits until the element ``locator`` is visible.</doc>
<status status="PASS" starttime="20230801 10:10:15.269" endtime="20230801 10:10:15.288"/>
</kw>
<kw name="Click Element" library="SeleniumLibrary">
<arg>//button[normalize-space()='Assign Mentee to Mentor']</arg>
<doc>Click the element identified by ``locator``.</doc>
<msg timestamp="20230801 10:10:15.289" level="INFO">Clicking element '//button[normalize-space()='Assign Mentee to Mentor']'.</msg>
<status status="PASS" starttime="20230801 10:10:15.288" endtime="20230801 10:10:15.332"/>
</kw>
<kw name="Sleep" library="BuiltIn">
<arg>1s</arg>
<doc>Pauses the test executed for the given time.</doc>
<msg timestamp="20230801 10:10:16.333" level="INFO">Slept 1 second</msg>
<status status="PASS" starttime="20230801 10:10:15.332" endtime="20230801 10:10:16.333"/>
</kw>
<kw name="Scroll into end of page" library="web_resources">
<kw name="Execute Javascript" library="SeleniumLibrary">
<arg>window.scrollTo(0, document.body.scrollHeight)</arg>
<doc>Executes the given JavaScript code with possible arguments.</doc>
<msg timestamp="20230801 10:10:16.334" level="INFO">Executing JavaScript:
window.scrollTo(0, document.body.scrollHeight)
Without any arguments.</msg>
<status status="PASS" starttime="20230801 10:10:16.334" endtime="20230801 10:10:16.338"/>
</kw>
<kw name="Sleep" library="BuiltIn">
<arg>1s</arg>
<doc>Pauses the test executed for the given time.</doc>
<msg timestamp="20230801 10:10:17.339" level="INFO">Slept 1 second</msg>
<status status="PASS" starttime="20230801 10:10:16.338" endtime="20230801 10:10:17.339"/>
</kw>
<status status="PASS" starttime="20230801 10:10:16.333" endtime="20230801 10:10:17.339"/>
</kw>
<kw name="Wait Until Element Is Visible" library="SeleniumLibrary">
<arg>//h5[normalize-space()='Automation Title']</arg>
<doc>Waits until the element ``locator`` is visible.</doc>
<status status="PASS" starttime="20230801 10:10:17.339" endtime="20230801 10:10:17.360"/>
</kw>
<kw name="Click Element" library="SeleniumLibrary">
<arg>//h5[normalize-space()='Automation Title']</arg>
<doc>Click the element identified by ``locator``.</doc>
<msg timestamp="20230801 10:10:17.360" level="INFO">Clicking element '//h5[normalize-space()='Automation Title']'.</msg>
<status status="PASS" starttime="20230801 10:10:17.360" endtime="20230801 10:10:17.404"/>
</kw>
<kw name="Sleep" library="BuiltIn">
<arg>1s</arg>
<doc>Pauses the test executed for the given time.</doc>
<msg timestamp="20230801 10:10:18.405" level="INFO">Slept 1 second</msg>
<status status="PASS" starttime="20230801 10:10:17.404" endtime="20230801 10:10:18.405"/>
</kw>
<kw name="Click Element" library="SeleniumLibrary">
<arg>//button[normalize-space()='+ Add Mentee']</arg>
<doc>Click the element identified by ``locator``.</doc>
<msg timestamp="20230801 10:10:18.405" level="INFO">Clicking element '//button[normalize-space()='+ Add Mentee']'.</msg>
<status status="PASS" starttime="20230801 10:10:18.405" endtime="20230801 10:10:18.450"/>
</kw>
<kw name="Sleep" library="BuiltIn">
<arg>1s</arg>
<doc>Pauses the test executed for the given time.</doc>
<msg timestamp="20230801 10:10:19.450" level="INFO">Slept 1 second</msg>
<status status="PASS" starttime="20230801 10:10:18.450" endtime="20230801 10:10:19.451"/>
</kw>
<kw name="Click Element" library="SeleniumLibrary">
<arg>//*[@id="root"]/div[1]/div/div/div[2]/div[2]/div/div/div[1]/div/div/div/div/div[1]/div[2]</arg>
<doc>Click the element identified by ``locator``.</doc>
<msg timestamp="20230801 10:10:19.451" level="INFO">Clicking element '//*[@id="root"]/div[1]/div/div/div[2]/div[2]/div/div/div[1]/div/div/div/div/div[1]/div[2]'.</msg>
<status status="PASS" starttime="20230801 10:10:19.451" endtime="20230801 10:10:19.499"/>
</kw>
<kw name="Sleep" library="BuiltIn">
<arg>1s</arg>
<doc>Pauses the test executed for the given time.</doc>
<msg timestamp="20230801 10:10:20.500" level="INFO">Slept 1 second</msg>
<status status="PASS" starttime="20230801 10:10:19.499" endtime="20230801 10:10:20.500"/>
</kw>
<kw name="Press Keys" library="SeleniumLibrary">
<arg>None</arg>
<arg>Mentee</arg>
<doc>Simulates the user pressing key(s) to an element or on the active browser.</doc>
<msg timestamp="20230801 10:10:20.501" level="INFO">Sending key(s) ('Mentee',) to page.</msg>
<msg timestamp="20230801 10:10:20.501" level="INFO">Sending keys Mentee</msg>
<status status="PASS" starttime="20230801 10:10:20.500" endtime="20230801 10:10:20.542"/>
</kw>
<kw name="Sleep" library="BuiltIn">
<arg>1s</arg>
<doc>Pauses the test executed for the given time.</doc>
<msg timestamp="20230801 10:10:21.542" level="INFO">Slept 1 second</msg>
<status status="PASS" starttime="20230801 10:10:20.542" endtime="20230801 10:10:21.542"/>
</kw>
<kw name="Press Keys" library="SeleniumLibrary">
<arg>None</arg>
<arg>RETURN</arg>
<doc>Simulates the user pressing key(s) to an element or on the active browser.</doc>
<msg timestamp="20230801 10:10:21.543" level="INFO">Sending key(s) ('RETURN',) to page.</msg>
<msg timestamp="20230801 10:10:21.543" level="INFO">Pressing special key RETURN to browser.</msg>
<msg timestamp="20230801 10:10:21.543" level="INFO">Releasing special key RETURN.</msg>
<status status="PASS" starttime="20230801 10:10:21.543" endtime="20230801 10:10:21.553"/>
</kw>
<kw name="Wait Until Element Is Visible" library="SeleniumLibrary">
<arg>//*[@id="root"]/div[1]/div/div/div[2]/div[2]/div/div/div[2]/button[2]</arg>
<doc>Waits until the element ``locator`` is visible.</doc>
<status status="PASS" starttime="20230801 10:10:21.553" endtime="20230801 10:10:21.575"/>
</kw>
<kw name="Click Element" library="SeleniumLibrary">
<arg>//*[@id="root"]/div[1]/div/div/div[2]/div[2]/div/div/div[2]/button[2]</arg>
<doc>Click the element identified by ``locator``.</doc>
<msg timestamp="20230801 10:10:21.575" level="INFO">Clicking element '//*[@id="root"]/div[1]/div/div/div[2]/div[2]/div/div/div[2]/button[2]'.</msg>
<status status="PASS" starttime="20230801 10:10:21.575" endtime="20230801 10:10:21.614"/>
</kw>
<kw name="Sleep" library="BuiltIn">
<arg>1s</arg>
<doc>Pauses the test executed for the given time.</doc>
<msg timestamp="20230801 10:10:22.615" level="INFO">Slept 1 second</msg>
<status status="PASS" starttime="20230801 10:10:21.614" endtime="20230801 10:10:22.615"/>
</kw>
<status status="PASS" starttime="20230801 10:10:14.337" endtime="20230801 10:10:22.615"/>
</kw>
<status status="PASS" starttime="20230801 10:10:14.336" endtime="20230801 10:10:22.615"/>
</test>
<test id="s1-s1-t15" name="As Admin I can assign mentee to judges" line="55">
<kw name="Assign Mentee to Judge" library="web_resources">
<kw name="Move to User Management Page" library="web_resources">
<kw name="Click Element" library="SeleniumLibrary">
<arg>locator=${user_management_button}</arg>
<doc>Click the element identified by ``locator``.</doc>
<msg timestamp="20230801 10:10:22.618" level="INFO">Clicking element '//img[@alt='User Management Icon']'.</msg>
<status status="PASS" starttime="20230801 10:10:22.617" endtime="20230801 10:10:22.708"/>
</kw>
<kw name="Wait Until Page Contains" library="SeleniumLibrary">
<arg>text=User Management</arg>
<doc>Waits until ``text`` appears on the current page.</doc>
<status status="PASS" starttime="20230801 10:10:22.708" endtime="20230801 10:10:22.719"/>
</kw>
<status status="PASS" starttime="20230801 10:10:22.617" endtime="20230801 10:10:22.719"/>
</kw>
<kw name="Reload Page" library="SeleniumLibrary">
<doc>Simulates user reloading page.</doc>
<status status="PASS" starttime="20230801 10:10:22.719" endtime="20230801 10:10:22.812"/>
</kw>
<kw name="Search bar on User Management Page" library="web_resources">
<arg>target_text=judges</arg>
<arg>exclude_text=Mentee</arg>
<kw name="Input Text" library="SeleniumLibrary">
<arg>locator=${search_user_field}</arg>
<arg>text=${target_text}</arg>
<doc>Types the given ``text`` into the text field identified by ``locator``.</doc>
<msg timestamp="20230801 10:10:22.814" level="INFO">Typing text 'judges' into text field '//input[@placeholder='Search User']'.</msg>
<status status="PASS" starttime="20230801 10:10:22.813" endtime="20230801 10:10:22.948"/>
</kw>
<kw name="Wait Until Page Does Not Contain" library="SeleniumLibrary">
<arg>text=${exclude_text}</arg>
<doc>Waits until ``text`` disappears from the current page.</doc>
<status status="PASS" starttime="20230801 10:10:22.948" endtime="20230801 10:10:23.588"/>
</kw>
<status status="PASS" starttime="20230801 10:10:22.812" endtime="20230801 10:10:23.588"/>
</kw>
<kw name="Sleep" library="BuiltIn">
<arg>1s</arg>
<doc>Pauses the test executed for the given time.</doc>
<msg timestamp="20230801 10:10:24.588" level="INFO">Slept 1 second</msg>
<status status="PASS" starttime="20230801 10:10:23.588" endtime="20230801 10:10:24.589"/>
</kw>
<kw name="Click Element" library="SeleniumLibrary">
<arg>//div[3]//div[5]//div[1]//label[1]//*[name()='svg']</arg>
<doc>Click the element identified by ``locator``.</doc>
<msg timestamp="20230801 10:10:24.589" level="INFO">Clicking element '//div[3]//div[5]//div[1]//label[1]//*[name()='svg']'.</msg>
<status status="PASS" starttime="20230801 10:10:24.589" endtime="20230801 10:10:24.623"/>
</kw>
<kw name="Sleep" library="BuiltIn">
<arg>2s</arg>
<doc>Pauses the test executed for the given time.</doc>
<msg timestamp="20230801 10:10:26.624" level="INFO">Slept 2 seconds</msg>
<status status="PASS" starttime="20230801 10:10:24.624" endtime="20230801 10:10:26.624"/>
</kw>
<kw name="Click Element" library="SeleniumLibrary">
<arg>//button[normalize-space()='Assign Mentee to Judge']</arg>
<doc>Click the element identified by ``locator``.</doc>
<msg timestamp="20230801 10:10:26.625" level="INFO">Clicking element '//button[normalize-space()='Assign Mentee to Judge']'.</msg>
<status status="PASS" starttime="20230801 10:10:26.625" endtime="20230801 10:10:26.671"/>
</kw>
<kw name="Sleep" library="BuiltIn">
<arg>1s</arg>
<doc>Pauses the test executed for the given time.</doc>
<msg timestamp="20230801 10:10:27.672" level="INFO">Slept 1 second</msg>
<status status="PASS" starttime="20230801 10:10:26.672" endtime="20230801 10:10:27.672"/>
</kw>
<kw name="Scroll into end of page" library="web_resources">
<kw name="Execute Javascript" library="SeleniumLibrary">
<arg>window.scrollTo(0, document.body.scrollHeight)</arg>
<doc>Executes the given JavaScript code with possible arguments.</doc>
<msg timestamp="20230801 10:10:27.673" level="INFO">Executing JavaScript:
window.scrollTo(0, document.body.scrollHeight)
Without any arguments.</msg>
<status status="PASS" starttime="20230801 10:10:27.672" endtime="20230801 10:10:27.677"/>
</kw>
<kw name="Sleep" library="BuiltIn">
<arg>1s</arg>
<doc>Pauses the test executed for the given time.</doc>
<msg timestamp="20230801 10:10:28.678" level="INFO">Slept 1 second</msg>
<status status="PASS" starttime="20230801 10:10:27.678" endtime="20230801 10:10:28.678"/>
</kw>
<status status="PASS" starttime="20230801 10:10:27.672" endtime="20230801 10:10:28.678"/>
</kw>
<kw name="Click Element" library="SeleniumLibrary">
<arg>//h5[normalize-space()='Automation Title']</arg>
<doc>Click the element identified by ``locator``.</doc>
<msg timestamp="20230801 10:10:28.679" level="INFO">Clicking element '//h5[normalize-space()='Automation Title']'.</msg>
<status status="PASS" starttime="20230801 10:10:28.679" endtime="20230801 10:10:28.723"/>
</kw>
<kw name="Sleep" library="BuiltIn">
<arg>1s</arg>
<doc>Pauses the test executed for the given time.</doc>
<msg timestamp="20230801 10:10:29.723" level="INFO">Slept 1 second</msg>
<status status="PASS" starttime="20230801 10:10:28.723" endtime="20230801 10:10:29.724"/>
</kw>
<kw name="Click Element" library="SeleniumLibrary">
<arg>//button[normalize-space()='+ Add Panelist']</arg>
<doc>Click the element identified by ``locator``.</doc>
<msg timestamp="20230801 10:10:29.724" level="INFO">Clicking element '//button[normalize-space()='+ Add Panelist']'.</msg>
<status status="PASS" starttime="20230801 10:10:29.724" endtime="20230801 10:10:29.770"/>
</kw>
<kw name="Sleep" library="BuiltIn">
<arg>2s</arg>
<doc>Pauses the test executed for the given time.</doc>
<msg timestamp="20230801 10:10:31.771" level="INFO">Slept 2 seconds</msg>
<status status="PASS" starttime="20230801 10:10:29.770" endtime="20230801 10:10:31.771"/>
</kw>
<kw name="Click Element" library="SeleniumLibrary">
<arg>//*[@id="root"]/div[1]/div/div/div[2]/div[2]/div/div/div[1]/div/div/div/div/div[1]/div[2]</arg>
<doc>Click the element identified by ``locator``.</doc>
<msg timestamp="20230801 10:10:31.771" level="INFO">Clicking element '//*[@id="root"]/div[1]/div/div/div[2]/div[2]/div/div/div[1]/div/div/div/div/div[1]/div[2]'.</msg>
<status status="PASS" starttime="20230801 10:10:31.771" endtime="20230801 10:10:31.816"/>
</kw>
<kw name="Sleep" library="BuiltIn">
<arg>2s</arg>
<doc>Pauses the test executed for the given time.</doc>
<msg timestamp="20230801 10:10:33.817" level="INFO">Slept 2 seconds</msg>
<status status="PASS" starttime="20230801 10:10:31.817" endtime="20230801 10:10:33.817"/>
</kw>
<kw name="Press Keys" library="SeleniumLibrary">
<arg>None</arg>
<arg>Mentee</arg>
<doc>Simulates the user pressing key(s) to an element or on the active browser.</doc>
<msg timestamp="20230801 10:10:33.818" level="INFO">Sending key(s) ('Mentee',) to page.</msg>
<msg timestamp="20230801 10:10:33.818" level="INFO">Sending keys Mentee</msg>
<status status="PASS" starttime="20230801 10:10:33.817" endtime="20230801 10:10:33.856"/>
</kw>
<kw name="Sleep" library="BuiltIn">
<arg>1s</arg>
<doc>Pauses the test executed for the given time.</doc>
<msg timestamp="20230801 10:10:34.857" level="INFO">Slept 1 second</msg>
<status status="PASS" starttime="20230801 10:10:33.856" endtime="20230801 10:10:34.857"/>
</kw>
<kw name="Press Keys" library="SeleniumLibrary">
<arg>None</arg>
<arg>RETURN</arg>
<doc>Simulates the user pressing key(s) to an element or on the active browser.</doc>
<msg timestamp="20230801 10:10:34.858" level="INFO">Sending key(s) ('RETURN',) to page.</msg>
<msg timestamp="20230801 10:10:34.858" level="INFO">Pressing special key RETURN to browser.</msg>
<msg timestamp="20230801 10:10:34.858" level="INFO">Releasing special key RETURN.</msg>
<status status="PASS" starttime="20230801 10:10:34.857" endtime="20230801 10:10:34.867"/>
</kw>
<kw name="Sleep" library="BuiltIn">
<arg>1s</arg>
<doc>Pauses the test executed for the given time.</doc>
<msg timestamp="20230801 10:10:35.867" level="INFO">Slept 1 second</msg>
<status status="PASS" starttime="20230801 10:10:34.867" endtime="20230801 10:10:35.867"/>
</kw>
<kw name="Click Element" library="SeleniumLibrary">
<arg>//*[@id="root"]/div[1]/div/div/div[2]/div[2]/div/div/div[2]/button[2]</arg>
<doc>Click the element identified by ``locator``.</doc>
<msg timestamp="20230801 10:10:35.868" level="INFO">Clicking element '//*[@id="root"]/div[1]/div/div/div[2]/div[2]/div/div/div[2]/button[2]'.</msg>
<status status="PASS" starttime="20230801 10:10:35.868" endtime="20230801 10:10:35.904"/>
</kw>
<kw name="Sleep" library="BuiltIn">
<arg>1s</arg>
<doc>Pauses the test executed for the given time.</doc>
<msg timestamp="20230801 10:10:36.905" level="INFO">Slept 1 second</msg>
<status status="PASS" starttime="20230801 10:10:35.904" endtime="20230801 10:10:36.905"/>
</kw>
<status status="PASS" starttime="20230801 10:10:22.617" endtime="20230801 10:10:36.905"/>
</kw>
<status status="PASS" starttime="20230801 10:10:22.616" endtime="20230801 10:10:36.905"/>
</test>
<test id="s1-s1-t16" name="As Admin I can create evaluation aspect" line="58">
<kw name="Create new Evaluation Aspect" library="web_resources">
<arg>title_aspect=Automation Aspect</arg>
<arg>description_aspect=Automation Description</arg>
<kw name="Move to Evaluation Scoring Page" library="web_resources">
<kw name="Click Element" library="SeleniumLibrary">
<arg>locator=${evaluation_scoring_button}</arg>
<doc>Click the element identified by ``locator``.</doc>
<msg timestamp="20230801 10:10:36.909" level="INFO">Clicking element '//img[@alt='Evaluation Scoring Icon']'.</msg>
<status status="PASS" starttime="20230801 10:10:36.908" endtime="20230801 10:10:37.002"/>
</kw>
<kw name="Wait Until Page Contains" library="SeleniumLibrary">
<arg>text=Evaluation Aspects</arg>
<doc>Waits until ``text`` appears on the current page.</doc>
<status status="PASS" starttime="20230801 10:10:37.003" endtime="20230801 10:10:37.029"/>
</kw>
<status status="PASS" starttime="20230801 10:10:36.908" endtime="20230801 10:10:37.029"/>
</kw>
<kw name="Click Element" library="SeleniumLibrary">
<arg>//button[normalize-space()='+ Add Evaluation Aspect']</arg>
<doc>Click the element identified by ``locator``.</doc>
<msg timestamp="20230801 10:10:37.030" level="INFO">Clicking element '//button[normalize-space()='+ Add Evaluation Aspect']'.</msg>
<status status="PASS" starttime="20230801 10:10:37.029" endtime="20230801 10:10:37.098"/>
</kw>
<kw name="Wait Until Page Contains" library="SeleniumLibrary">
<arg>Add Evaluation Aspect</arg>
<doc>Waits until ``text`` appears on the current page.</doc>
<status status="PASS" starttime="20230801 10:10:37.098" endtime="20230801 10:10:37.110"/>
</kw>
<kw name="Input Text" library="SeleniumLibrary">
<arg>//input[@id='evaluationAspectTitle']</arg>
<arg>${title_aspect}</arg>
<doc>Types the given ``text`` into the text field identified by ``locator``.</doc>
<msg timestamp="20230801 10:10:37.111" level="INFO">Typing text 'Automation Aspect' into text field '//input[@id='evaluationAspectTitle']'.</msg>
<status status="PASS" starttime="20230801 10:10:37.110" endtime="20230801 10:10:37.234"/>
</kw>
<kw name="Click Element" library="SeleniumLibrary">
<arg>//*[@id="option"]/div/div[1]/div[2]</arg>
<doc>Click the element identified by ``locator``.</doc>
<msg timestamp="20230801 10:10:37.235" level="INFO">Clicking element '//*[@id="option"]/div/div[1]/div[2]'.</msg>
<status status="PASS" starttime="20230801 10:10:37.234" endtime="20230801 10:10:37.286"/>
</kw>
<kw name="Sleep" library="BuiltIn">
<arg>1s</arg>
<doc>Pauses the test executed for the given time.</doc>
<msg timestamp="20230801 10:10:38.286" level="INFO">Slept 1 second</msg>
<status status="PASS" starttime="20230801 10:10:37.286" endtime="20230801 10:10:38.286"/>
</kw>
<kw name="Press Keys" library="SeleniumLibrary">
<arg>None</arg>
<arg>5</arg>
<doc>Simulates the user pressing key(s) to an element or on the active browser.</doc>
<msg timestamp="20230801 10:10:38.287" level="INFO">Sending key(s) ('5',) to page.</msg>
<msg timestamp="20230801 10:10:38.287" level="INFO">Sending key 5</msg>
<status status="PASS" starttime="20230801 10:10:38.286" endtime="20230801 10:10:38.295"/>
</kw>
<kw name="Sleep" library="BuiltIn">
<arg>1s</arg>
<doc>Pauses the test executed for the given time.</doc>
<msg timestamp="20230801 10:10:39.296" level="INFO">Slept 1 second</msg>
<status status="PASS" starttime="20230801 10:10:38.295" endtime="20230801 10:10:39.296"/>
</kw>
<kw name="Press Keys" library="SeleniumLibrary">
<arg>None</arg>
<arg>RETURN</arg>
<doc>Simulates the user pressing key(s) to an element or on the active browser.</doc>
<msg timestamp="20230801 10:10:39.297" level="INFO">Sending key(s) ('RETURN',) to page.</msg>
<msg timestamp="20230801 10:10:39.297" level="INFO">Pressing special key RETURN to browser.</msg>
<msg timestamp="20230801 10:10:39.297" level="INFO">Releasing special key RETURN.</msg>
<status status="PASS" starttime="20230801 10:10:39.296" endtime="20230801 10:10:39.306"/>
</kw>
<kw name="Sleep" library="BuiltIn">
<arg>1s</arg>
<doc>Pauses the test executed for the given time.</doc>
<msg timestamp="20230801 10:10:40.307" level="INFO">Slept 1 second</msg>
<status status="PASS" starttime="20230801 10:10:39.306" endtime="20230801 10:10:40.307"/>
</kw>
<kw name="Input Text" library="SeleniumLibrary">
<arg>//textarea[@id='description']</arg>
<arg>${description_aspect}</arg>
<doc>Types the given ``text`` into the text field identified by ``locator``.</doc>
<msg timestamp="20230801 10:10:40.308" level="INFO">Typing text 'Automation Description' into text field '//textarea[@id='description']'.</msg>
<status status="PASS" starttime="20230801 10:10:40.307" endtime="20230801 10:10:40.423"/>
</kw>
<kw name="Scroll into end of page" library="web_resources">
<kw name="Execute Javascript" library="SeleniumLibrary">
<arg>window.scrollTo(0, document.body.scrollHeight)</arg>
<doc>Executes the given JavaScript code with possible arguments.</doc>
<msg timestamp="20230801 10:10:40.425" level="INFO">Executing JavaScript:
window.scrollTo(0, document.body.scrollHeight)
Without any arguments.</msg>
<status status="PASS" starttime="20230801 10:10:40.424" endtime="20230801 10:10:40.428"/>
</kw>
<kw name="Sleep" library="BuiltIn">
<arg>1s</arg>
<doc>Pauses the test executed for the given time.</doc>
<msg timestamp="20230801 10:10:41.429" level="INFO">Slept 1 second</msg>
<status status="PASS" starttime="20230801 10:10:40.428" endtime="20230801 10:10:41.429"/>
</kw>
<status status="PASS" starttime="20230801 10:10:40.424" endtime="20230801 10:10:41.429"/>
</kw>
<kw name="Click Element" library="SeleniumLibrary">
<arg>//button[normalize-space()='Add Evaluation Aspect']</arg>
<doc>Click the element identified by ``locator``.</doc>
<msg timestamp="20230801 10:10:41.429" level="INFO">Clicking element '//button[normalize-space()='Add Evaluation Aspect']'.</msg>
<status status="PASS" starttime="20230801 10:10:41.429" endtime="20230801 10:10:41.469"/>
</kw>
<kw name="Sleep" library="BuiltIn">
<arg>1s</arg>
<doc>Pauses the test executed for the given time.</doc>
<msg timestamp="20230801 10:10:42.470" level="INFO">Slept 1 second</msg>
<status status="PASS" starttime="20230801 10:10:41.469" endtime="20230801 10:10:42.470"/>
</kw>
<status status="PASS" starttime="20230801 10:10:36.907" endtime="20230801 10:10:42.470"/>
</kw>
<status status="PASS" starttime="20230801 10:10:36.906" endtime="20230801 10:10:42.470"/>
</test>
<test id="s1-s1-t17" name="As Admin I can create evaluation category" line="61">
<kw name="Create new Evaluation Category" library="web_resources">
<arg>title_aspect=Automation Aspect</arg>
<arg>title_category=Automation Category</arg>
<kw name="Scroll into end of page" library="web_resources">
<kw name="Execute Javascript" library="SeleniumLibrary">
<arg>window.scrollTo(0, document.body.scrollHeight)</arg>
<doc>Executes the given JavaScript code with possible arguments.</doc>
<msg timestamp="20230801 10:10:42.473" level="INFO">Executing JavaScript:
window.scrollTo(0, document.body.scrollHeight)
Without any arguments.</msg>
<status status="PASS" starttime="20230801 10:10:42.472" endtime="20230801 10:10:42.478"/>
</kw>
<kw name="Sleep" library="BuiltIn">
<arg>1s</arg>
<doc>Pauses the test executed for the given time.</doc>
<msg timestamp="20230801 10:10:43.479" level="INFO">Slept 1 second</msg>
<status status="PASS" starttime="20230801 10:10:42.478" endtime="20230801 10:10:43.479"/>
</kw>
<status status="PASS" starttime="20230801 10:10:42.472" endtime="20230801 10:10:43.479"/>
</kw>
<kw name="Sleep" library="BuiltIn">
<arg>1s</arg>
<doc>Pauses the test executed for the given time.</doc>
<msg timestamp="20230801 10:10:44.480" level="INFO">Slept 1 second</msg>
<status status="PASS" starttime="20230801 10:10:43.479" endtime="20230801 10:10:44.480"/>
</kw>
<kw name="Click Element" library="SeleniumLibrary">
<arg>//button[normalize-space()='+ Add Evaluation Category']</arg>
<doc>Click the element identified by ``locator``.</doc>
<msg timestamp="20230801 10:10:44.481" level="INFO">Clicking element '//button[normalize-space()='+ Add Evaluation Category']'.</msg>
<status status="PASS" starttime="20230801 10:10:44.480" endtime="20230801 10:10:44.529"/>
</kw>
<kw name="Wait Until Page Contains" library="SeleniumLibrary">
<arg>Add Evaluation Category</arg>
<doc>Waits until ``text`` appears on the current page.</doc>
<status status="PASS" starttime="20230801 10:10:44.529" endtime="20230801 10:10:44.541"/>
</kw>
<kw name="Input Text" library="SeleniumLibrary">
<arg>//input[@id='evaluationAspectTitle']</arg>
<arg>${title_category}</arg>
<doc>Types the given ``text`` into the text field identified by ``locator``.</doc>
<msg timestamp="20230801 10:10:44.541" level="INFO">Typing text 'Automation Category' into text field '//input[@id='evaluationAspectTitle']'.</msg>
<status status="PASS" starttime="20230801 10:10:44.541" endtime="20230801 10:10:44.642"/>
</kw>
<kw name="Click Element" library="SeleniumLibrary">
<arg>//button[normalize-space()='+']</arg>
<doc>Click the element identified by ``locator``.</doc>
<msg timestamp="20230801 10:10:44.643" level="INFO">Clicking element '//button[normalize-space()='+']'.</msg>
<status status="PASS" starttime="20230801 10:10:44.642" endtime="20230801 10:10:44.688"/>
</kw>
<kw name="Sleep" library="BuiltIn">
<arg>1s</arg>
<doc>Pauses the test executed for the given time.</doc>
<msg timestamp="20230801 10:10:45.689" level="INFO">Slept 1 second</msg>
<status status="PASS" starttime="20230801 10:10:44.688" endtime="20230801 10:10:45.689"/>
</kw>
<kw name="Click Element" library="SeleniumLibrary">
<arg>//label[normalize-space()='${title_aspect}']//input[@type='checkbox']</arg>
<doc>Click the element identified by ``locator``.</doc>
<msg timestamp="20230801 10:10:45.690" level="INFO">Clicking element '//label[normalize-space()='Automation Aspect']//input[@type='checkbox']'.</msg>
<status status="PASS" starttime="20230801 10:10:45.689" endtime="20230801 10:10:45.735"/>
</kw>
<kw name="Sleep" library="BuiltIn">
<arg>1s</arg>
<doc>Pauses the test executed for the given time.</doc>
<msg timestamp="20230801 10:10:46.736" level="INFO">Slept 1 second</msg>
<status status="PASS" starttime="20230801 10:10:45.735" endtime="20230801 10:10:46.736"/>
</kw>
<kw name="Click Element" library="SeleniumLibrary">
<arg>//*[@id="root"]/div[1]/div/div/div[2]/div[2]/div/div/div[3]/button[2]</arg>
<doc>Click the element identified by ``locator``.</doc>
<msg timestamp="20230801 10:10:46.736" level="INFO">Clicking element '//*[@id="root"]/div[1]/div/div/div[2]/div[2]/div/div/div[3]/button[2]'.</msg>
<status status="PASS" starttime="20230801 10:10:46.736" endtime="20230801 10:10:46.778"/>
</kw>
<kw name="Sleep" library="BuiltIn">
<arg>1s</arg>
<doc>Pauses the test executed for the given time.</doc>
<msg timestamp="20230801 10:10:47.779" level="INFO">Slept 1 second</msg>
<status status="PASS" starttime="20230801 10:10:46.778" endtime="20230801 10:10:47.779"/>
</kw>
<kw name="Click Element" library="SeleniumLibrary">
<arg>//*[@id="root"]/div[1]/div/div/div[2]/div[1]/form/button[1]</arg>
<doc>Click the element identified by ``locator``.</doc>
<msg timestamp="20230801 10:10:47.780" level="INFO">Clicking element '//*[@id="root"]/div[1]/div/div/div[2]/div[1]/form/button[1]'.</msg>
<status status="PASS" starttime="20230801 10:10:47.779" endtime="20230801 10:10:47.822"/>
</kw>
<kw name="Sleep" library="BuiltIn">
<arg>1s</arg>
<doc>Pauses the test executed for the given time.</doc>
<msg timestamp="20230801 10:10:48.822" level="INFO">Slept 1 second</msg>
<status status="PASS" starttime="20230801 10:10:47.822" endtime="20230801 10:10:48.823"/>
</kw>
<kw name="Reload Page" library="SeleniumLibrary">
<doc>Simulates user reloading page.</doc>
<status status="PASS" starttime="20230801 10:10:48.823" endtime="20230801 10:10:48.925"/>
</kw>
<status status="PASS" starttime="20230801 10:10:42.471" endtime="20230801 10:10:48.925"/>
</kw>
<status status="PASS" starttime="20230801 10:10:42.471" endtime="20230801 10:10:48.926"/>
</test>
<test id="s1-s1-t18" name="As Admin I can assign evaluation category to Program" line="64">
<kw name="Assign Evaluation Category into Program" library="web_resources">
<arg>category_name=Automation Category</arg>
<kw name="Sleep" library="BuiltIn">
<arg>2s</arg>
<doc>Pauses the test executed for the given time.</doc>
<msg timestamp="20230801 10:10:50.928" level="INFO">Slept 2 seconds</msg>
<status status="PASS" starttime="20230801 10:10:48.927" endtime="20230801 10:10:50.928"/>
</kw>
<kw name="Click Element" library="SeleniumLibrary">
<arg>//div[@id='rc-tabs-0-tab-2']</arg>
<doc>Click the element identified by ``locator``.</doc>
<msg timestamp="20230801 10:10:50.929" level="INFO">Clicking element '//div[@id='rc-tabs-0-tab-2']'.</msg>
<status status="PASS" starttime="20230801 10:10:50.928" endtime="20230801 10:10:50.989"/>
</kw>
<kw name="Sleep" library="BuiltIn">
<arg>1s</arg>
<doc>Pauses the test executed for the given time.</doc>
<msg timestamp="20230801 10:10:51.990" level="INFO">Slept 1 second</msg>
<status status="PASS" starttime="20230801 10:10:50.989" endtime="20230801 10:10:51.990"/>
</kw>
<kw name="Scroll into end of page" library="web_resources">
<kw name="Execute Javascript" library="SeleniumLibrary">
<arg>window.scrollTo(0, document.body.scrollHeight)</arg>
<doc>Executes the given JavaScript code with possible arguments.</doc>
<msg timestamp="20230801 10:10:51.991" level="INFO">Executing JavaScript:
window.scrollTo(0, document.body.scrollHeight)
Without any arguments.</msg>
<status status="PASS" starttime="20230801 10:10:51.991" endtime="20230801 10:10:51.995"/>
</kw>
<kw name="Sleep" library="BuiltIn">
<arg>1s</arg>
<doc>Pauses the test executed for the given time.</doc>
<msg timestamp="20230801 10:10:52.996" level="INFO">Slept 1 second</msg>
<status status="PASS" starttime="20230801 10:10:51.996" endtime="20230801 10:10:52.996"/>
</kw>
<status status="PASS" starttime="20230801 10:10:51.990" endtime="20230801 10:10:52.996"/>
</kw>
<kw name="Sleep" library="BuiltIn">
<arg>1s</arg>
<doc>Pauses the test executed for the given time.</doc>
<msg timestamp="20230801 10:10:53.997" level="INFO">Slept 1 second</msg>
<status status="PASS" starttime="20230801 10:10:52.997" endtime="20230801 10:10:53.997"/>
</kw>
<kw name="Click Element" library="SeleniumLibrary">
<arg>//span[normalize-space()='Automation Title']</arg>
<doc>Click the element identified by ``locator``.</doc>
<msg timestamp="20230801 10:10:53.998" level="INFO">Clicking element '//span[normalize-space()='Automation Title']'.</msg>
<status status="PASS" starttime="20230801 10:10:53.997" endtime="20230801 10:10:54.052"/>
</kw>
<kw name="Sleep" library="BuiltIn">
<arg>1s</arg>
<doc>Pauses the test executed for the given time.</doc>
<msg timestamp="20230801 10:10:55.053" level="INFO">Slept 1 second</msg>
<status status="PASS" starttime="20230801 10:10:54.053" endtime="20230801 10:10:55.053"/>
</kw>
<kw name="Scroll into top of page" library="web_resources">
<kw name="Execute Javascript" library="SeleniumLibrary">
<arg>window.scrollTo(0, 0)</arg>
<doc>Executes the given JavaScript code with possible arguments.</doc>
<msg timestamp="20230801 10:10:55.054" level="INFO">Executing JavaScript:
window.scrollTo(0, 0)
Without any arguments.</msg>
[...]
<doc>Calls the named method of the given object with the provided arguments.</doc>
<msg timestamp="20230801 10:12:20.028" level="INFO">${var} = {'browserName': 'chrome', 'pageLoadStrategy': 'normal', 'goog:chromeOptions': {'extensions': [], 'args': ['headless', '--no-sandbox', 'disable-gpu', '--ignore-certificate-errors', '--window-size=1920,...</msg>
<status status="PASS" starttime="20230801 10:12:20.028" endtime="20230801 10:12:20.028"/>
</kw>
<kw name="Create Webdriver" library="SeleniumLibrary">
<arg>driver_name=Chrome</arg>
<arg>alias=google</arg>
<arg>chrome_options=${chrome_options}</arg>
<doc>Creates an instance of Selenium WebDriver.</doc>
<msg timestamp="20230801 10:12:20.029" level="INFO">Creating an instance of the Chrome WebDriver.</msg>
<msg timestamp="20230801 10:12:20.029" level="INFO">Applicable driver not found; attempting to install with Selenium Manager (Beta)</msg>
<status status="PASS" starttime="20230801 10:12:20.028" endtime="20230801 10:12:20.690"/>
</kw>
<kw name="Go To" library="SeleniumLibrary">
<arg>${url}</arg>
<doc>Navigates the current browser window to the provided ``url``.</doc>
<msg timestamp="20230801 10:12:20.691" level="INFO">Opening url 'http://167.172.84.203.nip.io/'</msg>
<status status="PASS" starttime="20230801 10:12:20.690" endtime="20230801 10:12:21.376"/>
</kw>
<kw name="Maximize Browser Window" library="SeleniumLibrary">
<doc>Maximizes current browser window.</doc>
<status status="PASS" starttime="20230801 10:12:21.376" endtime="20230801 10:12:21.505"/>
</kw>
<status status="PASS" starttime="20230801 10:12:20.025" endtime="20230801 10:12:21.505"/>
</kw>
<kw name="Input Email Credential" library="web_resources">
<arg>email=${email}</arg>
<kw name="Input Text" library="SeleniumLibrary">
<arg>${email_field}</arg>
<arg>${email}</arg>
<doc>Types the given ``text`` into the text field identified by ``locator``.</doc>
<msg timestamp="20230801 10:12:21.507" level="INFO">Typing text 'admin@gmail.com' into text field '//input[@id='Email']'.</msg>
<status status="PASS" starttime="20230801 10:12:21.506" endtime="20230801 10:12:21.636"/>
</kw>
<status status="PASS" starttime="20230801 10:12:21.505" endtime="20230801 10:12:21.636"/>
</kw>
<kw name="Input Password Credential" library="web_resources">
<arg>password=${password}</arg>
<kw name="Input Password" library="SeleniumLibrary">
<arg>${password_field}</arg>
<arg>${password}</arg>
<doc>Types the given password into the text field identified by ``locator``.</doc>
<msg timestamp="20230801 10:12:21.638" level="INFO">Typing password into text field '//input[@id='password']'.</msg>
<msg timestamp="20230801 10:12:21.672" level="INFO">Temporally setting log level to: NONE</msg>
<msg timestamp="20230801 10:12:21.729" level="INFO">Log level changed from NONE to INFO.</msg>
<status status="PASS" starttime="20230801 10:12:21.637" endtime="20230801 10:12:21.729"/>
</kw>
<status status="PASS" starttime="20230801 10:12:21.637" endtime="20230801 10:12:21.729"/>
</kw>
<kw name="Click Login Button" library="web_resources">
<kw name="Click Button" library="SeleniumLibrary">
<arg>locator=${sign_in_button}</arg>
<doc>Clicks the button identified by ``locator``.</doc>
<msg timestamp="20230801 10:12:21.730" level="INFO">Clicking button '//button[@type='submit']'.</msg>
<status status="PASS" starttime="20230801 10:12:21.730" endtime="20230801 10:12:21.794"/>
</kw>
<status status="PASS" starttime="20230801 10:12:21.729" endtime="20230801 10:12:21.794"/>
</kw>
<kw name="Wait Until Page Contains" library="SeleniumLibrary">
<arg>text=${assertion_text}</arg>
<doc>Waits until ``text`` appears on the current page.</doc>
<status status="PASS" starttime="20230801 10:12:21.795" endtime="20230801 10:12:22.017"/>
</kw>
<status status="PASS" starttime="20230801 10:12:20.024" endtime="20230801 10:12:22.017"/>
</kw>
<status status="PASS" starttime="20230801 10:12:20.023" endtime="20230801 10:12:22.017"/>
</test>
<test id="s1-s5-t2" name="As Admin I can view final result of Program" line="11">
<kw name="Search bar on Program Page" library="web_resources">
<arg>target_text=Automation Title</arg>
<arg>exclude_text=Joging</arg>
<kw name="Wait Until Element Is Visible" library="SeleniumLibrary">
<arg>locator=${search_program_field}</arg>
<doc>Waits until the element ``locator`` is visible.</doc>
<status status="PASS" starttime="20230801 10:12:22.019" endtime="20230801 10:12:22.045"/>
</kw>
<kw name="Input Text" library="SeleniumLibrary">
<arg>locator=${search_program_field}</arg>
<arg>text=${target_text}</arg>
<doc>Types the given ``text`` into the text field identified by ``locator``.</doc>
<msg timestamp="20230801 10:12:22.046" level="INFO">Typing text 'Automation Title' into text field '//input[@placeholder='Search Program']'.</msg>
<status status="PASS" starttime="20230801 10:12:22.045" endtime="20230801 10:12:22.148"/>
</kw>
<kw name="Wait Until Page Does Not Contain" library="SeleniumLibrary">
<arg>text=${exclude_text}</arg>
<doc>Waits until ``text`` disappears from the current page.</doc>
<status status="PASS" starttime="20230801 10:12:22.148" endtime="20230801 10:12:23.213"/>
</kw>
<status status="PASS" starttime="20230801 10:12:22.019" endtime="20230801 10:12:23.213"/>
</kw>
<kw name="Click Element" library="SeleniumLibrary">
<arg>locator=${target_program}</arg>
<doc>Click the element identified by ``locator``.</doc>
<msg timestamp="20230801 10:12:23.214" level="INFO">Clicking element '//h5[contains(text(),'Automation Title')]'.</msg>
<status status="PASS" starttime="20230801 10:12:23.213" endtime="20230801 10:12:23.311"/>
</kw>
<kw name="Sleep" library="BuiltIn">
<arg>2s</arg>
<doc>Pauses the test executed for the given time.</doc>
<msg timestamp="20230801 10:12:25.312" level="INFO">Slept 2 seconds</msg>
<status status="PASS" starttime="20230801 10:12:23.312" endtime="20230801 10:12:25.312"/>
</kw>
<kw name="Click Element" library="SeleniumLibrary">
<arg>locator=//div[@id='rc-tabs-0-tab-3']</arg>
<doc>Click the element identified by ``locator``.</doc>
<msg timestamp="20230801 10:12:25.313" level="INFO">Clicking element '//div[@id='rc-tabs-0-tab-3']'.</msg>
<status status="PASS" starttime="20230801 10:12:25.313" endtime="20230801 10:12:25.449"/>
</kw>
<kw name="Wait Until Page Contains" library="SeleniumLibrary">
<arg>Evaluation Progress</arg>
<doc>Waits until ``text`` appears on the current page.</doc>
<status status="PASS" starttime="20230801 10:12:25.450" endtime="20230801 10:12:25.504"/>
</kw>
<status status="PASS" starttime="20230801 10:12:22.018" endtime="20230801 10:12:25.505"/>
</test>
<test id="s1-s5-t3" name="As Admin I can remove target program" line="18">
<kw name="Remove Program TalentConnect" library="web_resources">
<arg>program_title=Automation Title</arg>
<arg>exclude_program_title=Joging</arg>
<kw name="Move to Program Page" library="web_resources">
<kw name="Click Element" library="SeleniumLibrary">
<arg>locator=${program_button}</arg>
<doc>Click the element identified by ``locator``.</doc>
<msg timestamp="20230801 10:12:25.510" level="INFO">Clicking element '//img[@alt='Program Icon']'.</msg>
<status status="PASS" starttime="20230801 10:12:25.509" endtime="20230801 10:12:25.589"/>
</kw>
<kw name="Sleep" library="BuiltIn">
<arg>1s</arg>
<doc>Pauses the test executed for the given time.</doc>
<msg timestamp="20230801 10:12:26.590" level="INFO">Slept 1 second</msg>
<status status="PASS" starttime="20230801 10:12:25.590" endtime="20230801 10:12:26.590"/>
</kw>
<status status="PASS" starttime="20230801 10:12:25.509" endtime="20230801 10:12:26.590"/>
</kw>
<kw name="Search bar on Program Page" library="web_resources">
<arg>target_text=${program_title}</arg>
<arg>exclude_text=${exclude_program_title}</arg>
<kw name="Wait Until Element Is Visible" library="SeleniumLibrary">
<arg>locator=${search_program_field}</arg>
<doc>Waits until the element ``locator`` is visible.</doc>
<status status="PASS" starttime="20230801 10:12:26.591" endtime="20230801 10:12:26.611"/>
</kw>
<kw name="Input Text" library="SeleniumLibrary">
<arg>locator=${search_program_field}</arg>
<arg>text=${target_text}</arg>
<doc>Types the given ``text`` into the text field identified by ``locator``.</doc>
<msg timestamp="20230801 10:12:26.612" level="INFO">Typing text 'Automation Title' into text field '//input[@placeholder='Search Program']'.</msg>
<status status="PASS" starttime="20230801 10:12:26.611" endtime="20230801 10:12:26.697"/>
</kw>
<kw name="Wait Until Page Does Not Contain" library="SeleniumLibrary">
<arg>text=${exclude_text}</arg>
<doc>Waits until ``text`` disappears from the current page.</doc>
<status status="PASS" starttime="20230801 10:12:26.697" endtime="20230801 10:12:27.755"/>
</kw>
<status status="PASS" starttime="20230801 10:12:26.591" endtime="20230801 10:12:27.755"/>
</kw>
<kw name="Click Element" library="SeleniumLibrary">
<arg>locator=//*[name()='path' and contains(@d,'M96 184c39')]</arg>
<doc>Click the element identified by ``locator``.</doc>
<msg timestamp="20230801 10:12:27.756" level="INFO">Clicking element '//*[name()='path' and contains(@d,'M96 184c39')]'.</msg>
<status status="PASS" starttime="20230801 10:12:27.755" endtime="20230801 10:12:27.798"/>
</kw>
<kw name="Click Element" library="SeleniumLibrary">
<arg>locator=//button[normalize-space()='Delete Program']</arg>
<doc>Click the element identified by ``locator``.</doc>
<msg timestamp="20230801 10:12:27.799" level="INFO">Clicking element '//button[normalize-space()='Delete Program']'.</msg>
<status status="PASS" starttime="20230801 10:12:27.798" endtime="20230801 10:12:27.844"/>
</kw>
<kw name="Wait Until Element Is Visible" library="SeleniumLibrary">
<arg>locator=//*[@id="root"]/div[1]/div/div/div[2]/div[1]/div[4]/div/div/div[2]/button[2]</arg>
<doc>Waits until the element ``locator`` is visible.</doc>
<status status="PASS" starttime="20230801 10:12:27.844" endtime="20230801 10:12:28.081"/>
</kw>
<kw name="Click Element" library="SeleniumLibrary">
<arg>locator=//*[@id="root"]/div[1]/div/div/div[2]/div[1]/div[4]/div/div/div[2]/button[2]</arg>
<doc>Click the element identified by ``locator``.</doc>
<msg timestamp="20230801 10:12:28.082" level="INFO">Clicking element '//*[@id="root"]/div[1]/div/div/div[2]/div[1]/div[4]/div/div/div[2]/button[2]'.</msg>
<status status="PASS" starttime="20230801 10:12:28.081" endtime="20230801 10:12:28.224"/>
</kw>
<status status="PASS" starttime="20230801 10:12:25.508" endtime="20230801 10:12:28.225"/>
</kw>
<status status="PASS" starttime="20230801 10:12:25.508" endtime="20230801 10:12:28.225"/>
</test>
<test id="s1-s5-t4" name="As Admin I can remove evaluation aspect" line="21">
<kw name="Remove Evaluation Aspect" library="web_resources">
<kw name="Move to Evaluation Scoring Page" library="web_resources">
<kw name="Click Element" library="SeleniumLibrary">
<arg>locator=${evaluation_scoring_button}</arg>
<doc>Click the element identified by ``locator``.</doc>
<msg timestamp="20230801 10:12:28.228" level="INFO">Clicking element '//img[@alt='Evaluation Scoring Icon']'.</msg>
<status status="PASS" starttime="20230801 10:12:28.227" endtime="20230801 10:12:28.353"/>
</kw>
<kw name="Wait Until Page Contains" library="SeleniumLibrary">
<arg>text=Evaluation Aspects</arg>
<doc>Waits until ``text`` appears on the current page.</doc>
<status status="PASS" starttime="20230801 10:12:28.353" endtime="20230801 10:12:28.369"/>
</kw>
<status status="PASS" starttime="20230801 10:12:28.227" endtime="20230801 10:12:28.369"/>
</kw>
<kw name="Execute Javascript" library="SeleniumLibrary">
<arg>window.scrollBy(0, 200)</arg>
<doc>Executes the given JavaScript code with possible arguments.</doc>
<msg timestamp="20230801 10:12:28.370" level="INFO">Executing JavaScript:
window.scrollBy(0, 200)
Without any arguments.</msg>
<status status="PASS" starttime="20230801 10:12:28.370" endtime="20230801 10:12:28.384"/>
</kw>
<kw name="Sleep" library="BuiltIn">
<arg>1s</arg>
<doc>Pauses the test executed for the given time.</doc>
<msg timestamp="20230801 10:12:29.385" level="INFO">Slept 1 second</msg>
<status status="PASS" starttime="20230801 10:12:28.384" endtime="20230801 10:12:29.385"/>
</kw>
<kw name="Click Element" library="SeleniumLibrary">
<arg>//div[6]//div[1]//div[5]//div[1]//label[1]//*[name()='svg']</arg>
<doc>Click the element identified by ``locator``.</doc>
<msg timestamp="20230801 10:12:29.386" level="INFO">Clicking element '//div[6]//div[1]//div[5]//div[1]//label[1]//*[name()='svg']'.</msg>
<status status="PASS" starttime="20230801 10:12:29.385" endtime="20230801 10:12:29.431"/>
</kw>
<kw name="Sleep" library="BuiltIn">
<arg>1s</arg>
<doc>Pauses the test executed for the given time.</doc>
<msg timestamp="20230801 10:12:30.432" level="INFO">Slept 1 second</msg>
<status status="PASS" starttime="20230801 10:12:29.431" endtime="20230801 10:12:30.432"/>
</kw>
<kw name="Click Element" library="SeleniumLibrary">
<arg>//button[normalize-space()='Delete Evaluation Aspect']</arg>
<doc>Click the element identified by ``locator``.</doc>
<msg timestamp="20230801 10:12:30.432" level="INFO">Clicking element '//button[normalize-space()='Delete Evaluation Aspect']'.</msg>
<status status="PASS" starttime="20230801 10:12:30.432" endtime="20230801 10:12:30.481"/>
</kw>
<kw name="Sleep" library="BuiltIn">
<arg>1s</arg>
<doc>Pauses the test executed for the given time.</doc>
<msg timestamp="20230801 10:12:31.482" level="INFO">Slept 1 second</msg>
<status status="PASS" starttime="20230801 10:12:30.481" endtime="20230801 10:12:31.482"/>
</kw>
<kw name="Click Element" library="SeleniumLibrary">
<arg>//*[@id="rc-tabs-0-panel-1"]/div/div/div[1]/div/div[6]/div/div[5]/div[2]/div/div/div[2]/button[2]</arg>
<doc>Click the element identified by ``locator``.</doc>
<msg timestamp="20230801 10:12:31.482" level="INFO">Clicking element '//*[@id="rc-tabs-0-panel-1"]/div/div/div[1]/div/div[6]/div/div[5]/div[2]/div/div/div[2]/button[2]'.</msg>
<status status="PASS" starttime="20230801 10:12:31.482" endtime="20230801 10:12:31.618"/>
</kw>
<kw name="Sleep" library="BuiltIn">
<arg>1s</arg>
<doc>Pauses the test executed for the given time.</doc>
<msg timestamp="20230801 10:12:32.619" level="INFO">Slept 1 second</msg>
<status status="PASS" starttime="20230801 10:12:31.618" endtime="20230801 10:12:32.619"/>
</kw>
<status status="PASS" starttime="20230801 10:12:28.226" endtime="20230801 10:12:32.619"/>
</kw>
<status status="PASS" starttime="20230801 10:12:28.225" endtime="20230801 10:12:32.619"/>
</test>
<test id="s1-s5-t5" name="As Admin I can remove evaluation category" line="24">
<kw name="Remove Evaluation Category" library="web_resources">
<kw name="Scroll into end of page" library="web_resources">
<kw name="Execute Javascript" library="SeleniumLibrary">
<arg>window.scrollTo(0, document.body.scrollHeight)</arg>
<doc>Executes the given JavaScript code with possible arguments.</doc>
<msg timestamp="20230801 10:12:32.622" level="INFO">Executing JavaScript:
window.scrollTo(0, document.body.scrollHeight)
Without any arguments.</msg>
<status status="PASS" starttime="20230801 10:12:32.621" endtime="20230801 10:12:32.630"/>
</kw>
<kw name="Sleep" library="BuiltIn">
<arg>1s</arg>
<doc>Pauses the test executed for the given time.</doc>
<msg timestamp="20230801 10:12:33.630" level="INFO">Slept 1 second</msg>
<status status="PASS" starttime="20230801 10:12:32.630" endtime="20230801 10:12:33.630"/>
</kw>
<status status="PASS" starttime="20230801 10:12:32.621" endtime="20230801 10:12:33.631"/>
</kw>
<kw name="Click Element" library="SeleniumLibrary">
<arg>//div[6]//div[1]//div[2]//div[1]//label[1]//*[name()='svg']//*[name()='path' and contains(@d,'M96 184c39')]</arg>
<doc>Click the element identified by ``locator``.</doc>
<msg timestamp="20230801 10:12:33.631" level="INFO">Clicking element '//div[6]//div[1]//div[2]//div[1]//label[1]//*[name()='svg']//*[name()='path' and contains(@d,'M96 184c39')]'.</msg>
<status status="PASS" starttime="20230801 10:12:33.631" endtime="20230801 10:12:33.675"/>
</kw>
<kw name="Sleep" library="BuiltIn">
<arg>1s</arg>
<doc>Pauses the test executed for the given time.</doc>
<msg timestamp="20230801 10:12:34.675" level="INFO">Slept 1 second</msg>
<status status="PASS" starttime="20230801 10:12:33.675" endtime="20230801 10:12:34.675"/>
</kw>
<kw name="Click Element" library="SeleniumLibrary">
<arg>//button[normalize-space()='Delete Evaluation Category']</arg>
<doc>Click the element identified by ``locator``.</doc>
<msg timestamp="20230801 10:12:34.676" level="INFO">Clicking element '//button[normalize-space()='Delete Evaluation Category']'.</msg>
<status status="PASS" starttime="20230801 10:12:34.676" endtime="20230801 10:12:34.722"/>
</kw>
<kw name="Sleep" library="BuiltIn">
<arg>1s</arg>
<doc>Pauses the test executed for the given time.</doc>
<msg timestamp="20230801 10:12:35.722" level="INFO">Slept 1 second</msg>
<status status="PASS" starttime="20230801 10:12:34.722" endtime="20230801 10:12:35.722"/>
</kw>
<kw name="Click Element" library="SeleniumLibrary">
<arg>//*[@id="rc-tabs-0-panel-1"]/div/div/div[2]/div/div[6]/div/div[2]/div[2]/div/div/div[2]/button[2]</arg>
<doc>Click the element identified by ``locator``.</doc>
<msg timestamp="20230801 10:12:35.723" level="INFO">Clicking element '//*[@id="rc-tabs-0-panel-1"]/div/div/div[2]/div/div[6]/div/div[2]/div[2]/div/div/div[2]/button[2]'.</msg>
<status status="PASS" starttime="20230801 10:12:35.722" endtime="20230801 10:12:35.847"/>
</kw>
<kw name="Sleep" library="BuiltIn">
<arg>1s</arg>
<doc>Pauses the test executed for the given time.</doc>
<msg timestamp="20230801 10:12:36.848" level="INFO">Slept 1 second</msg>
<status status="PASS" starttime="20230801 10:12:35.847" endtime="20230801 10:12:36.848"/>
</kw>
<status status="PASS" starttime="20230801 10:12:32.621" endtime="20230801 10:12:36.848"/>
</kw>
<status status="PASS" starttime="20230801 10:12:32.620" endtime="20230801 10:12:36.848"/>
</test>
<test id="s1-s5-t6" name="As Admin I can perform Logout" line="27">
<kw name="Click Logout Button" library="web_resources">
<kw name="Click Element" library="SeleniumLibrary">
<arg>locator=${logout_button}</arg>
<doc>Click the element identified by ``locator``.</doc>
<msg timestamp="20230801 10:12:36.850" level="INFO">Clicking element '//img[@alt='Profile Icon']'.</msg>
<status status="PASS" starttime="20230801 10:12:36.850" endtime="20230801 10:12:36.931"/>
</kw>
<kw name="Sleep" library="BuiltIn">
<arg>1s</arg>
<doc>Pauses the test executed for the given time.</doc>
<msg timestamp="20230801 10:12:37.932" level="INFO">Slept 1 second</msg>
<status status="PASS" starttime="20230801 10:12:36.931" endtime="20230801 10:12:37.932"/>
</kw>
<kw name="Close Browser" library="SeleniumLibrary">
<doc>Closes the current browser.</doc>
<status status="PASS" starttime="20230801 10:12:37.932" endtime="20230801 10:12:37.992"/>
</kw>
<status status="PASS" starttime="20230801 10:12:36.849" endtime="20230801 10:12:37.992"/>
</kw>
<status status="PASS" starttime="20230801 10:12:36.849" endtime="20230801 10:12:37.993"/>
</test>
<status status="PASS" starttime="20230801 10:12:20.014" endtime="20230801 10:12:37.994"/>
</suite>
<status status="PASS" starttime="20230801 10:09:38.631" endtime="20230801 10:12:37.997"/>
</suite>
<statistics>
<total>
<stat pass="49" fail="0" skip="0">All Tests</stat>
</total>
<tag>
</tag>
<suite>
<stat pass="49" fail="0" skip="0" id="s1" name="Web-Version">Web-Version</stat>
<stat pass="19" fail="0" skip="0" id="s1-s1" name="1-Admin Test Case">Web-Version.1-Admin Test Case</stat>
<stat pass="6" fail="0" skip="0" id="s1-s2" name="2-Mentor Test Case">Web-Version.2-Mentor Test Case</stat>
<stat pass="8" fail="0" skip="0" id="s1-s3" name="3-Judges Test Case">Web-Version.3-Judges Test Case</stat>
<stat pass="10" fail="0" skip="0" id="s1-s4" name="4-Mentee Test Case">Web-Version.4-Mentee Test Case</stat>
<stat pass="6" fail="0" skip="0" id="s1-s5" name="5-Cleaner Test Case">Web-Version.5-Cleaner Test Case</stat>
</suite>
</statistics>
<errors>
</errors>
</robot>
